=~=~=~=~=~=~=~=~=~=~=~= PuTTY log 2024.04.25 11:11:11 =~=~=~=~=~=~=~=~=~=~=~=
 23670 1425   99 
 23671 1415  113 
 23672 1428  111 
 23673 1438   89 
 23674 1416  105 
 23675 1427  109 
 23676 1432   95 
 23677 1427   97 
 23678 1416  107 
 23679 1406   91 
 23680 1442  115 
 23681 1419  100 
 23682 1421  107 
 23683 1433   91 
 23684 1429  100 
 23685 1434  120 
 23686 1422  105 
 23687 1424  114 
 23688 1434  110 
 23689 1440  123 
 23690 1425  103 
 23691 1418  106 
 23692 1450  112 
 23693 1435  103 
 23694 1447  107 
 23695 1418  111 
 23696 1439  120 
 23697 1402  112 
 23698 1418   98 
 23699 1398  109 
 23700 1416  117 
 23701 1425   94 
 23702 1425  104 
 23703 1416  102 
 23704 1430   82 
 23705 1430  116 
 23706 1419   98 
 23707 1448   99 
 23708 1393  102 
 23709 1415  119 
 23710 1416  115 
 23711 1436  107 
 23712 1443   77 
 23713 1399   99 
 23714 1425  118 
 23715 1433  107 
 23716 1390  108 
 23717 1426  117 
 23718 1425  123 
 23719 1412  114 
 23720 1446  120 
 23721 1440  116 
 23722 1425  101 
 23723 1417  113 
 23724 1423  104 
 23725 1434  125 
 23726 1426  107 
 23727 1428  111 
 23728 1437   97 
 23729 1426  109 
 23730 1442  104 
 23731 1434  107 
 23732 1421   88 
 23733 1443  102 
 23734 1429   97 
 23735 1425  106 
 23736 1403   99 
 23737 1442  104 
 23738 1428   86 
 23739 1421   87 
 23740 1422   84 
 23741 1414  107 
 23742 1421  105 
 23743 1421  112 
 23744 1417   86 
 23745 1432  104 
 23746 1437  114 
 23747 1424   93 
 23748 1445  101 
 23749 1427  112 
 23750 1409  103 
 23751 1434  108 
 23752 1442   93 
 23753 1444  105 
 23754 1399   92 
 23755 1439  106 
 23756 1438  110 
 23757 1423  106 
 23758 1442  126 
 23759 1429   91 
 23760 1444   93 
 23761 1425  106 
 23762 1443   98 
 23763 1408   93 
 23764 1425   97 
 23765 1442  105 
 23766 1408   90 
 23767 1446  122 
 23768 1407   97 
 23769 1426  105 
 23770 1442  106 
 23771 1430  120 
 23772 1432  104 
 23773 1441   70 
 23774 1416  102 
 23775 1441  118 
 23776 1442  122 
 23777 1402  104 
 23778 1444  104 
 23779 1412   97 
 23780 1439  110 
 23781 1409   91 
 23782 1409   98 
 23783 1398   94 
 23784 1407  118 
 23785 1390  109 
 23786 1428  122 
 23787 1428  102 
 23788 1442   85 
 23789 1423  110 
 23790 1431   92 
 23791 1439   83 
 23792 1427  120 
 23793 1419  102 
 23794 1441  116 
 23795 1436  109 
 23796 1421  102 
 23797 1402   90 
 23798 1406  103 
 23799 1426   97 
 23800 1431  110 
 23801 1441  105 
 23802 1442   97 
 23803 1442  111 
 23804 1431  117 
 23805 1435  116 
 23806 1433   91 
 23807 1437  104 
 23808 1415  114 
 23809 1449  115 
 23810 1425  100 
 23811 1442   99 
 23812 1430   99 
 23813 1424  105 
 23814 1436   84 
 23815 1416  114 
 23816 1420   91 
 23817 1415   90 
 23818 1442  107 
 23819 1446   90 
 23820 1419  110 
 23821 1440  116 
 23822 1443  109 
 23823 1407  105 
 23824 1439  112 
 23825 1428  110 
 23826 1435  111 
 23827 1417  104 
 23828 1429  121 
 23829 1396  100 
 23830 1442   99 
 23831 1427  122 
 23832 1418  110 
 23833 1423  105 
 23834 1433  109 
 23835 1432  128 
 23836 1421   93 
 23837 1435  117 
 23838 1425   90 
 23839 1426   87 
 23840 1441   99 
 23841 1414  113 
 23842 1426  103 
 23843 1451  101 
 23844 1420   78 
 23845 1425  114 
 23846 1433  120 
 23847 1436  113 
 23848 1418  109 
 23849 1444  110 
 23850 1393   95 
 23851 1440   98 
 23852 1442  114 
 23853 1438  112 
 23854 1433  114 
 23855 1420  104 
 23856 1432   91 
 23857 1435   94 
 23858 1434  119 
 23859 1396   90 
 23860 1438   98 
 23861 1434   84 
 23862 1438   99 
 23863 1425  113 
 23864 1430  103 
 23865 1421  103 
 23866 1439  102 
 23867 1426  104 
 23868 1430  113 
 23869 1431   97 
 23870 1429   99 
 23871 1432  112 
 23872 1427  102 
 23873 1431  110 
 23874 1421  107 
 23875 1432  104 
 23876 1438  106 
 23877 1425  111 
 23878 1431  104 
 23879 1418  114 
 23880 1408   94 
 23881 1422  101 
 23882 1404  111 
 23883 1438  116 
 23884 1441  117 
 23885 1438  103 
 23886 1399   88 
 23887 1444  117 
 23888 1429  101 
 23889 1440  110 
 23890 1421  119 
 23891 1431  114 
 23892 1427  108 
 23893 1424  104 
 23894 1427  109 
 23895 1440   98 
 23896 1430  103 
 23897 1432   90 
 23898 1434  109 
 23899 1421  106 
 23900 1418  105 
 23901 1442   99 
 23902 1429   98 
 23903 1437   98 
 23904 1419   96 
 23905 1429  116 
 23906 1426  115 
 23907 1422   97 
 23908 1422  102 
 23909 1417  103 
 23910 1429   90 
 23911 1436  123 
 23912 1427  113 
 23913 1433  100 
 23914 1419  107 
 23915 1422  100 
 23916 1446  115 
 23917 1416  116 
 23918 1439   98 
 23919 1421  119 
 23920 1442   98 
 23921 1421  110 
 23922 1444  103 
 23923 1417  109 
 23924 1419   91 
 23925 1415  112 
 23926 1412   96 
 23927 1441  105 
 23928 1435  108 
 23929 1430  105 
 23930 1445  115 
 23931 1415  105 
 23932 1443  106 
 23933 1434  106 
 23934 1438  111 
 23935 1431  109 
 23936 1436  121 
 23937 1426  110 
 23938 1431  122 
 23939 1422  114 
 23940 1427  120 
 23941 1431  104 
 23942 1415   88 
 23943 1431  117 
 23944 1441  107 
 23945 1438   99 
 23946 1429  101 
 23947 1436   94 
 23948 1398  114 
 23949 1386  105 
 23950 1442  107 
 23951 1434  110 
 23952 1403  104 
 23953 1403  108 
 23954 1427  126 
 23955 1427   89 
 23956 1396  116 
 23957 1440  104 
 23958 1411   93 
 23959 1437   95 
 23960 1416  117 
 23961 1435  107 
 23962 1442  116 
 23963 1429  108 
 23964 1417  115 
 23965 1387   95 
 23966 1445  106 
 23967 1399  114 
 23968 1430  117 
 23969 1402   96 
 23970 1432  109 
 23971 1440  106 
 23972 1418  104 
 23973 1421   98 
 23974 1411   94 
 23975 1427   86 
 23976 1428   95 
 23977 1433   95 
 23978 1421   96 
 23979 1423  120 
 23980 1428  114 
 23981 1397  106 
 23982 1412  103 
 23983 1439   98 
 23984 1427  117 
 23985 1436  109 
 23986 1430  101 
 23987 1418   92 
 23988 1423  105 
 23989 1438   91 
 23990 1440  102 
 23991 1435  115 
 23992 1437  103 
 23993 1425  102 
 23994 1444  102 
 23995 1419  101 
 23996 1431  108 
 23997 1436  106 
 23998 1430  116 
 23999 1442  111 
 24000 1440  103 
 24001 1410  121 
 24002 1406  107 
 24003 1429   93 
 24004 1427  106 
 24005 1429  101 
 24006 1362  110 
 24007 1349  110 
 24008 1264  118 
 24009 1228  128 
 24010 1187  122 
 24011 1119  124 
 24012 1161  131 
 24013 1150   96 
 24014 1183  125 
 24015 1254  133 
 24016 1314  121 
 24017 1364  123 
 24018 1428  130 
 24019 1475  115 
 24020 1550  140 
 24021 1586  114 
 24022 1601  126 
 24023 1633  133 
 24024 1640  136 
 24025 1626  126 
 24026 1644  122 
 24027 1649  123 
 24028 1587  125 
 24029 1600  135 
 24030 1573  137 
 24031 1553  135 
 24032 1486  141 
 24033 1534  127 
 24034 1498  138 
 24035 1467  127 
 24036 1445  121 
 24037 1421  137 
 24038 1416  134 
 24039 1434  124 
 24040 1424  134 
 24041 1394  128 
 24042 1385  134 
 24043 1397  145 
 24044 1374  131 
 24045 1410  127 
 24046 1419  143 
 24047 1400  138 
 24048 1410  147 
 24049 1372  142 
 24050 1395  150 
 24051 1414  145 
 24052 1383  133 
 24053 1379  140 
 24054 1379  136 
 24055 1397  140 
 24056 1417  123 
 24057 1423  150 
 24058 1415  146 
 24059 1415  142 
 24060 1409  148 
 24061 1391  140 
 24062 1409  135 
 24063 1417  131 
 24064 1418  148 
 24065 1415  140 
 24066 1387  154 
 24067 1410  143 
 24068 1412  133 
 24069 1426  149 
 24070 1397  137 
 24071 1411  151 
 24072 1404  136 
 24073 1413  141 
 24074 1423  128 
 24075 1419  151 
 24076 1425  155 
 24077 1419  147 
 24078 1432  160 
 24079 1417  137 
 24080 1417  151 
 24081 1377  146 
 24082 1430  147 
 24083 1423  165 
 24084 1419  131 
 24085 1379  155 
 24086 1369  159 
 24087 1397  139 
 24088 1401  161 
 24089 1410  153 
 24090 1398  126 
 24091 1396  152 
 24092 1413  163 
 24093 1406  159 
 24094 1401  145 
 24095 1423  154 
 24096 1424  151 
 24097 1428  151 
 24098 1441  168 
 24099 1438  162 
 24100 1425  154 
 24101 1454  149 
 24102 1435  158 
 24103 1424  151 
 24104 1406  147 
 24105 1393  162 
 24106 1371  176 
 24107 1356  150 
 24108 1369  157 
 24109 1333  163 
 24110 1371  164 
 24111 1349  160 
 24112 1405  160 
 24113 1397  146 
 24114 1404  167 
 24115 1403  179 
 24116 1397  171 
 24117 1393  174 
 24118 1427  172 
 24119 1436  162 
 24120 1429  167 
 24121 1417  165 
 24122 1429  163 
 24123 1440  162 
 24124 1410  170 
 24125 1431  183 
 24126 1391  179 
 24127 1399  170 
 24128 1419  167 
 24129 1377  147 
 24130 1410  178 
 24131 1423  178 
 24132 1420  182 
 24133 1400  178 
 24134 1411  180 
 24135 1431  182 
 24136 1396  177 
 24137 1374  167 
 24138 1411  193 
 24139 1415  180 
 24140 1414  173 
 24141 1411  181 
 24142 1423  170 
 24143 1416  168 
 24144 1430  191 
 24145 1456  184 
 24146 1460  182 
 24147 1426  189 
 24148 1430  193 
 24149 1453  184 
 24150 1434  176 
 24151 1425  195 
 24152 1444  191 
 24153 1427  191 
 24154 1413  183 
 24155 1401  191 
 24156 1424  183 
 24157 1396  181 
 24158 1419  186 
 24159 1401  193 
 24160 1405  193 
 24161 1401  192 
 24162 1412  197 
 24163 1408  195 
 24164 1395  188 
 24165 1409  201 
 24166 1394  204 
 24167 1378  176 
 24168 1403  179 
 24169 1405  193 
 24170 1420  197 
 24171 1384  198 
 24172 1378  190 
 24173 1424  195 
 24174 1385  197 
 24175 1418  190 
 24176 1408  214 
 24177 1439  195 
 24178 1419  211 
 24179 1435  199 
 24180 1444  190 
 24181 1447  210 
 24182 1420  210 
 24183 1436  207 
 24184 1406  193 
 24185 1402  224 
 24186 1395  212 
 24187 1402  206 
 24188 1406  197 
 24189 1393  214 
 24190 1410  180 
 24191 1425  229 
 24192 1427  217 
 24193 1432  200 
 24194 1441  208 
 24195 1432  216 
 24196 1430  220 
 24197 1403  225 
 24198 1409  230 
 24199 1402  219 
 24200 1368  228 
 24201 1385  232 
 24202 1369  222 
 24203 1374  234 
 24204 1374  239 
 24205 1387  225 
 24206 1407  228 
 24207 1406  226 
 24208 1429  233 
 24209 1409  223 
 24210 1417  239 
 24211 1430  221 
 24212 1421  244 
 24213 1389  240 
 24214 1411  229 
 24215 1441  236 
 24216 1430  219 
 24217 1392  231 
 24218 1435  223 
 24219 1404  239 
 24220 1431  236 
 24221 1405  243 
 24222 1412  245 
 24223 1417  242 
 24224 1414  237 
 24225 1410  233 
 24226 1398  233 
 24227 1433  231 
 24228 1393  233 
 24229 1417  242 
 24230 1404  248 
 24231 1381  256 
 24232 1405  237 
 24233 1394  246 
 24234 1413  239 
 24235 1380  246 
 24236 1359  252 
 24237 1327  252 
 24238 1346  238 
 24239 1395  268 
 24240 1421  248 
 24241 1408  265 
 24242 1454  259 
 24243 1468  268 
 24244 1488  240 
 24245 1455  256 
 24246 1507  261 
 24247 1463  253 
 24248 1464  255 
 24249 1458  271 
 24250 1463  238 
 24251 1426  263 
 24252 1426  267 
 24253 1424  268 
 24254 1427  240 
 24255 1432  270 
 24256 1434  257 
 24257 1430  245 
 24258 1410  261 
 24259 1434  275 
 24260 1415  278 
 24261 1395  282 
 24262 1420  269 
 24263 1427  256 
 24264 1412  288 
 24265 1407  268 
 24266 1434  279 
 24267 1386  286 
 24268 1391  275 
 24269 1366  284 
 24270 1359  285 
 24271 1370  281 
 24272 1374  278 
 24273 1389  283 
 24274 1403  278 
 24275 1391  286 
 24276 1405  273 
 24277 1417  262 
 24278 1441  272 
 24279 1437  273 
 24280 1444  271 
 24281 1442  288 
 24282 1421  273 
 24283 1415  287 
 24284 1426  283 
 24285 1432  293 
 24286 1435  296 
 24287 1440  289 
 24288 1437  287 
 24289 1428  304 
 24290 1414  290 
 24291 1416  289 
 24292 1411  302 
 24293 1402  307 
 24294 1415  307 
 24295 1402  288 
 24296 1405  299 
 24297 1427  308 
 24298 1427  307 
 24299 1417  302 
 24300 1400  285 
 24301 1387  309 
 24302 1363  313 
 24303 1347  304 
 24304 1346  321 
 24305 1352  306 
 24306 1355  323 
 24307 1364  314 
 24308 1393  295 
 24309 1379  307 
 24310 1413  327 
 24311 1455  332 
 24312 1470  326 
 24313 1442  329 
 24314 1434  314 
 24315 1449  325 
 24316 1437  327 
 24317 1439  314 
 24318 1443  318 
 24319 1442  316 
 24320 1425  327 
 24321 1446  330 
 24322 1434  296 
 24323 1417  319 
 24324 1413  329 
 24325 1409  342 
 24326 1428  318 
 24327 1430  324 
 24328 1441  312 
 24329 1454  331 
 24330 1460  329 
 24331 1415  335 
 24332 1406  345 
 24333 1370  346 
 24334 1363  343 
 24335 1365  351 
 24336 1330  348 
 24337 1382  348 
 24338 1375  351 
 24339 1381  328 
 24340 1379  350 
 24341 1405  344 
 24342 1427  362 
 24343 1419  336 
 24344 1454  332 
 24345 1462  334 
 24346 1470  340 
 24347 1484  353 
 24348 1458  358 
 24349 1444  348 
 24350 1438  351 
 24351 1407  365 
 24352 1455  350 
 24353 1444  354 
 24354 1409  364 
 24355 1414  364 
 24356 1421  365 
 24357 1395  351 
 24358 1429  313 
 24359 1403  378 
 24360 1439  376 
 24361 1392  354 
 24362 1434  382 
 24363 1441  385 
 24364 1388  379 
 24365 1393  387 
 24366 1366  369 
 24367 1360  388 
 24368 1356  372 
 24369 1382  382 
 24370 1356  388 
 24371 1384  379 
 24372 1412  385 
 24373 1386  386 
 24374 1428  395 
 24375 1405  373 
 24376 1439  368 
 24377 1442  386 
 24378 1420  390 
 24379 1450  397 
 24380 1472  406 
 24381 1468  386 
 24382 1457  381 
 24383 1441  378 
 24384 1437  382 
 24385 1435  394 
 24386 1423  402 
 24387 1437  386 
 24388 1423  398 
 24389 1390  390 
 24390 1404  410 
 24391 1407  410 
 24392 1380  402 
 24393 1419  413 
 24394 1406  398 
 24395 1397  385 
 24396 1413  405 
 24397 1433  418 
 24398 1407  407 
 24399 1370  401 
 24400 1343  421 
 24401 1340  424 
 24402 1345  429 
 24403 1357  402 
 24404 1370  409 
 24405 1375  413 
 24406 1414  414 
 24407 1400  418 
 24408 1407  417 
 24409 1442  418 
 24410 1465  424 
 24411 1481  424 
 24412 1511  410 
 24413 1478  422 
 24414 1490  417 
 24415 1445  420 
 24416 1426  437 
 24417 1435  432 
 24418 1439  416 
 24419 1437  413 
 24420 1426  440 
 24421 1416  440 
 24422 1418  451 
 24423 1416  434 
 24424 1409  435 
 24425 1411  442 
 24426 1412  439 
 24427 1415  448 
 24428 1381  438 
 24429 1421  453 
 24430 1412  458 
 24431 1417  453 
 24432 1416  452 
 24433 1416  453 
 24434 1402  448 
 24435 1356  460 
 24436 1332  469 
 24437 1343  470 
 24438 1349  457 
 24439 1370  461 
 24440 1377  457 
 24441 1368  469 
 24442 1401  447 
 24443 1391  477 
 24444 1417  478 
 24445 1433  474 
 24446 1449  472 
 24447 1438  483 
 24448 1494  467 
 24449 1486  475 
 24450 1486  480 
 24451 1479  484 
 24452 1489  480 
 24453 1458  465 
 24454 1440  478 
 24455 1464  482 
 24456 1444  483 
 24457 1435  496 
 24458 1438  492 
 24459 1410  502 
 24460 1440  506 
 24461 1418  480 
 24462 1437  479 
 24463 1398  497 
 24464 1418  511 
 24465 1440  492 
 24466 1439  489 
 24467 1412  476 
 24468 1403  507 
 24469 1431  493 
 24470 1373  511 
 24471 1333  496 
 24472 1304  515 
 24473 1271  512 
 24474 1281  503 
 24475 1316  509 
 24476 1345  507 
 24477 1372  515 
 24478 1383  509 
 24479 1419  526 
 24480 1466  519 
 24481 1494  528 
 24482 1464  512 
 24483 1481  533 
 24484 1468  531 
 24485 1495  494 
 24486 1464  508 
 24487 1473  537 
 24488 1484  515 
 24489 1453  540 
 24490 1442  535 
 24491 1478  540 
 24492 1426  535 
 24493 1456  517 
 24494 1423  528 
 24495 1438  539 
 24496 1392  519 
 24497 1423  531 
 24498 1419  543 
 24499 1420  552 
 24500 1422  545 
 24501 1427  524 
 24502 1406  534 
 24503 1414  547 
 24504 1369  551 
 24505 1289  546 
 24506 1277  553 
 24507 1259  556 
 24508 1249  574 
 24509 1252  526 
 24510 1318  558 
 24511 1346  550 
 24512 1389  566 
 24513 1415  563 
 24514 1447  586 
 24515 1481  574 
 24516 1519  582 
 24517 1511  587 
 24518 1532  580 
 24519 1527  586 
 24520 1504  563 
 24521 1514  574 
 24522 1516  576 
 24523 1484  562 
 24524 1496  577 
 24525 1447  589 
 24526 1468  583 
 24527 1459  582 
 24528 1426  595 
 24529 1440  592 
 24530 1454  587 
 24531 1458  584 
 24532 1435  595 
 24533 1431  600 
 24534 1417  604 
 24535 1452  599 
 24536 1424  607 
 24537 1419  596 
 24538 1434  596 
 24539 1427  606 
 24540 1382  607 
 24541 1324  608 
 24542 1245  623 
 24543 1174  620 
 24544 1133  623 
 24545 1140  627 
 24546 1173  631 
 24547 1179  604 
 24548 1277  624 
 24549 1353  637 
 24550 1417  615 
 24551 1454  644 
 24552 1510  634 
 24553 1526  626 
 24554 1579  633 
 24555 1587  629 
 24556 1533  630 
 24557 1546  634 
 24558 1507  638 
 24559 1545  631 
 24560 1533  636 
 24561 1479  639 
 24562 1488  617 
 24563 1499  654 
 24564 1480  643 
 24565 1480  656 
 24566 1480  643 
 24567 1454  634 
 24568 1483  637 
 24569 1465  633 
 24570 1483  659 
 24571 1477  640 
 24572 1473  639 
 24573 1465  625 
 24574 1501  626 
 24575 1489  654 
 24576 1460  658 
 24577 1391  671 
 24578 1238  662 
 24579 1142  665 
 24580  997  658 
 24581  912  676 
 24582  910  686 
 24583  921  686 
 24584  959  679 
 24585 1083  669 
 24586 1200  688 
 24587 1311  672 
 24588 1429  686 
 24589 1584  697 
 24590 1638  677 
 24591 1744  663 
 24592 1789  687 
 24593 1807  685 
 24594 1787  682 
 24595 1741  705 
 24596 1701  669 
 24597 1644  679 
 24598 1612  710 
 24599 1576  702 
 24600 1546  692 
 24601 1552  688 
 24602 1565  712 
 24603 1547  704 
 24604 1535  704 
 24605 1566  703 
 24606 1530  709 
 24607 1479  724 
 24608 1427  687 
 24609 1375  708 
 24610 1332  702 
 24611 1299  712 
 24612 1239  727 
 24613 1230  715 
 24614 1147  727 
 24615 1055  714 
 24616  968  727 
 24617  885  727 
 24618  827  730 
 24619  827  736 
 24620  883  723 
 24621 1040  719 
 24622 1146  723 
 24623 1321  739 
 24624 1463  750 
 24625 1621  751 
 24626 1745  729 
 24627 1834  730 
 24628 1916  736 
 24629 1948  765 
 24630 1974  765 
 24631 1937  745 
 24632 1891  765 
 24633 1831  762 
 24634 1778  737 
 24635 1681  767 
 24636 1596  754 
 24637 1538  748 
 24638 1441  774 
 24639 1390  774 
 24640 1363  759 
 24641 1317  764 
 24642 1282  758 
 24643 1286  765 
 24644 1260  764 
 24645 1267  767 
 24646 1239  758 
 24647 1214  748 
 24648 1187  782 
 24649 1081  792 
 24650  968  778 
 24651  949  801 
 24652  907  798 
 24653  908  782 
 24654  978  785 
 24655 1067  793 
 24656 1174  788 
 24657 1295  804 
 24658 1429  825 
 24659 1542  817 
 24660 1676  797 
 24661 1752  818 
 24662 1896  820 
 24663 1949  828 
 24664 1980  789 
 24665 1959  802 
 24666 1959  814 
 24667 1841  803 
 24668 1787  800 
 24669 1657  788 
 24670 1559  837 
 24671 1486  813 
 24672 1406  822 
 24673 1338  832 
 24674 1283  819 
 24675 1268  829 
 24676 1250  839 
 24677 1244  823 
 24678 1238  824 
 24679 1254  829 
 24680 1267  822 
 24681 1277  827 
 24682 1261  818 
 24683 1292  840 
 24684 1275  837 
 24685 1212  860 
 24686 1121  842 
 24687 1057  862 
 24688 1017  868 
 24689 1018  853 
 24690 1081  858 
 24691 1141  850 
 24692 1278  858 
 24693 1399  836 
 24694 1519  878 
 24695 1653  851 
 24696 1754  859 
 24697 1855  867 
 24698 1898  861 
 24699 1964  852 
 24700 1914  888 
 24701 1816  874 
 24702 1761  882 
 24703 1675  898 
 24704 1548  882 
 24705 1460  876 
 24706 1389  894 
 24707 1348  896 
 24708 1307  895 
 24709 1297  894 
 24710 1289  888 
 24711 1310  890 
 24712 1304  883 
 24713 1315  889 
 24714 1325  898 
 24715 1327  904 
 24716 1310  892 
 24717 1333  915 
 24718 1317  904 
 24719 1328  901 
 24720 1333  880 
 24721 1330  907 
 24722 1291  907 
 24723 1207  913 
 24724 1164  926 
 24725 1140  930 
 24726 1130  924 
 24727 1200  936 
 24728 1276  920 
 24729 1376  946 
 24730 1513  941 
 24731 1618  937 
 24732 1739  943 
 24733 1809  938 
 24734 1800  902 
 24735 1814  956 
 24736 1772  939 
 24737 1640  951 
 24738 1570  944 
 24739 1476  946 
 24740 1404  958 
 24741 1319  915 
 24742 1313  968 
 24743 1309  961 
 24744 1284  953 
 24745 1314  948 
 24746 1307  945 
 24747 1339  946 
 24748 1348  971 
 24749 1344  974 
 24750 1377  967 
 24751 1381  964 
 24752 1414  958 
 24753 1410  970 
 24754 1420  976 
 24755 1423  979 
 24756 1409  964 
 24757 1393  990 
 24758 1330  984 
 24759 1268  988 
 24760 1229  975 
 24761 1198  995 
 24762 1217 1002 
 24763 1263 1001 
 24764 1406  972 
 24765 1532  989 
 24766 1632  993 
 24767 1658 1018 
 24768 1690 1016 
 24769 1679 1010 
 24770 1631 1008 
 24771 1560 1017 
 24772 1529 1005 
 24773 1428 1009 
 24774 1400 1019 
 24775 1349 1035 
 24776 1313 1014 
 24777 1348 1011 
 24778 1343 1007 
 24779 1343 1030 
 24780 1350 1020 
 24781 1382 1026 
 24782 1381 1038 
 24783 1404 1021 
 24784 1411 1033 
 24785 1429 1036 
 24786 1410 1056 
 24787 1428 1022 
 24788 1406 1046 
 24789 1422 1037 
 24790 1445 1039 
 24791 1404 1054 
 24792 1399 1045 
 24793 1323 1042 
 24794 1256 1060 
 24795 1232 1072 
 24796 1216 1074 
 24797 1238 1055 
 24798 1332 1047 
 24799 1427 1062 
 24800 1464 1069 
 24801 1544 1056 
 24802 1586 1056 
 24803 1607 1089 
 24804 1574 1048 
 24805 1574 1067 
 24806 1565 1079 
 24807 1543 1070 
 24808 1469 1081 
 24809 1462 1090 
 24810 1415 1087 
 24811 1424 1088 
 24812 1402 1100 
 24813 1416 1077 
 24814 1472 1091 
 24815 1501 1105 
 24816 1473 1081 
 24817 1482 1094 
 24818 1436 1119 
 24819 1442 1105 
 24820 1397 1088 
 24821 1343 1117 
 24822 1320 1121 
 24823 1274 1118 
 24824 1279 1110 
 24825 1273 1117 
 24826 1281 1124 
 24827 1294 1108 
 24828 1288 1105 
 24829 1299 1142 
 24830 1246 1145 
 24831 1228 1130 
 24832 1216 1137 
 24833 1275 1132 
 24834 1363 1140 
 24835 1446 1149 
 24836 1493 1115 
 24837 1539 1138 
 24838 1514 1121 
 24839 1561 1147 
 24840 1582 1143 
 24841 1552 1171 
 24842 1549 1136 
 24843 1495 1165 
 24844 1451 1167 
 24845 1461 1172 
 24846 1418 1157 
 24847 1388 1156 
 24848 1447 1145 
 24849 1446 1136 
 24850 1464 1170 
 24851 1493 1176 
 24852 1509 1168 
 24853 1461 1163 
 24854 1466 1182 
 24855 1412 1192 
 24856 1419 1177 
 24857 1374 1175 
 24858 1339 1198 
 24859 1337 1173 
 24860 1359 1198 
 24861 1347 1178 
 24862 1335 1192 
 24863 1339 1178 
 24864 1376 1198 
 24865 1364 1206 
 24866 1332 1177 
 24867 1349 1204 
 24868 1320 1197 
 24869 1328 1221 
 24870 1343 1190 
 24871 1392 1200 
 24872 1427 1229 
 24873 1530 1221 
 24874 1560 1212 
 24875 1569 1219 
 24876 1581 1208 
 24877 1518 1218 
 24878 1520 1238 
 24879 1478 1225 
 24880 1457 1224 
 24881 1424 1229 
 24882 1387 1227 
 24883 1376 1231 
 24884 1374 1238 
 24885 1354 1255 
 24886 1371 1246 
 24887 1386 1250 
 24888 1328 1253 
 24889 1383 1235 
 24890 1419 1253 
 24891 1435 1247 
 24892 1417 1242 
 24893 1387 1258 
 24894 1412 1216 
 24895 1441 1272 
 24896 1430 1261 
 24897 1459 1259 
 24898 1462 1247 
 24899 1474 1282 
 24900 1495 1258 
 24901 1857 1155 
 24902 2957 1103 
 24903 3299 1068 
 24904 3299 1003 
 24905 3299  959 
 24906 3299  916 
 24907 3299  877 
 24908 3299  867 
 24909 3299  818 
 24910 2982  784 
 24911 2021  759 
 24912 1206  734 
 24913  532  716 
 24914   99  690 
 24915    7  672 
 24916   10  634 
 24917   17  615 
 24918    0  600 
 24919   11  587 
 24920    5  573 
 24921    2  568 
 24922    9  510 
 24923    7  523 
 24924    7  514 
 24925    9  471 
 24926   10  491 
 24927    7  476 
 24928    7  461 
 24929  166  427 
 24930  360  426 
 24931  518  418 
 24932  682  402 
 24933  782  397 
 24934  914  380 
 24935 1021  365 
 24936 1096  382 
 24937 1164  363 
 24938 1268  363 
 24939 1316  330 
 24940 1353  346 
 24941 1406  330 
 24942 1423  327 
 24943 1447  337 
 24944 1478  315 
 24945 1491  317 
 24946 1492  302 
 24947 1497  296 
 24948 1509  260 
 24949 1515  294 
 24950 1494  268 
 24951 1506  283 
 24952 1504  282 
 24953 1477  251 
 24954 1452  270 
 24955 1469  239 
 24956 1471  255 
 24957 1471  252 
 24958 1447  253 
 24959 1440  244 
 24960 1462  256 
 24961 1430  246 
 24962 1434  232 
 24963 1435  229 
 24964 1431  247 
 24965 1425  227 
 24966 1412  233 
 24967 1426  238 
 24968 1445  233 
 24969 1402  214 
 24970 1395  214 
 24971 1436  197 
 24972 1417  215 
 24973 1415  218 
 24974 1421  209 
 24975 1440  194 
 24976 1427  215 
 24977 1441  202 
 24978 1413  209 
 24979 1432  208 
 24980 1431  198 
 24981 1432  194 
 24982 1414  204 
 24983 1435  206 
 24984 1444  170 
 24985 1450  189 
 24986 1414  190 
 24987 1408  189 
 24988 1419  194 
 24989 1429  199 
 24990 1424  182 
 24991 1442  192 
 24992 1421  189 
 24993 1420  181 
 24994 1441  183 
 24995 1437  193 
 24996 1402  177 
 24997 1429  194 
 24998 1428  157 
 24999 1421  189 
 25000 1440  191 
 25001 1403  144 
 25002 1442  174 
 25003 1440  168 
 25004 1442  169 
 25005 1403  176 
 25006 1426  158 
 25007 1429  172 
 25008 1441  155 
 25009 1429  158 
 25010 1445  147 
 25011 1451  176 
 25012 1426  143 
 25013 1416  159 
 25014 1430  164 
 25015 1435  169 
 25016 1402  160 
 25017 1442  165 
 25018 1441  162 
 25019 1432  157 
 25020 1403  171 
 25021 1299  153 
 25022 1111  148 
 25023  868  164 
 25024  607  136 
 25025  407  145 
 25026  235  154 
 25027  109  151 
 25028   66  156 
 25029   77  139 
 25030  112  152 
 25031  228  164 
 25032  386  154 
 25033  510  152 
 25034  684  153 
 25035  890  140 
 25036 1069  160 
 25037 1229  117 
 25038 1372  140 
 25039 1565  141 
 25040 1669  162 
 25041 1786  138 
 25042 1810  136 
 25043 1882  141 
 25044 1956  148 
 25045 1990  133 
 25046 2027  145 
 25047 2052  139 
 25048 2032  147 
 25049 2017  151 
 25050 2021  147 
 25051 2005  147 
 25052 1972  146 
 25053 1957  137 
 25054 1912  138 
 25055 1905  131 
 25056 1893  130 
 25057 1839  131 
 25058 1799  117 
 25059 1808  142 
 25060 1795  122 
 25061 1774  139 
 25062 1731  138 
 25063 1709  140 
 25064 1716  146 
 25065 1674  146 
 25066 1676  129 
 25067 1616  132 
 25068 1592  144 
 25069 1601  136 
 25070 1580  136 
 25071 1582  136 
 25072 1547  153 
 25073 1552  147 
 25074 1529  129 
 25075 1514  126 
 25076 1507  135 
 25077 1507  126 
 25078 1484  118 
 25079 1473  133 
 25080 1489  121 
 25081 1488  127 
 25082 1490  137 
 25083 1477  140 
 25084 1457  125 
 25085 1456  133 
 25086 1439  117 
 25087 1432  129 
 25088 1438  124 
 25089 1451  137 
 25090 1430  142 
 25091 1450  134 
 25092 1421  126 
 25093 1441  138 
 25094 1456  128 
 25095 1457  125 
 25096 1416  125 
 25097 1443  127 
 25098 1443  122 
 25099 1421  120 
 25100 1441  123 
 25101 1436  133 
 25102 1431  135 
 25103 1422  147 
 25104 1402  124 
 25105 1377  131 
 25106 1376  120 
 25107 1373  145 
 25108 1359  147 
 25109 1408  124 
 25110 1426  124 
 25111 1482  123 
 25112 1509  116 
 25113 1518  128 
 25114 1543  118 
 25115 1516  131 
 25116 1525  131 
 25117 1541  130 
 25118 1499  136 
 25119 1462  126 
 25120 1451  132 
 25121 1422  110 
 25122 1396  128 
 25123 1395  126 
 25124 1406  117 
 25125 1403  130 
 25126 1419  116 
 25127 1399  136 
 25128 1406  141 
 25129 1421  100 
 25130 1417  109 
 25131 1409  131 
 25132 1425  103 
 25133 1429  108 
 25134 1392  130 
 25135 1443  101 
 25136 1428  122 
 25137 1418  116 
 25138 1423  106 
 25139 1420  123 
 25140 1406  112 
 25141 1359  114 
 25142 1347  112 
 25143 1358  107 
 25144 1353  122 
 25145 1357  114 
 25146 1388  112 
 25147 1398  116 
 25148 1417  111 
 25149 1481  120 
 25150 1506   85 
 25151 1507  110 
 25152 1473  114 
 25153 1509  103 
 25154 1442   99 
 25155 1414  118 
 25156 1413  107 
 25157 1375  126 
 25158 1366  110 
 25159 1356  112 
 25160 1357  110 
 25161 1390  123 
 25162 1371  114 
 25163 1376  130 
 25164 1324  113 
 25165 1261  117 
 25166 1215  113 
 25167 1167  127 
 25168 1224  125 
 25169 1289  134 
 25170 1424  135 
 25171 1530  121 
 25172 1618  105 
 25173 1722  121 
 25174 1755  123 
 25175 1712  114 
 25176 1718  135 
 25177 1645  134 
 25178 1571  132 
 25179 1483   98 
 25180 1427  126 
 25181 1366  128 
 2