=~=~=~=~=~=~=~=~=~=~=~= PuTTY log 2024.04.25 11:24:41 =~=~=~=~=~=~=~=~=~=~=~=
 62279 1434   80 
 62280 1425   96 
 62281 1434   94 
 62282 1427   90 
 62283 1417  105 
 62284 1406  102 
 62285 1440  103 
 62286 1421  106 
 62287 1441   97 
 62288 1419  105 
 62289 1418  101 
 62290 1441   99 
 62291 1412  114 
 62292 1424  104 
 62293 1442  105 
 62294 1404   89 
 62295 1424   94 
 62296 1399  103 
 62297 1433   97 
 62298 1423   99 
 62299 1444  101 
 62300 1440   94 
 62301 1447  104 
 62302 1431  105 
 62303 1429  103 
 62304 1425  117 
 62305 1403  113 
 62306 1443   98 
 62307 1407  103 
 62308 1425  107 
 62309 1426   90 
 62310 1421  112 
 62311 1441   86 
 62312 1408  109 
 62313 1430  113 
 62314 1408   92 
 62315 1408  110 
 62316 1422   96 
 62317 1415   98 
 62318 1404   96 
 62319 1434  105 
 62320 1410   97 
 62321 1422  111 
 62322 1426  111 
 62323 1442  104 
 62324 1409   95 
 62325 1422  117 
 62326 1446   84 
 62327 1432  109 
 62328 1428  116 
 62329 1428   96 
 62330 1406   83 
 62331 1419  117 
 62332 1438   90 
 62333 1397  109 
 62334 1442  106 
 62335 1440  108 
 62336 1425  113 
 62337 1436  104 
 62338 1438   98 
 62339 1443  114 
 62340 1426  114 
 62341 1442  100 
 62342 1442  121 
 62343 1443   74 
 62344 1390  104 
 62345 1455  115 
 62346 1443  120 
 62347 1435   98 
 62348 1435   85 
 62349 1422   71 
 62350 1424  116 
 62351 1438  114 
 62352 1425  121 
 62353 1422  107 
 62354 1423  101 
 62355 1392  109 
 62356 1439   97 
 62357 1421   97 
 62358 1444  113 
 62359 1402  114 
 62360 1422  109 
 62361 1409  116 
 62362 1428  110 
 62363 1412  101 
 62364 1421  118 
 62365 1408  100 
 62366 1438  108 
 62367 1434   99 
 62368 1427  105 
 62369 1412  117 
 62370 1442   89 
 62371 1423  114 
 62372 1422   76 
 62373 1423  102 
 62374 1429   82 
 62375 1415  118 
 62376 1424   98 
 62377 1440  113 
 62378 1422  107 
 62379 1427  112 
 62380 1444   89 
 62381 1429   98 
 62382 1429  118 
 62383 1446  106 
 62384 1410  104 
 62385 1438  108 
 62386 1417  116 
 62387 1438  106 
 62388 1434  100 
 62389 1422  109 
 62390 1424  122 
 62391 1439  115 
 62392 1442  117 
 62393 1425  116 
 62394 1406  107 
 62395 1434  104 
 62396 1419  114 
 62397 1417   87 
 62398 1451  119 
 62399 1435  101 
 62400 1408  120 
 62401 1420   87 
 62402 1427  120 
 62403 1423  105 
 62404 1439   87 
 62405 1442  100 
 62406 1414  115 
 62407 1443  116 
 62408 1426   97 
 62409 1437  107 
 62410 1438   94 
 62411 1426  109 
 62412 1440   90 
 62413 1442  113 
 62414 1434  104 
 62415 1439   92 
 62416 1443   95 
 62417 1429  106 
 62418 1427  117 
 62419 1425   99 
 62420 1436  109 
 62421 1436   98 
 62422 1441  120 
 62423 1442   98 
 62424 1444   88 
 62425 1444   98 
 62426 1445  104 
 62427 1439  109 
 62428 1417   87 
 62429 1435  107 
 62430 1434  101 
 62431 1420  101 
 62432 1430  113 
 62433 1442  114 
 62434 1415   84 
 62435 1417  112 
 62436 1431  100 
 62437 1417  100 
 62438 1445  115 
 62439 1396   80 
 62440 1437  111 
 62441 1446  119 
 62442 1430  106 
 62443 1435  100 
 62444 1415  115 
 62445 1409  116 
 62446 1438   93 
 62447 1438  112 
 62448 1443  102 
 62449 1441  114 
 62450 1405   78 
 62451 1442  108 
 62452 1444   99 
 62453 1408  107 
 62454 1416  105 
 62455 1404  113 
 62456 1436  109 
 62457 1437  122 
 62458 1430  105 
 62459 1419  114 
 62460 1425   88 
 62461 1425   88 
 62462 1419  120 
 62463 1421  100 
 62464 1445  103 
 62465 1422  114 
 62466 1419  101 
 62467 1435  113 
 62468 1418   92 
 62469 1439  102 
 62470 1401  103 
 62471 1425  114 
 62472 1400   92 
 62473 1412  106 
 62474 1440  104 
 62475 1435   94 
 62476 1429  101 
 62477 1448   96 
 62478 1435   77 
 62479 1413   99 
 62480 1439  114 
 62481 1443  100 
 62482 1428   96 
 62483 1433  107 
 62484 1422  106 
 62485 1423   86 
 62486 1421  112 
 62487 1426  102 
 62488 1429  109 
 62489 1395  104 
 62490 1431  106 
 62491 1423  105 
 62492 1435   97 
 62493 1425   99 
 62494 1420   97 
 62495 1423  108 
 62496 1439  110 
 62497 1446  120 
 62498 1441  103 
 62499 1436  108 
 62500 1450   97 
 62501 1426  116 
 62502 1436  100 
 62503 1443  114 
 62504 1434   99 
 62505 1438  113 
 62506 1438  107 
 62507 1439  116 
 62508 1437  117 
 62509 1432   97 
 62510 1446   94 
 62511 1418   98 
 62512 1442  107 
 62513 1416  117 
 62514 1438  116 
 62515 1436   94 
 62516 1413  108 
 62517 1417  117 
 62518 1429   95 
 62519 1440  103 
 62520 1455  117 
 62521 1439   86 
 62522 1423   96 
 62523 1442  122 
 62524 1436  111 
 62525 1420   94 
 62526 1411   93 
 62527 1440   93 
 62528 1423  107 
 62529 1435  116 
 62530 1431  107 
 62531 1449  100 
 62532 1424  119 
 62533 1417  107 
 62534 1440  113 
 62535 1431   87 
 62536 1432  102 
 62537 1429   93 
 62538 1423  114 
 62539 1404  107 
 62540 1412  100 
 62541 1425  111 
 62542 1421  112 
 62543 1433   91 
 62544 1417   98 
 62545 1422   87 
 62546 1458  110 
 62547 1441  106 
 62548 1409  108 
 62549 1348  107 
 62550 1276  112 
 62551 1215   91 
 62552 1180  120 
 62553 1124  135 
 62554 1139  117 
 62555 1127  117 
 62556 1159  127 
 62557 1196  120 
 62558 1274  122 
 62559 1343  105 
 62560 1379  113 
 62561 1447  128 
 62562 1491  115 
 62563 1530  132 
 62564 1582  142 
 62565 1602  142 
 62566 1598  132 
 62567 1641  122 
 62568 1609  138 
 62569 1636  111 
 62570 1597  135 
 62571 1605  139 
 62572 1599  126 
 62573 1591  127 
 62574 1584  147 
 62575 1536  111 
 62576 1523  134 
 62577 1499  129 
 62578 1497  143 
 62579 1480  130 
 62580 1467  140 
 62581 1456  141 
 62582 1450  129 
 62583 1447  135 
 62584 1437  146 
 62585 1436  131 
 62586 1437  150 
 62587 1425  146 
 62588 1431  121 
 62589 1435  127 
 62590 1416  138 
 62591 1403  131 
 62592 1407  150 
 62593 1384  148 
 62594 1414  146 
 62595 1411  151 
 62596 1398  140 
 62597 1386  144 
 62598 1409  144 
 62599 1406  149 
 62600 1401  138 
 62601 1414  151 
 62602 1402  143 
 62603 1392  149 
 62604 1376  144 
 62605 1394  148 
 62606 1382  154 
 62607 1369  141 
 62608 1406  152 
 62609 1395  159 
 62610 1424  149 
 62611 1404  152 
 62612 1413  160 
 62613 1415  161 
 62614 1420  151 
 62615 1439  148 
 62616 1434  145 
 62617 1443  152 
 62618 1379  163 
 62619 1426  169 
 62620 1439  154 
 62621 1394  165 
 62622 1444  146 
 62623 1449  150 
 62624 1450  157 
 62625 1445  151 
 62626 1448  166 
 62627 1443  168 
 62628 1417  162 
 62629 1401  149 
 62630 1406  154 
 62631 1362  154 
 62632 1384  152 
 62633 1374  159 
 62634 1350  147 
 62635 1347  168 
 62636 1381  161 
 62637 1364  157 
 62638 1370  167 
 62639 1393  177 
 62640 1402  162 
 62641 1396  168 
 62642 1408  174 
 62643 1425  153 
 62644 1427  150 
 62645 1423  168 
 62646 1423  169 
 62647 1435  171 
 62648 1429  174 
 62649 1438  185 
 62650 1423  163 
 62651 1440  163 
 62652 1448  162 
 62653 1432  154 
 62654 1455  178 
 62655 1442  180 
 62656 1423  171 
 62657 1422  172 
 62658 1404  180 
 62659 1437  175 
 62660 1410  168 
 62661 1423  163 
 62662 1410  163 
 62663 1431  176 
 62664 1421  170 
 62665 1415  181 
 62666 1409  169 
 62667 1431  183 
 62668 1433  174 
 62669 1436  187 
 62670 1424  181 
 62671 1395  152 
 62672 1395  168 
 62673 1383  163 
 62674 1406  173 
 62675 1417  172 
 62676 1397  179 
 62677 1418  181 
 62678 1416  174 
 62679 1423  188 
 62680 1432  161 
 62681 1427  187 
 62682 1438  179 
 62683 1433  191 
 62684 1413  192 
 62685 1388  176 
 62686 1428  186 
 62687 1415  196 
 62688 1402  194 
 62689 1431  184 
 62690 1403  181 
 62691 1421  185 
 62692 1407  184 
 62693 1412  197 
 62694 1409  192 
 62695 1408  198 
 62696 1416  198 
 62697 1422  204 
 62698 1388  190 
 62699 1430  189 
 62700 1421  213 
 62701 1412  198 
 62702 1408  197 
 62703 1411  211 
 62704 1423  202 
 62705 1409  207 
 62706 1394  187 
 62707 1420  191 
 62708 1421  191 
 62709 1417  173 
 62710 1404  189 
 62711 1383  194 
 62712 1430  205 
 62713 1412  198 
 62714 1429  188 
 62715 1412  212 
 62716 1414  213 
 62717 1432  188 
 62718 1418  184 
 62719 1431  205 
 62720 1428  217 
 62721 1416  194 
 62722 1388  212 
 62723 1404  204 
 62724 1440  207 
 62725 1436  190 
 62726 1415  203 
 62727 1426  213 
 62728 1438  223 
 62729 1429  207 
 62730 1433  196 
 62731 1439  221 
 62732 1429  205 
 62733 1401  185 
 62734 1413  201 
 62735 1436  198 
 62736 1412  219 
 62737 1425  222 
 62738 1414  197 
 62739 1419  215 
 62740 1424  221 
 62741 1393  200 
 62742 1438  201 
 62743 1386  207 
 62744 1421  213 
 62745 1399  221 
 62746 1415  205 
 62747 1424  207 
 62748 1407  233 
 62749 1433  221 
 62750 1426  210 
 62751 1425  225 
 62752 1414  225 
 62753 1412  221 
 62754 1402  227 
 62755 1425  218 
 62756 1415  229 
 62757 1415  222 
 62758 1415  224 
 62759 1419  237 
 62760 1389  216 
 62761 1410  223 
 62762 1438  199 
 62763 1387  216 
 62764 1422  235 
 62765 1427  206 
 62766 1415  213 
 62767 1414  234 
 62768 1410  224 
 62769 1433  232 
 62770 1404  226 
 62771 1439  224 
 62772 1402  235 
 62773 1380  229 
 62774 1362  231 
 62775 1420  216 
 62776 1410  224 
 62777 1405  231 
 62778 1393  228 
 62779 1402  239 
 62780 1417  217 
 62781 1401  238 
 62782 1416  243 
 62783 1421  220 
 62784 1397  237 
 62785 1383  227 
 62786 1394  246 
 62787 1393  229 
 62788 1393  246 
 62789 1405  235 
 62790 1420  247 
 62791 1403  232 
 62792 1422  218 
 62793 1436  251 
 62794 1415  252 
 62795 1412  245 
 62796 1441  234 
 62797 1425  252 
 62798 1397  238 
 62799 1415  253 
 62800 1439  252 
 62801 1411  225 
 62802 1413  240 
 62803 1402  229 
 62804 1391  240 
 62805 1377  253 
 62806 1378  219 
 62807 1427  237 
 62808 1419  236 
 62809 1456  251 
 62810 1448  243 
 62811 1455  241 
 62812 1467  250 
 62813 1456  248 
 62814 1440  241 
 62815 1428  251 
 62816 1447  249 
 62817 1435  246 
 62818 1464  264 
 62819 1442  249 
 62820 1424  249 
 62821 1433  271 
 62822 1418  255 
 62823 1420  238 
 62824 1399  270 
 62825 1412  248 
 62826 1408  255 
 62827 1418  228 
 62828 1403  263 
 62829 1387  254 
 62830 1366  252 
 62831 1402  268 
 62832 1402  246 
 62833 1423  249 
 62834 1375  270 
 62835 1424  250 
 62836 1443  260 
 62837 1401  252 
 62838 1414  266 
 62839 1425  266 
 62840 1414  275 
 62841 1427  261 
 62842 1441  263 
 62843 1432  256 
 62844 1432  266 
 62845 1441  256 
 62846 1425  265 
 62847 1429  273 
 62848 1400  275 
 62849 1425  268 
 62850 1413  246 
 62851 1417  267 
 62852 1378  260 
 62853 1423  263 
 62854 1426  274 
 62855 1425  257 
 62856 1399  266 
 62857 1425  265 
 62858 1405  271 
 62859 1426  250 
 62860 1419  274 
 62861 1426  279 
 62862 1426  267 
 62863 1416  270 
 62864 1424  279 
 62865 1420  260 
 62866 1418  283 
 62867 1425  288 
 62868 1399  292 
 62869 1408  274 
 62870 1399  280 
 62871 1420  279 
 62872 1408  278 
 62873 1412  287 
 62874 1437  263 
 62875 1434  282 
 62876 1426  270 
 62877 1408  286 
 62878 1420  291 
 62879 1444  297 
 62880 1403  294 
 62881 1448  283 
 62882 1421  293 
 62883 1431  262 
 62884 1429  295 
 62885 1406  280 
 62886 1421  276 
 62887 1412  291 
 62888 1396  273 
 62889 1417  283 
 62890 1419  297 
 62891 1422  286 
 62892 1390  303 
 62893 1425  292 
 62894 1438  295 
 62895 1423  285 
 62896 1418  290 
 62897 1420  302 
 62898 1436  290 
 62899 1417  290 
 62900 1418  296 
 62901 1442  286 
 62902 1444  286 
 62903 1432  300 
 62904 1448  301 
 62905 1437  285 
 62906 1424  297 
 62907 1385  309 
 62908 1386  290 
 62909 1396  284 
 62910 1387  310 
 62911 1410  299 
 62912 1403  280 
 62913 1393  297 
 62914 1408  282 
 62915 1385  307 
 62916 1419  291 
 62917 1424  287 
 62918 1423  297 
 62919 1409  304 
 62920 1436  302 
 62921 1435  310 
 62922 1427  301 
 62923 1435  306 
 62924 1404  305 
 62925 1418  307 
 62926 1426  303 
 62927 1424  316 
 62928 1389  304 
 62929 1410  312 
 62930 1431  299 
 62931 1413  301 
 62932 1422  294 
 62933 1434  311 
 62934 1435  313 
 62935 1424  308 
 62936 1412  309 
 62937 1420  318 
 62938 1407  325 
 62939 1412  311 
 62940 1422  327 
 62941 1419  313 
 62942 1420  311 
 62943 1454  318 
 62944 1457  319 
 62945 1442  314 
 62946 1438  310 
 62947 1413  313 
 62948 1436  319 
 62949 1410  308 
 62950 1409  326 
 62951 1411  325 
 62952 1403  311 
 62953 1382  317 
 62954 1403  323 
 62955 1420  313 
 62956 1410  326 
 62957 1416  318 
 62958 1396  324 
 62959 1436  319 
 62960 1419  335 
 62961 1393  328 
 62962 1422  336 
 62963 1433  332 
 62964 1408  321 
 62965 1427  337 
 62966 1416  338 
 62967 1403  325 
 62968 1389  327 
 62969 1433  322 
 62970 1441  340 
 62971 1418  324 
 62972 1433  325 
 62973 1415  318 
 62974 1421  322 
 62975 1421  330 
 62976 1436  319 
 62977 1428  324 
 62978 1436  336 
 62979 1442  324 
 62980 1418  340 
 62981 1399  325 
 62982 1390  326 
 62983 1407  344 
 62984 1428  336 
 62985 1412  343 
 62986 1439  328 
 62987 1407  338 
 62988 1385  348 
 62989 1416  348 
 62990 1395  352 
 62991 1417  331 
 62992 1374  335 
 62993 1387  322 
 62994 1373  339 
 62995 1382  334 
 62996 1415  347 
 62997 1394  344 
 62998 1416  340 
 62999 1415  342 
 63000 1417  344 
 63001 1407  361 
 63002 1427  352 
 63003 1411  321 
 63004 1431  342 
 63005 1437  340 
 63006 1422  329 
 63007 1439  349 
 63008 1441  355 
 63009 1457  360 
 63010 1438  347 
 63011 1452  343 
 63012 1436  335 
 63013 1414  339 
 63014 1419  364 
 63015 1421  351 
 63016 1390  352 
 63017 1387  366 
 63018 1381  338 
 63019 1391  348 
 63020 1413  356 
 63021 1406  365 
 63022 1398  336 
 63023 1412  360 
 63024 1419  352 
 63025 1420  372 
 63026 1401  356 
 63027 1422  369 
 63028 1448  366 
 63029 1420  354 
 63030 1397  353 
 63031 1446  362 
 63032 1442  367 
 63033 1422  357 
 63034 1441  361 
 63035 1415  375 
 63036 1438  346 
 63037 1441  357 
 63038 1393  367 
 63039 1381  368 
 63040 1423  354 
 63041 1401  380 
 63042 1399  368 
 63043 1364  385 
 63044 1379  343 
 63045 1421  375 
 63046 1438  371 
 63047 1427  391 
 63048 1427  366 
 63049 1425  388 
 63050 1427  371 
 63051 1443  372 
 63052 1434  388 
 63053 1442  381 
 63054 1441  389 
 63055 1446  378 
 63056 1427  382 
 63057 1426  382 
 63058 1404  379 
 63059 1395  395 
 63060 1367  389 
 63061 1365  367 
 63062 1406  371 
 63063 1383  389 
 63064 1402  384 
 63065 1404  388 
 63066 1420  394 
 63067 1424  390 
 63068 1417  390 
 63069 1407  396 
 63070 1414  384 
 63071 1420  406 
 63072 1424  404 
 63073 1423  389 
 63074 1436  389 
 63075 1412  400 
 63076 1439  397 
 63077 1458  394 
 63078 1473  389 
 63079 1447  414 
 63080 1410  411 
 63081 1426  391 
 63082 1420  389 
 63083 1406  396 
 63084 1389  409 
 63085 1377  405 
 63086 1368  412 
 63087 1362  399 
 63088 1373  413 
 63089 1364  402 
 63090 1370  409 
 63091 1378  412 
 63092 1402  422 
 63093 1393  423 
 63094 1408  399 
 63095 1409  408 
 63096 1429  422 
 63097 1432  415 
 63098 1439  408 
 63099 1445  410 
 63100 1477  421 
 63101 1499  412 
 63102 1462  403 
 63103 1477  412 
 63104 1452  409 
 63105 1468  415 
 63106 1440  424 
 63107 1436  419 
 63108 1443  422 
 63109 1424  417 
 63110 1424  415 
 63111 1404  413 
 63112 1390  408 
 63113 1401  421 
 63114 1409  418 
 63115 1412  433 
 63116 1413  414 
 63117 1419  418 
 63118 1414  433 
 63119 1426  445 
 63120 1430  435 
 63121 1406  398 
 63122 1428  437 
 63123 1392  412 
 63124 1436  432 
 63125 1412  444 
 63126 1399  438 
 63127 1417  432 
 63128 1404  436 
 63129 1409  431 
 63130 1404  431 
 63131 1408  435 
 63132 1411  461 
 63133 1398  446 
 63134 1407  436 
 63135 1395  436 
 63136 1390  431 
 63137 1402  455 
 63138 1403  442 
 63139 1423  444 
 63140 1409  437 
 63141 1423  448 
 63142 1441  457 
 63143 1435  450 
 63144 1447  448 
 63145 1441  443 
 63146 1451  449 
 63147 1442  449 
 63148 1456  459 
 63149 1401  449 
 63150 1413  440 
 63151 1439  456 
 63152 1442  443 
 63153 1445  437 
 63154 1461  458 
 63155 1450  471 
 63156 1448  462 
 63157 1452  459 
 63158 1445  477 
 63159 1442  455 
 63160 1444  456 
 63161 1445  464 
 63162 1427  464 
 63163 1431  473 
 63164 1381  455 
 63165 1367  466 
 63166 1406  473 
 63167 1381  464 
 63168 1387  464 
 63169 1395  487 
 63170 1379  459 
 63171 1368  453 
 63172 1354  469 
 63173 1363  478 
 63174 1327  448 
 63175 1397  463 
 63176 1414  483 
 63177 1434  468 
 63178 1454  485 
 63179 1442  475 
 63180 1425  490 
 63181 1415  489 
 63182 1396  489 
 63183 1404  479 
 63184 1402  476 
 63185 1408  480 
 63186 1417  479 
 63187 1417  497 
 63188 1413  490 
 63189 1422  493 
 63190 1389  490 
 63191 1412  499 
 63192 1416  488 
 63193 1396  478 
 63194 1446  501 
 63195 1441  490 
 63196 1438  487 
 63197 1446  493 
 63198 1428  485 
 63199 1445  512 
 63200 1430  514 
 63201 1449  496 
 63202 1435  498 
 63203 1449  501 
 63204 1455  491 
 63205 1465  491 
 63206 1479  510 
 63207 1474  513 
 63208 1478  500 
 63209 1436  515 
 63210 1417  503 
 63211 1409  516 
 63212 1384  489 
 63213 1371  518 
 63214 1330  503 
 63215 1361  523 
 63216 1371  503 
 63217 1382  524 
 63218 1409  502 
 63219 1412  507 
 63220 1406  511 
 63221 1423  527 
 63222 1442  513 
 63223 1410  487 
 63224 1449  531 
 63225 1407  510 
 63226 1438  492 
 63227 1401  507 
 63228 1437  511 
 63229 1420  532 
 63230 1417  519 
 63231 1421  515 
 63232 1433  521 
 63233 1431  530 
 63234 1429  532 
 63235 1426  538 
 63236 1442  537 
 63237 1457  513 
 63238 1420  534 
 63239 1453  524 
 63240 1425  523 
 63241 1424  532 
 63242 1429  539 
 63243 1410  545 
 63244 1399  521 
 63245 1398  528 
 63246 1381  543 
 63247 1399  518 
 63248 1366  530 
 63249 1405  539 
 63250 1405  528 
 63251 1414  554 
 63252 1389  541 
 63253 1432  539 
 63254 1431  512 
 63255 1408  525 
 63256 1384  543 
 63257 1370  543 
 63258 1394  530 
 63259 1374  524 
 63260 1393  546 
 63261 1385  538 
 63262 1391  542 
 63263 1364  564 
 63264 1426  531 
 63265 1397  537 
 63266 1435  552 
 63267 1453  549 
 63268 1449  571 
 63269 1467  556 
 63270 1483  564 
 63271 1440  549 
 63272 1464  550 
 63273 1398  560 
 63274 1422  529 
 63275 1442  547 
 63276 1420  561 
 63277 1408  554 
 63278 1421  570 
 63279 1392  563 
 63280 1417  555 
 63281 1425  564 
 63282 1429  584 
 63283 1410  563 
 63284 1438  547 
 63285 1394  571 
 63286 1429  571 
 63287 1410  564 
 63288 1391  570 
 63289 1375  562 
 63290 1336  583 
 63291 1356  586 
 63292 1361  577 
 63293 1386  580 
 63294 1397  578 
 63295 1364  585 
 63296 1410  584 
 63297 1428  581 
 63298 1409  591 
 63299 1407  586 
 63300 1441  581 
 63301 1458  579 
 63302 1460  604 
 63303 1462  583 
 63304 1463  586 
 63305 1463  604 
 63306 1425  583 
 63307 1442  601 
 63308 1408  579 
 63309 1434  589 
 63310 1423  596 
 63311 1385  597 
 63312 1402  607 
 63313 1413  582 
 63314 1404  586 
 63315 1430  605 
 63316 1410  602 
 63317 1428  606 
 63318 1410  615 
 63319 1442  600 
 63320 1412  602 
 63321 1451  617 
 63322 1413  611 
 63323 1434  615 
 63324 1439  621 
 63325 1436  600 
 63326 1436  619 
 63327 1419  614 
 63328 1375  609 
 63329 1379  601 
 63330 1351  613 
 63331 1356  612 
 63332 1363  609 
 63333 1388  642 
 63334 1384  619 
 63335 1399  633 
 63336 1420  625 
 63337 1394  638 
 63338 1436  622 
 63339 1438  628 
 63340 1430  623 
 63341 1455  642 
 63342 1413  627 
 63343 1420  631 
 63344 1419  633 
 63345 1422  636 
 63346 1437  641 
 63347 1425  634 
 63348 1444  651 
 63349 1425  643 
 63350 1435  619 
 63351 1424  646 
 63352 1433  629 
 63353 1432  645 
 63354 1412  646 
 63355 1398  648 
 63356 1441  654 
 63357 1423  643 
 63358 1433  656 
 63359 1420  631 
 63360 1445  631 
 63361 1485  648 
 63362 1478  666 
 63363 1533  636 
 63364 1541  656 
 63365 1519  655 
 63366 1485  650 
 63367 1416  641 
 63368 1348  655 
 63369 1275  647 
 63370 1225  658 
 63371 1219  667 
 63372 1224  649 
 63373 1260  666 
 63374 1260  673 
 63375 1348  646 
 63376 1401  647 
 63377 1410  647 
 63378 1459  657 
 63379 1504  665 
 63380 1497  681 
 63381 1488  673 
 63382 1509  661 
 63383 1458  685 
 63384 1489  680 
 63385 1494  672 
 63386 1474  679 
 63387 1459  677 
 63388 1489  668 
 63389 1484  665 
 63390 1512  674 
 63391 1518  680 
 63392 1518  691 
 63393 1496  679 
 63394 1487  684 
 63395 1483  674 
 63396 1478  683 
 63397 1422  681 
 63398 1417  687 
 63399 1394  684 
 63400 1359  689 
 63401 1370  692 
 63402 1362  679 
 63403 1357  677 
 63404 1371  701 
 63405 1348  688 
 63406 1308  691 
 63407 1227  690 
 63408 1189  687 
 63409 1167  701 
 63410 1191  692 
 63411 1214  697 
 63412 1296  706 
 63413 1374  706 
 63414 1451  720 
 63415 1489  717 
 63416 1585  704 
 63417 1599  724 
 63418 1605  688 
 63419 1606  699 
 63420 1606  707 
 63421 1591  717 
 63422 1548  708 
 63423 1518  695 
 63424 1500  728 
 63425 1456  712 
 63426 1485  705 
 63427 1429  730 
 63428 1448  710 
 63429 1420  720 
 63430 1417  725 
 63431 1438  721 
 63432 1453  727 
 63433 1461  716 
 63434 1447  714 
 63435 1409  721 
 63436 1474  724 
 63437 1455  727 
 63438 1445  717 
 63439 1438  714 
 63440 1438  719 
 63441 1421  716 
 63442 1388  738 
 63443 1324  748 
 63444 1241  742 
 63445 1180  746 
 63446 1173  732 
 63447 1179  730 
 63448 1221  734 
 63449 1275  742 
 63450 1307  742 
 63451 1332  740 
 63452 1410  741 
 63453 1460  752 
 63454 1498  729 
 63455 1517  733 
 63456 1522  751 
 63457 1513  751 
 63458 1547  755 
 63459 1522  729 
 63460 1502  754 
 63461 1495  741 
 63462 1475  743 
 63463 1453  746 
 63464 1434  723 
 63465 1442  751 
 63466 1448  746 
 63467 1472  754 
 63468 1481  777 
 63469 1519  757 
 63470 1517  759 
 63471 1537  786 
 63472 1520  757 
 63473 1505  752 
 63474 1499  775 
 63475 1514  742 
 63476 1489  778 
 63477 1469  741 
 63478 1419  746 
 63479 1391  770 
 63480 1305  772 
 63481 1206  775 
 63482 1100  780 
 63483 1026  785 
 63484  972  786 
 63485  953  782 
 63486  987  788 
 63487 1058  787 
 63488 1191  779 
 63489 1328  801 
 63490 1435  779 
 63491 1508  794 
 63492 1597  782 
 63493 1693  799 
 63494 1742  801 
 63495 1755  795 
 63496 1776  790 
 63497 1735  789 
 63498 1694  785 
 63499 1673  802 
 63500 1601  809 
 63501 1566  773 
 63502 1548  793 
 63503 1511  785 
 63504 1487  787 
 63505 1483  818 
 63506 1484  801 
 63507 1495  792 
 63508 1495  796 
 63509 1493  792 
 63510 1480  797 
 63511 1442  817 
 63512 1418  802 
 63513 1362  813 
 63514 1321  804 
 63515 1293  794 
 63516 1273  811 
 63517 1177  804 
 63518 1145  816 
 63519 1034  811 
 63520  974  831 
 63521  891  836 
 63522  907  814 
 63523  933  838 
 63524 1021  832 
 63525 1109  833 
 63526 1235  819 
 63527 1339  825 
 63528 1481  839 
 63529 1607  832 
 63530 1709  834 
 63531 1763  840 
 63532 1845  825 
 63533 1895  833 
 63534 1885  822 
 63535 1855  835 
 63536 1815  836 
 63537 1784  841 
 63538 1738  824 
 63539 1709  844 
 63540 1640  845 
 63541 1593  850 
 63542 1575  842 
 63543 1533  838 
 63544 1505  838 
 63545 1427  863 
 63546 1360  848 
 63547 1315  845 
 63548 1280  850 
 63549 1203  839 
 63550 1160  852 
 63551 1185  865 
 63552 1157  869 
 63553 1173  855 
 63554 1199  856 
 63555 1224  877 
 63556 1213  862 
 63557 1188  870 
 63558 1116  859 
 63559 1067  850 
 63560 1037  845 
 63561 1075  852 
 63562 1167  877 
 63563 1227  865 
 63564 1299  870 
 63565 1367  892 
 63566 1466  881 
 63567 1536  887 
 63568 1598  878 
 63569 1661  870 
 63570 1746  888 
 63571 1777  877 
 63572 1820  878 
 63573 1795  891 
 63574 1853  893 
 63575 1813  900 
 63576 1798  879 
 63577 1793  881 
 63578 1722  891 
 63579 1673  892 
 63580 1592  883 
 63581 1524  892 
 63582 1432  895 
 63583 1336  883 
 63584 1266  872 
 63585 1219  883 
 63586 1162  900 
 63587 1148  904 
 63588 1136  900 
 63589 1155  905 
 63590 1200  879 
 63591 1218  892 
 63592 1228  892 
 63593 1264  903 
 63594 1276  922 
 63595 1294  917 
 63596 1254  908 
 63597 1208  909 
 63598 1167  906 
 63599 1129  928 
 63600 1156  897 
 63601 1217  923 
 63602 1274  924 
 63603 1316  937 
 63604 1441  930 
 63605 1516  931 
 63606 1617  928 
 63607 1709  916 
 63608 1755  919 
 63609 1840  924 
 63610 1837  941 
 63611 1850  914 
 63612 1810  910 
 63613 1739  928 
 63614 1653  925 
 63615 1584  934 
 63616 1508  931 
 63617 1432  933 
 63618 1346  934 
 63619 1291  925 
 63620 1269  945 
 63621 1246  908 
 63622 1253  942 
 63623 1247  948 
 63624 1238  949 
 63625 1249  952 
 63626 1275  941 
 63627 1298  934 
 63628 1294  942 
 63629 1328  966 
 63630 1319  945 
 63631 1347  950 
 63632 1348  950 
 63633 1331  969 
 63634 1297  938 
 63635 1212  967 
 63636 1171  986 
 63637 1151  944 
 63638 1173  929 
 63639 1212  974 
 63640 1311  977 
 63641 1396  962 
 63642 1519  966 
 63643 1608  970 
 63644 1710  978 
 63645 1820  979 
 63646 1858  978 
 63647 1891  967 
 63648 1894  978 
 63649 1799  963 
 63650 1728  977 
 63651 1618  963 
 63652 1537  982 
 63653 1469  980 
 63654 1391  964 
 63655 1338  990 
 63656 1296  984 
 63657 1279  988 
 63658 1287  975 
 63659 1269  995 
 63660 1251  994 
 63661 1317  983 
 63662 1280  982 
 63663 1318 1018 
 63664 1276 1006 
 63665 1313  983 
 63666 1331 1002 
 63667 1350  996 
 63668 1353 1018 
 63669 1351 1005 
 63670 1325  980 
 63671 1312 1005 
 63672 1264 1010 
 63673 1212  994 
 63674 1138 1005 
 63675 1158  985 
 63676 1200 1028 
 63677 1338 1019 
 63678 1461 1035 
 63679 1576 1012 
 63680 1673 1012 
 63681 1735 1016 
 63682 1781 1005 
 63683 1795 1018 
 63684 1793 1016 
 63685 1744 1014 
 63686 1636 1031 
 63687 1565 1039 
 63688 1462 1044 
 63689 1384 1018 
 63690 1319 1027 
 63691 1302 1028 
 63692 1269 1016 
 63693 1256 1022 
 63694 1279 1021 
 63695 1279 1046 
 63696 1310 1032 
 63697 1316 1047 
 63698 1341 1039 
 63699 1347 1024 
 63700 1347 1031 
 63701 1328 1051 
 63702 1358 1039 
 63703 1367 1049 
 63704 1395 1033 
 63705 1388 1049 
 63706 1373 1058 
 63707 1400 1058 
 63708 1399 1038 
 63709 1345 1075 
 63710 1340 1073 
 63711 1298 1059 
 63712 1273 1059 
 63713 1269 1055 
 63714 1376 1068 
 63715 1437 1051 
 63716 1550 1080 
 63717 1611 1049 
 63718 1660 1060 
 63719 1675 1050 
 63720 1718 1080 
 63721 1707 1057 
 63722 1676 1081 
 63723 1627 1089 
 63724 1533 1086 
 63725 1455 1066 
 63726 1388 1072 
 63727 1365 1052 
 63728 1312 1084 
 63729 1309 1068 
 63730 1292 1053 
 63731 1305 1095 
 63732 1302 1102 
 63733 1317 1085 
 63734 1330 1087 
 63735 1339 1086 
 63736 1335 1090 
 63737 1354 1094 
 63738 1368 1101 
 63739 1366 1102 
 63740 1376 1094 
 63741 1395 1103 
 63742 1393 1091 
 63743 1380 1091 
 63744 1398 1106 
 63745 1414 1096 
 63746 1440 1104 
 63747 1401 1088 
 63748 1387 1108 
 63749 1344 1111 
 63750 1291 1126 
 63751 1244 1091 
 63752 1257 1115 
 63753 1303 1103 
 63754 1388 1127 
 63755 1476 1126 
 63756 1557 1109 
 63757 1591 1108 
 63758 1629 1137 
 63759 1662 1122 
 63760 1632 1131 
 63761 1646 1113 
 63762 1595 1091 
 63763 1545 1124 
 63764 1512 1128 
 63765 1458 1150 
 63766 1397 1127 
 63767 1376 1145 
 63768 1378 1145 
 63769 1355 1128 
 63770 1345 1133 
 63771 1374 1144 
 63772 1346 1134 
 63773 1382 1151 
 63774 1369 1143 
 63775 1355 1141 
 63776 1374 1133 
 63777 1361 1162 
 63778 1356 1132 
 63779 1367 1152 
 63780 1385 1152 
 63781 1382 1160 
 63782 1424 1165 
 63783 1400 1125 
 63784 1389 1150 
 63785 1433 1168 
 63786 1416 1156 
 63787 1416 1167 
 63788 1414 1170 
 63789 1385 1167 
 63790 1343 1177 
 63791 1327 1162 
 63792 1329 1157 
 63793 1408 1156 
 63794 1522 1153 
 63795 1564 1179 
 63796 1648 1171 
 63797 1586 1172 
 63798 1616 1168 
 63799 1580 1201 
 63800 1545 1156 
 63801 1466 1154 
 63802 1438 1176 
 63803 1379 1194 
 63804 1333 1151 
 63805 1304 1159 
 63806 1305 1189 
 63807 1314 1180 
 63808 1302 1194 
 63809 1303 1180 
 63810 1320 1203 
 63811 1346 1174 
 63812 1354 1179 
 63813 1326 1205 
 63814 1370 1193 
 63815 1385 1214 
 63816 1405 1200 
 63817 1395 1184 
 63818 1397 1201 
 63819 1425 1199 
 63820 1438 1206 
 63821 1429 1207 
 63822 1451 1196 
 63823 1460 1200 
 63824 1496 1199 
 63825 1456 1221 
 63826 1484 1203 
 63827 1418 1212 
 63828 1378 1197 
 63829 1361 1227 
 63830 1330 1212 
 63831 1295 1217 
 63832 1331 1219 
 63833 1328 1211 
 63834 1363 1234 
 63835 1440 1225 
 63836 1482 1233 
 63837 1486 1223 
 63838 1517 1224 
 63839 1528 1238 
 63840 1511 1202 
 63841 1512 1210 
 63842 1474 1220 
 63843 1453 1229 
 63844 1429 1259 
 63845 1434 1230 
 63846 1421 1226 
 63847 1403 1258 
 63848 1429 1232 
 63849 1390 1232 
 63850 1420 1249 
 63851 1425 1258 
 63852 1413 1221 
 63853 1412 1258 
 63854 1382 1252 
 63855 1412 1259 
 63856 1398 1236 
 63857 1391 1255 
 63858 1392 1241 
 63859 1388 1257 
 63860 1384 1257 
 63861 1392 1253 
 63862 1397 1250 
 63863 1392 1259 
 63864 1404 1267 
 63865 1404 1271 
 63866 1386 1276 
 63867 1361 1258 
 63868 1322 1282 
 63869 1333 1280 
 63870 1387 1266 
 63871 1416 1291 
 63872 1456 1283 
 63873 1488 1275 
 63874 1499 1273 
 63875 1532 1269 
 63876 1534 1280 
 63877 1562 1279 
 63878 1581 1287 
 63879 1609 1284 
 63880 1623 1272 
 63881 1573 1274 
 63882 1505 1283 
 63883 1441 1309 
 63884 1406 1290 
 63885 1347 1263 
 63886 1313 1275 
 63887 1286 1297 
 63888 1291 1296 
 63889 1248 1289 
 63890 1286 1291 
 63891 1277 1292 
 63892 1264 1304 
 63893 1298 1300 
 63894 1309 1297 
 63895 1309 1301 
 63896 1319 1319 
 63897 1340 1307 
 63898 1367 1299 
 63899 1360 1282 
 63900 1402 1310 
 63901 1429 1326 
 63902 1440 1299 
 63903 1454 1311 
 63904 1443 1315 
 63905 1438 1319 
 63906 1409 1311 
 63907 1387 1301 
 63908 1413 1325 
 63909 1438 1329 
 63910 1450 1332 
 63911 1507 1315 
 63912 1502 1309 
 63913 1528 1342 
 63914 1495 1324 
 63915 1520 1342 
 63916 1516 1320 
 63917 1497 1321 
 63918 1479 1338 
 63919 1467 1331 
 63920 1431 1346 
 63921 1432 1344 
 63922 1409 1342 
 63923 1427 1338 
 63924 1403 1362 
 63925 1397 1352 
 63926 1391 1338 
 63927 1384 1353 
 63928 1402 1357 
 63929 1392 1346 
 63930 1396 1345 
 63931 1395 1358 
 63932 1382 1343 
 63933 1360 1339 
 63934 1358 1353 
 63935 1368 1370 
 63936 1369 1374 
 63937 1389 1357 
 63938 1398 1376 
 63939 1366 1365 
 63940 1408 1379 
 63941 1421 1372 
 63942 1374 1367 
 63943 1441 1367 
 63944 1409 1373 
 63945 1383 1374 
 63946 1374 1347 
 63947 1323 1369 
 63948 1345 1382 
 63949 1354 1362 
 63950 1394 1382 
 63951 1386 1372 
 63952 1451 1380 
 63953 1453 1383 
 63954 1547 1395 
 63955 1576 1369 
 63956 1627 1399 
 63957 1643 1367 
 63958 1632 1401 
 63959 1562 1406 
 63960 1528 1390 
 63961 1448 1394 
 63962 1403 1402 
 63963 1348 1387 
 63964 1326 1398 
 63965 1288 1383 
 63966 1309 1407 
 63967 1306 1384 
 63968 1303 1399 
 63969 1338 1354 
 63970 1727 1310 
 63971 2886 1252 
 63972 3299 1233 
 63973 3299 1185 
 63974 3299 1137 
 63975 3299 1110 
 63976 3299 1064 
 63977 3299  998 
 63978 3299 1012 
 63979 2896  988 
 63980 2010  941 
 63981 1164  934 
 63982  586  902 
 63983  197  872 
 63984    8  871 
 63985    5  834 
 63986   12  832 
 63987    9  809 
 63988    8  792 
 63989    5  767 
 63990    8  735 
 63991   19  746 
 63992   13  701 
 63993    5  709 
 63994   11  685 
 63995    9  680 
 63996    9  658 
 63997  110  644 
 63998  303  640 
 63999  467  623 
 64000  626  600 
 64001  735  590 
 64002  867  584 
 64003  958  590 
 64004 1067  556 
 64005 1123  542 
 64006 1233  521 
 64007 1241  521 
 64008 1318  499 
 64009 1361  525 
 64010 1422  503 
 64011 1438  494 
 64012 1452  497 
 64013 1483  470 
 64014 1499  472 
 64015 1481  445 
 64016 1505  452 
 64017 1476  434 
 64018 1476  450 
 64019 1487  442 
 64020 1514  420 
 64021 1492  420 
 64022 1473  407 
 64023 1483  410 
 64024 1481  407 
 64025 1469  391 
 64026 1460  400 
 64027 1470  369 
 64028 1460  387 
 64029 1467  356 
 64030 1433  366 
 64031 1451  365 
 64032 1440  367 
 64033 1430  354 
 64034 1442  349 
 64035 1405  337 
 64036 1441  351 
 64037 1428  350 
 64038 1416  315 
 64039 1424  339 
 64040 1401  337 
 64041 1439  333 
 64042 1413  315 
 64043 1411  317 
 64044 1434  299 
 64045 1427  304 
 64046 1430  309 
 64047 1431  299 
 64048 1415  305 
 64049 1441  271 
 64050 1407  294 
 64051 1427  284 
 64052 1429  260 
 64053 1443  263 
 64054 1402  279 
 64055 1416  257 
 64056 1430  273 
 64057 1419  263 
 64058 1403  247 
 64059 1437  263 
 64060 1412  265 
 64061 1442  268 
 64062 1415  260 
 64063 1440  248 
 64064 1397  242 
 64065 1417  235 
 64066 1424  246 
 64067 1414  245 
 64068 1413  243 
 64069 1411  245 
 64070 1437  240 
 64071 1438  235 
 64072 1403  230 
 64073 1430  240 
 64074 1442  233 
 64075 1421  236 
 64076 1433  225 
 64077 1417  212 
 64078 1410  211 
 64079 1417  240 
 64080 1415  212 
 64081 1436  206 
 64082 1420  220 
 64083 1442  223 
 64084 1411  204 
 64085 1413  208 
 64086 1429  213 
 64087 1425  214 
 64088 1431  205 
 64089 1421  189 
 64090 1422  200 
 64091 1443  206 
 64092 1421  200 
 64093 1432  201 
 64094 1432  211 
 64095 1439  198 
 64096 1440  208 
 64097 1421  190 
 64098 1418  194 
 64099 1441  204 
 64100 1419  188 
 64101 1427  199 
 64102 1444  175 
 64103 1426  204 
 64104 1437  186 
 64105 1404  175 
 64106 1287  186 
 64107 1134  177 
 64108  905  185 
 64109  704  184 
 64110  508  171 
 64111  327  185 
 64112  212  165 
 64113  142  181 
 64114  143  193 
 64115  198  158 
 64116  283  171 
 64117  418  190 
 64118  552  170 
 64119  720  183 
 64120  877  169 
 64121 1040  162 
 64122 1229  150 
 64123 1345  181 
 64124 1525  186 
 64125 1643  171 
 64126 1729  159 
 64127 1785  180 
 64128 1853  165 
 64129 1903  167 
 64130 1966  170 
 64131 1992  179 
 64132 1966  163 
 64133 1997  180 
 64134 1965  165 
 64135 1975  159 
 64136 1913  162 
 64137 1945  155 
 64138 1930  159 
 64139 1866  156 
 64140 1849  168 
 64141 1840  142 
 64142 1825  157 
 64143 1805  181 
 64144 1769  171 
 64145 1748  129 
 64146 1722  152 
 64147 1715  161 
 64148 1692  167 
 64149 1670  154 
 64150 1648  156 
 64151 1632  144 
 64152 1601  138 
 64153 1613  176 
 64154 1560  169 
 64155 1580  145 
 64156 1550  174 
 64157 1541  168 
 64158 1557  161 
 64159 1528  126 
 