=~=~=~=~=~=~=~=~=~=~=~= PuTTY log 2024.04.25 11:29:30 =~=~=~=~=~=~=~=~=~=~=~=
 10464 1437  108 
 10465 1407   95 
 10466 1433  108 
 10467 1429  117 
 10468 1394  100 
 10469 1414  100 
 10470 1431  108 
 10471 1441  110 
 10472 1423  103 
 10473 1415  114 
 10474 1442  102 
 10475 1409  103 
 10476 1406  109 
 10477 1437  106 
 10478 1416  128 
 10479 1430   96 
 10480 1423  116 
 10481 1448  105 
 10482 1432  101 
 10483 1403   86 
 10484 1441   89 
 10485 1425  111 
 10486 1438  116 
 10487 1410  103 
 10488 1433  103 
 10489 1446  110 
 10490 1427   87 
 10491 1433   98 
 10492 1433  120 
 10493 1423  105 
 10494 1413  109 
 10495 1401   80 
 10496 1429  105 
 10497 1428   96 
 10498 1441  103 
 10499 1410   98 
 10500 1439  101 
 10501 1446   90 
 10502 1425  108 
 10503 1422   83 
 10504 1442  107 
 10505 1424  102 
 10506 1439  109 
 10507 1425  104 
 10508 1424  101 
 10509 1432  101 
 10510 1441   97 
 10511 1450  106 
 10512 1433  108 
 10513 1421   96 
 10514 1445  102 
 10515 1429  112 
 10516 1410   92 
 10517 1426  104 
 10518 1408   97 
 10519 1418   94 
 10520 1423  117 
 10521 1404  111 
 10522 1425   89 
 10523 1429  115 
 10524 1420   97 
 10525 1426  105 
 10526 1421  113 
 10527 1440  109 
 10528 1439  104 
 10529 1434   91 
 10530 1444  106 
 10531 1426  106 
 10532 1439  128 
 10533 1425  114 
 10534 1453  100 
 10535 1433  102 
 10536 1409  114 
 10537 1421   97 
 10538 1444   91 
 10539 1428  112 
 10540 1434  103 
 10541 1423  105 
 10542 1420  117 
 10543 1436  104 
 10544 1399   95 
 10545 1439  122 
 10546 1434  101 
 10547 1429   96 
 10548 1446  105 
 10549 1437   98 
 10550 1444  107 
 10551 1442  113 
 10552 1432   98 
 10553 1441  115 
 10554 1442  103 
 10555 1421  123 
 10556 1440  102 
 10557 1395   94 
 10558 1415  110 
 10559 1428   94 
 10560 1439  108 
 10561 1415  110 
 10562 1441   96 
 10563 1412   94 
 10564 1441   95 
 10565 1429   89 
 10566 1441  105 
 10567 1423  104 
 10568 1419   93 
 10569 1420   94 
 10570 1425  103 
 10571 1430  111 
 10572 1418  117 
 10573 1429  117 
 10574 1418  121 
 10575 1434   92 
 10576 1430   83 
 10577 1438   82 
 10578 1439  112 
 10579 1418   94 
 10580 1400  100 
 10581 1414   83 
 10582 1441   96 
 10583 1427  107 
 10584 1428  108 
 10585 1440  103 
 10586 1435  102 
 10587 1439  111 
 10588 1423  108 
 10589 1441  101 
 10590 1418  110 
 10591 1419  112 
 10592 1426  121 
 10593 1436  106 
 10594 1427  101 
 10595 1425  110 
 10596 1446  117 
 10597 1421  100 
 10598 1431  100 
 10599 1421  108 
 10600 1431  115 
 10601 1442  109 
 10602 1437  114 
 10603 1396  104 
 10604 1429  106 
 10605 1438  108 
 10606 1440   97 
 10607 1437  120 
 10608 1425  108 
 10609 1422  102 
 10610 1414  106 
 10611 1442  107 
 10612 1426   87 
 10613 1402  100 
 10614 1395  109 
 10615 1429  114 
 10616 1428   91 
 10617 1426   88 
 10618 1420  103 
 10619 1423  109 
 10620 1441  103 
 10621 1418  114 
 10622 1427   90 
 10623 1424   95 
 10624 1417   93 
 10625 1423   91 
 10626 1442   97 
 10627 1429  117 
 10628 1421  105 
 10629 1432  117 
 10630 1446   95 
 10631 1424   88 
 10632 1443  103 
 10633 1437  111 
 10634 1437   95 
 10635 1420  115 
 10636 1425  110 
 10637 1430  100 
 10638 1447   91 
 10639 1423   93 
 10640 1405  121 
 10641 1441  112 
 10642 1415  111 
 10643 1441   97 
 10644 1437   94 
 10645 1443  103 
 10646 1381  111 
 10647 1425   90 
 10648 1435  106 
 10649 1438  103 
 10650 1439  102 
 10651 1429   94 
 10652 1433   93 
 10653 1438  100 
 10654 1418   86 
 10655 1435   98 
 10656 1423   98 
 10657 1447  107 
 10658 1437  101 
 10659 1420   97 
 10660 1439  109 
 10661 1457  101 
 10662 1422  116 
 10663 1371  131 
 10664 1318  104 
 10665 1272  111 
 10666 1196  104 
 10667 1198  109 
 10668 1184  113 
 10669 1186  121 
 10670 1207  110 
 10671 1246  120 
 10672 1249  125 
 10673 1340  119 
 10674 1357  124 
 10675 1389  130 
 10676 1437  118 
 10677 1469  125 
 10678 1490  129 
 10679 1529  109 
 10680 1543  117 
 10681 1548  128 
 10682 1550  121 
 10683 1580  122 
 10684 1566  139 
 10685 1569  126 
 10686 1551  122 
 10687 1554  136 
 10688 1547  142 
 10689 1552  126 
 10690 1562  124 
 10691 1541  134 
 10692 1527  139 
 10693 1537  120 
 10694 1506  135 
 10695 1502  145 
 10696 1482  132 
 10697 1446  142 
 10698 1474  143 
 10699 1468  133 
 10700 1435  127 
 10701 1428  133 
 10702 1421  147 
 10703 1374  139 
 10704 1387  157 
 10705 1372  147 
 10706 1356  145 
 10707 1359  134 
 10708 1338  141 
 10709 1367  154 
 10710 1332  139 
 10711 1382  148 
 10712 1401  153 
 10713 1385  143 
 10714 1405  145 
 10715 1405  129 
 10716 1397  163 
 10717 1398  147 
 10718 1421  157 
 10719 1414  149 
 10720 1428  164 
 10721 1438  172 
 10722 1439  144 
 10723 1426  160 
 10724 1408  169 
 10725 1423  173 
 10726 1422  167 
 10727 1414  146 
 10728 1425  159 
 10729 1441  153 
 10730 1422  171 
 10731 1421  163 
 10732 1437  148 
 10733 1387  169 
 10734 1430  167 
 10735 1425  152 
 10736 1417  160 
 10737 1410  178 
 10738 1412  161 
 10739 1428  185 
 10740 1439  169 
 10741 1427  192 
 10742 1422  169 
 10743 1425  180 
 10744 1447  174 
 10745 1443  186 
 10746 1419  186 
 10747 1416  181 
 10748 1430  181 
 10749 1444  174 
 10750 1432  176 
 10751 1438  199 
 10752 1416  179 
 10753 1414  190 
 10754 1391  189 
 10755 1416  183 
 10756 1421  194 
 10757 1391  181 
 10758 1399  197 
 10759 1397  187 
 10760 1410  180 
 10761 1405  199 
 10762 1391  196 
 10763 1371  187 
 10764 1382  188 
 10765 1388  165 
 10766 1390  169 
 10767 1422  201 
 10768 1408  173 
 10769 1420  193 
 10770 1414  213 
 10771 1433  195 
 10772 1435  202 
 10773 1435  192 
 10774 1452  186 
 10775 1441  197 
 10776 1439  208 
 10777 1457  208 
 10778 1429  193 
 10779 1441  208 
 10780 1429  212 
 10781 1423  205 
 10782 1414  199 
 10783 1434  209 
 10784 1442  210 
 10785 1421  207 
 10786 1429  201 
 10787 1381  201 
 10788 1394  204 
 10789 1414  220 
 10790 1416  211 
 10791 1414  207 
 10792 1394  207 
 10793 1409  208 
 10794 1418  207 
 10795 1406  204 
 10796 1406  207 
 10797 1405  228 
 10798 1372  209 
 10799 1367  222 
 10800 1397  221 
 10801 1392  223 
 10802 1387  230 
 10803 1407  238 
 10804 1416  217 
 10805 1424  211 
 10806 1436  227 
 10807 1422  236 
 10808 1402  222 
 10809 1398  232 
 10810 1404  216 
 10811 1403  242 
 10812 1426  231 
 10813 1413  231 
 10814 1418  253 
 10815 1455  235 
 10816 1453  247 
 10817 1484  230 
 10818 1473  238 
 10819 1481  229 
 10820 1453  246 
 10821 1461  243 
 10822 1466  226 
 10823 1475  245 
 10824 1429  233 
 10825 1453  240 
 10826 1458  247 
 10827 1428  225 
 10828 1414  233 
 10829 1408  251 
 10830 1410  254 
 10831 1385  249 
 10832 1397  244 
 10833 1375  243 
 10834 1385  242 
 10835 1409  255 
 10836 1391  238 
 10837 1423  249 
 10838 1413  228 
 10839 1403  239 
 10840 1396  239 
 10841 1394  245 
 10842 1406  247 
 10843 1370  258 
 10844 1375  262 
 10845 1382  261 
 10846 1392  256 
 10847 1402  265 
 10848 1392  263 
 10849 1403  262 
 10850 1372  248 
 10851 1408  245 
 10852 1424  265 
 10853 1385  247 
 10854 1431  239 
 10855 1396  256 
 10856 1421  264 
 10857 1400  237 
 10858 1399  267 
 10859 1386  273 
 10860 1400  256 
 10861 1359  262 
 10862 1420  250 
 10863 1423  255 
 10864 1429  264 
 10865 1403  276 
 10866 1444  262 
 10867 1435  262 
 10868 1455  255 
 10869 1456  274 
 10870 1478  254 
 10871 1445  272 
 10872 1427  266 
 10873 1438  272 
 10874 1437  279 
 10875 1451  265 
 10876 1447  253 
 10877 1443  280 
 10878 1436  290 
 10879 1438  266 
 10880 1442  268 
 10881 1432  266 
 10882 1409  284 
 10883 1446  269 
 10884 1395  255 
 10885 1433  276 
 10886 1428  283 
 10887 1433  272 
 10888 1409  288 
 10889 1429  266 
 10890 1395  285 
 10891 1365  278 
 10892 1392  280 
 10893 1404  281 
 10894 1393  247 
 10895 1380  263 
 10896 1423  288 
 10897 1419  292 
 10898 1424  293 
 10899 1408  276 
 10900 1393  266 
 10901 1393  284 
 10902 1400  283 
 10903 1391  292 
 10904 1389  280 
 10905 1386  280 
 10906 1391  284 
 10907 1352  276 
 10908 1391  291 
 10909 1373  276 
 10910 1402  282 
 10911 1406  286 
 10912 1415  300 
 10913 1391  303 
 10914 1390  302 
 10915 1420  292 
 10916 1420  273 
 10917 1426  292 
 10918 1400  301 
 10919 1378  309 
 10920 1403  283 
 10921 1404  298 
 10922 1397  299 
 10923 1423  308 
 10924 1439  297 
 10925 1440  283 
 10926 1420  284 
 10927 1461  309 
 10928 1439  293 
 10929 1448  298 
 10930 1433  288 
 10931 1475  302 
 10932 1466  313 
 10933 1481  317 
 10934 1471  302 
 10935 1429  311 
 10936 1459  312 
 10937 1439  323 
 10938 1426  317 
 10939 1392  304 
 10940 1348  319 
 10941 1373  302 
 10942 1384  304 
 10943 1392  310 
 10944 1378  300 
 10945 1387  319 
 10946 1408  316 
 10947 1362  303 
 10948 1343  303 
 10949 1371  317 
 10950 1345  311 
 10951 1365  332 
 10952 1370  328 
 10953 1372  296 
 10954 1383  321 
 10955 1387  315 
 10956 1393  315 
 10957 1427  319 
 10958 1394  329 
 10959 1413  316 
 10960 1454  329 
 10961 1444  326 
 10962 1460  325 
 10963 1471  330 
 10964 1478  330 
 10965 1470  333 
 10966 1448  307 
 10967 1464  327 
 10968 1443  306 
 10969 1438  325 
 10970 1435  335 
 10971 1476  315 
 10972 1486  323 
 10973 1471  330 
 10974 1506  328 
 10975 1481  334 
 10976 1475  321 
 10977 1436  343 
 10978 1421  344 
 10979 1397  324 
 10980 1406  325 
 10981 1395  336 
 10982 1412  341 
 10983 1432  346 
 10984 1379  330 
 10985 1415  332 
 10986 1414  343 
 10987 1399  347 
 10988 1374  330 
 10989 1400  339 
 10990 1416  324 
 10991 1365  347 
 10992 1360  356 
 10993 1413  340 
 10994 1401  350 
 10995 1440  330 
 10996 1423  343 
 10997 1417  356 
 10998 1409  341 
 10999 1395  340 
 11000 1369  346 
 11001 1357  339 
 11002 1372  349 
 11003 1378  351 
 11004 1363  342 
 11005 1384  367 
 11006 1424  352 
 11007 1400  339 
 11008 1415  344 
 11009 1421  331 
 11010 1434  349 
 11011 1413  361 
 11012 1400  356 
 11013 1365  356 
 11014 1388  360 
 11015 1351  364 
 11016 1353  345 
 11017 1390  358 
 11018 1397  381 
 11019 1395  365 
 11020 1407  367 
 11021 1460  376 
 11022 1467  372 
 11023 1479  375 
 11024 1488  365 
 11025 1484  364 
 11026 1503  340 
 11027 1505  348 
 11028 1465  368 
 11029 1443  380 
 11030 1432  381 
 11031 1413  391 
 11032 1415  386 
 11033 1436  368 
 11034 1380  376 
 11035 1433  382 
 11036 1489  369 
 11037 1490  390 
 11038 1508  368 
 11039 1496  376 
 11040 1427  380 
 11041 1447  396 
 11042 1421  368 
 11043 1425  374 
 11044 1417  361 
 11045 1417  380 
 11046 1398  379 
 11047 1411  390 
 11048 1365  408 
 11049 1346  386 
 11050 1337  380 
 11051 1322  394 
 11052 1345  384 
 11053 1371  370 
 11054 1406  389 
 11055 1423  398 
 11056 1414  388 
 11057 1392  392 
 11058 1404  389 
 11059 1421  391 
 11060 1398  405 
 11061 1366  397 
 11062 1369  399 
 11063 1384  383 
 11064 1368  397 
 11065 1379  403 
 11066 1389  386 
 11067 1411  413 
 11068 1420  392 
 11069 1414  394 
 11070 1421  405 
 11071 1463  389 
 11072 1465  407 
 11073 1494  403 
 11074 1492  398 
 11075 1471  418 
 11076 1471  416 
 11077 1452  417 
 11078 1430  396 
 11079 1402  417 
 11080 1375  430 
 11081 1351  411 
 11082 1342  423 
 11083 1337  420 
 11084 1374  412 
 11085 1426  415 
 11086 1448  407 
 11087 1451  412 
 11088 1497  415 
 11089 1468  401 
 11090 1454  400 
 11091 1467  414 
 11092 1426  417 
 11093 1444  406 
 11094 1410  411 
 11095 1410  426 
 11096 1429  411 
 11097 1442  407 
 11098 1461  414 
 11099 1477  434 
 11100 1490  405 
 11101 1456  431 
 11102 1424  418 
 11103 1414  428 
 11104 1410  436 
 11105 1360  443 
 11106 1378  438 
 11107 1371  438 
 11108 1377  435 
 11109 1367  445 
 11110 1348  436 
 11111 1345  445 
 11112 1321  435 
 11113 1335  439 
 11114 1335  416 
 11115 1357  461 
 11116 1393  427 
 11117 1400  430 
 11118 1424  430 
 11119 1449  446 
 11120 1437  439 
 11121 1461  436 
 11122 1483  432 
 11123 1502  448 
 11124 1482  448 
 11125 1505  454 
 11126 1470  441 
 11127 1451  458 
 11128 1443  462 
 11129 1444  435 
 11130 1437  470 
 11131 1428  453 
 11132 1415  437 
 11133 1428  472 
 11134 1445  453 
 11135 1476  458 
 11136 1490  448 
 11137 1494  458 
 11138 1469  463 
 11139 1463  449 
 11140 1453  466 
 11141 1412  463 
 11142 1364  468 
 11143 1336  475 
 11144 1305  477 
 11145 1309  458 
 11146 1303  459 
 11147 1367  455 
 11148 1381  468 
 11149 1392  482 
 11150 1407  477 
 11151 1437  468 
 11152 1450  477 
 11153 1498  470 
 11154 1496  459 
 11155 1505  457 
 11156 1485  471 
 11157 1470  470 
 11158 1421  468 
 11159 1435  476 
 11160 1389  481 
 11161 1391  491 
 11162 1417  504 
 11163 1423  488 
 11164 1407  493 
 11165 1415  497 
 11166 1411  472 
 11167 1459  487 
 11168 1490  509 
 11169 1476  498 
 11170 1461  492 
 11171 1444  487 
 11172 1402  485 
 11173 1356  509 
 11174 1346  507 
 11175 1290  516 
 11176 1260  475 
 11177 1237  505 
 11178 1260  512 
 11179 1270  499 
 11180 1300  505 
 11181 1335  515 
 11182 1420  517 
 11183 1427  521 
 11184 1453  513 
 11185 1509  510 
 11186 1518  503 
 11187 1504  516 
 11188 1521  506 
 11189 1518  506 
 11190 1510  532 
 11191 1469  507 
 11192 1428  525 
 11193 1453  515 
 11194 1437  535 
 11195 1438  533 
 11196 1462  519 
 11197 1418  506 
 11198 1424  520 
 11199 1466  521 
 11200 1483  514 
 11201 1473  522 
 11202 1499  506 
 11203 1481  547 
 11204 1429  532 
 11205 1393  519 
 11206 1337  530 
 11207 1305  528 
 11208 1281  538 
 11209 1318  540 
 11210 1323  534 
 11211 1364  533 
 11212 1409  554 
 11213 1448  536 
 11214 1455  552 
 11215 1459  530 
 11216 1474  551 
 11217 1458  555 
 11218 1472  544 
 11219 1429  560 
 11220 1436  534 
 11221 1388  525 
 11222 1391  555 
 11223 1400  567 
 11224 1410  555 
 11225 1415  547 
 11226 1424  562 
 11227 1410  532 
 11228 1409  556 
 11229 1447  565 
 11230 1439  549 
 11231 1438  550 
 11232 1418  575 
 11233 1396  576 
 11234 1372  560 
 11235 1315  555 
 11236 1287  575 
 11237 1298  560 
 11238 1324  570 
 11239 1328  568 
 11240 1393  560 
 11241 1394  577 
 11242 1445  573 
 11243 1485  575 
 11244 1517  569 
 11245 1517  574 
 11246 1514  583 
 11247 1551  592 
 11248 1552  580 
 11249 1510  572 
 11250 1421  595 
 11251 1438  593 
 11252 1413  588 
 11253 1392  580 
 11254 1375  599 
 11255 1375  608 
 11256 1388  576 
 11257 1399  600 
 11258 1437  592 
 11259 1455  600 
 11260 1486  569 
 11261 1505  593 
 11262 1486  578 
 11263 1449  596 
 11264 1382  589 
 11265 1394  578 
 11266 1384  593 
 11267 1378  606 
 11268 1428  603 
 11269 1448  582 
 11270 1453  619 
 11271 1461  602 
 11272 1451  607 
 11273 1424  621 
 11274 1447  603 
 11275 1418  598 
 11276 1443  607 
 11277 1437  615 
 11278 1421  597 
 11279 1417  628 
 11280 1398  627 
 11281 1370  627 
 11282 1407  620 
 11283 1410  633 
 11284 1419  604 
 11285 1405  628 
 11286 1425  640 
 11287 1432  631 
 11288 1401  620 
 11289 1445  623 
 11290 1442  619 
 11291 1488  633 
 11292 1458  642 
 11293 1408  641 
 11294 1358  644 
 11295 1286  624 
 11296 1212  619 
 11297 1189  645 
 11298 1202  641 
 11299 1175  645 
 11300 1235  660 
 11301 1309  638 
 11302 1333  650 
 11303 1404  642 
 11304 1420  656 
 11305 1464  625 
 11306 1526  659 
 11307 1536  662 
 11308 1546  649 
 11309 1521  649 
 11310 1501  675 
 11311 1479  668 
 11312 1466  674 
 11313 1457  664 
 11314 1434  668 
 11315 1446  668 
 11316 1429  653 
 11317 1463  644 
 11318 1432  665 
 11319 1471  647 
 11320 1496  672 
 11321 1496  661 
 11322 1515  677 
 11323 1459  675 
 11324 1475  673 
 11325 1462  673 
 11326 1413  667 
 11327 1380  676 
 11328 1305  690 
 11329 1270  693 
 11330 1217  686 
 11331 1254  698 
 11332 1294  660 
 11333 1365  676 
 11334 1410  682 
 11335 1514  687 
 11336 1550  683 
 11337 1577  685 
 11338 1586  689 
 11339 1589  689 
 11340 1566  692 
 11341 1499  690 
 11342 1452  691 
 11343 1436  713 
 11344 1365  716 
 11345 1365  710 
 11346 1342  693 
 11347 1326  698 
 11348 1337  722 
 11349 1351  690 
 11350 1351  702 
 11351 1364  712 
 11352 1400  696 
 11353 1417  688 
 11354 1449  710 
 11355 1439  690 
 11356 1453  700 
 11357 1463  706 
 11358 1460  717 
 11359 1431  710 
 11360 1359  726 
 11361 1265  720 
 11362 1174  720 
 11363 1165  735 
 11364 1158  731 
 11365 1203  743 
 11366 1245  738 
 11367 1302  720 
 11368 1356  741 
 11369 1416  743 
 11370 1490  729 
 11371 1546  743 
 11372 1535  705 
 11373 1608  743 
 11374 1586  740 
 11375 1584  746 
 11376 1554  754 
 11377 1534  752 
 11378 1528  717 
 11379 1443  752 
 11380 1461  736 
 11381 1468  737 
 11382 1470  748 
 11383 1452  746 
 11384 1460  748 
 11385 1476  742 
 11386 1491  763 
 11387 1497  768 
 11388 1520  746 
 11389 1539  779 
 11390 1516  773 
 11391 1432  771 
 11392 1314  771 
 11393 1222  772 
 11394 1152  759 
 11395 1127  762 
 11396 1161  792 
 11397 1212  777 
 11398 1259  789 
 11399 1326  790 
 11400 1395  774 
 11401 1474  774 
 11402 1546  787 
 11403 1593  797 
 11404 1610  797 
 11405 1640  793 
 11406 1608  802 
 11407 1607  793 
 11408 1564  785 
 11409 1538  782 
 11410 1516  786 
 11411 1521  803 
 11412 1518  802 
 11413 1506  808 
 11414 1502  797 
 11415 1476  807 
 11416 1452  772 
 11417 1438  791 
 11418 1453  808 
 11419 1445  793 
 11420 1458  814 
 11421 1441  802 
 11422 1423  814 
 11423 1277  827 
 11424 1163  821 
 11425 1025  818 
 11426  947  823 
 11427  907  834 
 11428  936  840 
 11429  986  807 
 11430 1122  816 
 11431 1210  831 
 11432 1323  819 
 11433 1436  836 
 11434 1567  816 
 11435 1668  829 
 11436 1751  810 
 11437 1788  839 
 11438 1800  842 
 11439 1761  814 
 11440 1728  834 
 11441 1671  841 
 11442 1611  839 
 11443 1574  847 
 11444 1520  844 
 11445 1524  841 
 11446 1521  824 
 11447 1573  831 
 11448 1527  831 
 11449 1563  828 
 11450 1560  837 
 11451 1558  844 
 11452 1521  837 
 11453 1520  840 
 11454 1440  843 
 11455 1339  856 
 11456 1111  878 
 11457  913  880 
 11458  718  855 
 11459  641  866 
 11460  643  868 
 11461  731  862 
 11462  870  880 
 11463 1051  884 
 11464 1243  882 
 11465 1468  868 
 11466 1638  866 
 11467 1814  864 
 11468 1924  879 
 11469 2023  894 
 11470 2036  874 
 11471 1994  890 
 11472 1939  886 
 11473 1826  875 
 11474 1758  889 
 11475 1635  876 
 11476 1591  881 
 11477 1522  904 
 11478 1457  887 
 11479 1437  879 
 11480 1473  895 
 11481 1479  874 
 11482 1471  884 
 11483 1511  869 
 11484 1489  902 
 11485 1484  890 
 11486 1396  881 
 11487 1322  902 
 11488 1166  934 
 11489  949  896 
 11490  738  906 
 11491  613  915 
 11492  564  935 
 11493  588  922 
 11494  709  924 
 11495  845  928 
 11496 1059  938 
 11497 1227  924 
 11498 1468  924 
 11499 1664  921 
 11500 1862  936 
 11501 1996  937 
 11502 2092  919 
 11503 2150  929 
 11504 2146  917 
 11505 2076  933 
 11506 1985  937 
 11507 1900  933 
 11508 1793  922 
 11509 1704  945 
 11510 1632  919 
 11511 1565  936 
 11512 1519  948 
 11513 1502  949 
 11514 1464  917 
 11515 1428  939 
 11516 1375  942 
 11517 1307  957 
 11518 1213  950 
 11519 1047  947 
 11520  892  964 
 11521  713  967 
 11522  573  964 
 11523  512  960 
 11524  523  964 
 11525  622  953 
 11526  795  954 
 11527  991  986 
 11528 1225  980 
 11529 1467  960 
 11530 1700  961 
 11531 1910  973 
 11532 2103  961 
 11533 2211  947 
 11534 2289  953 
 11535 2307  984 
 11536 2257  946 
 11537 2145  977 
 11538 1999  984 
 11539 1856  984 
 11540 1733  972 
 11541 1580  975 
 11542 1452  970 
 11543 1322  979 
 11544 1245  985 
 11545 1180  998 
 11546 1156  984 
 11547 1118  997 
 11548 1073  991 
 11549 1078 1001 
 11550 1019 1016 
 11551  928 1026 
 11552  836 1003 
 11553  700 1009 
 11554  622 1024 
 11555  572 1009 
 11556  651 1016 
 11557  786 1037 
 11558  975 1017 
 11559 1191 1038 
 11560 1397 1009 
 11561 1670 1016 
 11562 1898 1016 
 11563 2103 1017 
 11564 2250 1014 
 11565 2396 1007 
 11566 2458 1003 
 11567 2459 1038 
 11568 2338 1035 
 11569 2214 1041 
 11570 2022 1024 
 11571 1820 1036 
 11572 1668 1044 
 11573 1490 1033 
 11574 1334 1014 
 11575 1205 1023 
 11576 1125  995 
 11577 1033 1041 
 11578 1041 1041 
 11579 1023 1035 
 11580  992 1037 
 11581 1065 1036 
 11582 1024 1053 
 11583 1003 1055 
 11584  909 1084 
 11585  803 1066 
 11586  712 1081 
 11587  685 1087 
 11588  720 1077 
 11589  862 1072 
 11590 1040 1070 
 11591 1206 1054 
 11592 1480 1053 
 11593 1680 1071 
 11594 1950 1050 
 11595 2126 1074 
 11596 2317 1074 
 11597 2429 1063 
 11598 2485 1083 
 11599 2404 1080 
 11600 2278 1086 
 11601 2103 1088 
 11602 1892 1089 
 11603 1682 1089 
 11604 1491 1072 
 11605 1322 1079 
 11606 1174 1082 
 11607 1103 1074 
 11608 1045 1079 
 11609 1037 1092 
 11610 1031 1080 
 11611 1049 1082 
 11612 1077 1094 
 11613 1107 1085 
 11614 1135 1100 
 11615 1184 1116 
 11616 1157 1109 
 11617 1152 1103 
 11618 1038 1110 
 11619  945 1109 
 11620  853 1113 
 11621  801 1098 
 11622  857 1117 
 11623 1011 1117 
 11624 1159 1115 
 11625 1339 1122 
 11626 1542 1133 
 11627 1766 1100 
 11628 1948 1118 
 11629 2089 1118 
 11630 2211 1129 
 11631 2239 1114 
 11632 2215 1117 
 11633 2104 1132 
 11634 1949 1125 
 11635 1783 1106 
 11636 1594 1123 
 11637 1465 1122 
 11638 1319 1134 
 11639 1217 1106 
 11640 1172 1145 
 11641 1119 1148 
 11642 1110 1130 
 11643 1109 1124 
 11644 1105 1146 
 11645 1134 1135 
 11646 1165 1151 
 11647 1211 1146 
 11648 1212 1163 
 11649 1195 1173 
 11650 1165 1164 
 11651 1089 1164 
 11652 1039 1166 
 11653 1004 1172 
 11654 1110 1175 
 11655 1146 1155 
 11656 1324 1168 
 11657 1456 1148 
 11658 1599 1151 
 11659 1814 1154 
 11660 1915 1173 
 11661 2018 1153 
 11662 2012 1175 
 11663 1989 1155 
 11664 1907 1137 
 11665 1762 1145 
 11666 1627 1190 
 11667 1483 1174 
 11668 1368 1185 
 11669 1289 1184 
 11670 1240 1190 
 11671 1169 1174 
 11672 1223 1184 
 11673 1213 1175 
 11674 1216 1176 
 11675 1241 1200 
 11676 1274 1205 
 11677 1291 1192 
 11678 1302 1189 
 11679 1344 1178 
 11680 1341 1198 
 11681 1368 1206 
 11682 1306 1214 
 11683 1210 1205 
 11684 1135 1227 
 11685 1061 1221 
 11686 1025 1223 
 11687 1037 1214 
 11688 1145 1217 
 11689 1302 1216 
 11690 1474 1227 
 11691 1633 1213 
 11692 1844 1218 
 11693 1974 1209 
 11694 2043 1215 
 11695 2080 1216 
 11696 2038 1208 
 11697 1924 1209 
 11698 1784 1213 
 11699 1637 1233 
 11700 1540 1237 
 11701 1409 1230 
 11702 1322 1242 
 11703 1285 1237 
 11704 1256 1204 
 11705 1250 1233 
 11706 1244 1238 
 11707 1230 1249 
 11708 1247 1245 
 11709 1231 1252 
 11710 1232 1256 
 11711 1297 1250 
 11712 1285 1258 
 11713 1301 1250 
 11714 1298 1253 
 11715 1271 1258 
 11716 1232 1257 
 11717 1127 1273 
 11718 1108 1267 
 11719 1062 1254 
 11720 1136 1264 
 11721 1224 1259 
 11722 1395 1279 
 11723 1516 1271 
 11724 1684 1259 
 11725 1833 1268 
 11726 1923 1246 
 11727 1920 1258 
 11728 1931 1264 
 11729 1871 1294 
 11730 1748 1289 
 11731 1653 1297 
 11732 1529 1290 
 11733 1444 1266 
 11734 1367 1275 
 11735 1305 1279 
 11736 1266 1279 
 11737 1240 1269 
 11738 1233 1308 
 11739 1262 1286 
 11740 1257 1299 
 11741 1287 1288 
 11742 1276 1303 
 11743 1300 1303 
 11744 1318 1316 
 11745 1307 1301 
 11746 1313 1301 
 11747 1350 1321 
 11748 1332 1313 
 11749 1309 1317 
 11750 1259 1306 
 11751 1188 1334 
 11752 1157 1315 
 11753 1189 1329 
 11754 1260 1301 
 11755 1340 1338 
 11756 1524 1325 
 11757 1626 1320 
 11758 1739 1317 
 11759 1791 1314 
 11760 1821 1315 
 11761 1806 1321 
 11762 1747 1324 
 11763 1652 1314 
 11764 1566 1338 
 11765 1481 1328 
 11766 1400 1356 
 11767 1359 1332 
 11768 1325 1346 
 11769 1301 1340 
 11770 1305 1337 
 11771 1301 1327 
 11772 1283 1326 
 11773 1309 1350 
 11774 1306 1354 
 11775 1299 1364 
 11776 1299 1347 
 11777 1338 1361 
 11778 1345 1369 
 11779 1360 1363 
 11780 1341 1358 
 11781 1256 1359 
 11782 1254 1358 
 11783 1240 1384 
 11784 1268 1368 
 11785 1343 1369 
 11786 1465 1368 
 11787 1559 1352 
 11788 1633 1376 
 11789 1661 1376 
 11790 1642 1393 
 11791 1642 1373 
 11792 1576 1387 
 11793 1564 1384 
 11794 1527 1382 
 11795 1461 1386 
 11796 1404 1369 
 11797 1345 1374 
 11798 1341 1379 
 11799 1315 1374 
 11800 1339 1399 
 11801 1351 1382 
 11802 1356 1394 
 11803 1397 1405 
 11804 1403 1411 
 11805 1406 1398 
 11806 1413 1412 
 11807 1381 1415 
 11808 1402 1396 
 11809 1384 1388 
 11810 1376 1393 
 11811 1355 1378 
 11812 1343 1407 
 11813 1318 1417 
 11814 1336 1407 
 11815 1291 1411 
 11816 1264 1423 
 11817 1245 1438 
 11818 1240 1424 
 11819 1259 1427 
 11820 1320 1422 
 11821 1398 1445 
 11822 1473 1433 
 11823 1548 1447 
 11824 1612 1428 
 11825 1629 1451 
 11826 1641 1452 
 11827 1611 1450 
 11828 1611 1431 
 11829 1611 1435 
 11830 1592 1424 
 11831 1528 1452 
 11832 1507 1451 
 11833 1477 1438 
 11834 1448 1443 
 11835 1434 1456 
 11836 1428 1457 
 11837 1449 1454 
 11838 1455 1438 
 11839 1441 1445 
 11840 1441 1455 
 11841 1414 1473 
 11842 1397 1481 
 11843 1376 1465 
 11844 1385 1479 
 11845 1413 1476 
 11846 1392 1466 
 11847 1392 1463 
 11848 1379 1480 
 11849 1337 1475 
 11850 1307 1477 
 11851 1252 1495 
 11852 1238 1486 
 11853 1223 1495 
 11854 1281 1506 
 11855 1351 1487 
 11856 1411 1496 
 11857 1459 1486 
 11858 1514 1501 
 11859 1501 1495 
 11860 1517 1490 
 11861 1567 1489 
 11862 1564 1485 
 11863 1552 1487 
 11864 1525 1496 
 11865 1462 1492 
 11866 1457 1490 
 11867 1449 1514 
 11868 1397 1494 
 11869 1411 1503 
 11870 1397 1511 
 11871 1392 1513 
 11872 1394 1503 
 11873 1405 1512 
 11874 1369 1510 
 11875 1382 1528 
 11876 1354 1520 
 11877 1354 1517 
 11878 1383 1500 
 11879 1376 1515 
 11880 1368 1538 
 11881 1364 1539 
 11882 1352 1549 
 11883 1309 1520 
 11884 1296 1519 
 11885 1258 1527 
 11886 1264 1506 
 11887 1312 1547 
 11888 1350 1527 
 11889 1449 1525 
 11890 1489 1529 
 11891 1528 1542 
 11892 1569 1524 
 11893 1582 1533 
 11894 1593 1549 
 11895 1621 1554 
 11896 1575 1547 
 11897 1565 1547 
 11898 1566 1553 
 11899 1509 1554 
 11900 1469 1540 
 11901 1417 1575 
 11902 1372 1562 
 11903 1350 1578 
 11904 1349 1561 
 11905 1339 1555 
 11906 1322 1557 
 11907 1335 1588 
 11908 1320 1554 
 11909 1335 1591 
 11910 1342 1575 
 11911 1361 1562 
 11912 1364 1577 
 11913 1383 1591 
 11914 1384 1597 
 11915 1554 1490 
 11916 2479 1451 
 11917 3299 1388 
 11918 3299 1302 
 11919 3299 1267 
 11920 3299 1217 
 11921 3299 1159 
 11922 3299 1115 
 11923 3299 1103 
 11924 3185 1056 
 11925 2191 1035 
 11926 1379 1005 
 11927  709  948 
 11928  225  950 
 11929   12  914 
 11930    5  886 
 11931    7  857 
 11932    4  842 
 11933   11  818 
 11934    4  777 
 11935   12  773 
 11936    5  732 
 11937    5  733 
 11938   14  681 
 11939    9  693 
 11940   13  642 
 11941   13  648 
 11942   32  632 
 11943  193  614 
 11944  353  620 
 11945  551  602 
 11946  702  588 
 11947  823  572 
 11948  922  566 
 11949 1025  556 
 11950 1098  553 
 11951 1207  536 
 11952 1235  519 
 11953 1306  508 
 11954 1352  471 
 11955 1392  472 
 11956 1440  466 
 11957 1460  470 
 11958 1473  464 
 11959 1519  442 
 11960 1486  430 
 11961 1472  428 
 11962 1506  428 
 11963 1519  409 
 11964 1508  408 
 11965 1491  383 
 11966 1481  402 
 11967 1499  383 
 11968 1491  372 
 11969 1477  364 
 11970 1480  376 
 11971 1444  358 
 11972 1471  363 
 11973 1442  345 
 11974 1452  359 
 11975 1450  337 
 11976 1430  306 
 11977 1416  336 
 11978 1435  333 
 11979 1412  304 
 11980 1405  322 
 11981 1402  303 
 11982 1423  317 
 11983 1401  320 
 11984 1423  308 
 11985 1410  288 
 11986 1419  302 
 11987 1435  283 
 11988 1441  293 
 11989 1406  278 
 11990 1437  287 
 11991 1422  265 
 11992 1434  271 
 11993 1433  290 
 11994 1434  268 
 11995 1421  254 
 11996 1440  271 
 11997 1412  275 
 11998 1435  263 
 11999 1426  263 
 12000 1414  263 
 12001 1439  254 
 12002 1425  251 
 12003 1438  236 
 12004 1420  231 
 12005 1411  251 
 12006 1426  242 
 12007 1438  234 
 12008 1428  233 
 12009 1411  248 
 12010 1427  226 
 12011 1423  230 
 12012 1429  228 
 12013 1429  219 
 12014 1423  218 
 12015 1429  231 
 12016 1421  227 
 12017 1426  213 
 12018 1436  213 
 12019 1433  216 
 12020 1429  224 
 12021 1442  213 
 12022 1423  214 
 12023 1440  205 
 12024 1425  217 
 12025 1425  225 
 12026 1421  200 
 12027 1428  196 
 12028 1441  210 
 12029 1425  203 
 12030 1427  205 
 12031 1439  223 
 12032 1442  197 
 12033 1428  204 
 12034 1434  208 
 12035 1417  191 
 12036 1425  219 
 12037 1425  171 
 12038 1434  188 
 12039 1440  182 
 12040 1445  171 
 12041 1425  184 
 12042 1433  177 
 12043 1429  205 
 12044 1421  200 
 12045 1410  181 
 12046 1442  194 
 12047 1438  188 
 12048 1433  178 
 12049 1444  176 
 12050 1398  172 
 12051 1430  193 
 12052 1406  173 
 12053 1410  184 
 12054 1414  191 
 12055 1433  188 
 12056 1408  184 
 12057 1428  180 
 12058 1400  164 
 12059 1446  154 
 12060 1418  179 
 12061 1425  180 
 12062 1415  172 
 12063 1418  177 
 12064 1416  169 
 12065 1439  172 
 12066 1418  173 
 12067 1414  167 
 12068 1442  138 
 12069 1434  148 
 12070 1449  162 
 12071 1369  154 
 12072 1243  167 
 12073 1023  159 
 12074  773  143 
 12075  549  153 
 12076  328  149 
 12077  171  157 
 12078  105  153 
 12079   61  156 
 12080  118  169 
 12081  202  153 
 12082  322  145 
 12083  474  160 
 12084  623  175 
 12085  787  160 
 12086  924  144 
 12087 1066  167 
 12088 1229  134 
 12089 1405  147 
 12090 1550  152 
 12091 1752  149 
 12092 1861  151 
 12093 1948  140 
 12094 2038  155 
 12095 2059  156 
 12096 2058  158 
 12097 2031  158 
 12098 1987  122 
 12099 1965  134 
 12100 2001  150 
 12101 2005  133 
 12102 2028  147 
 12103 1966  147 
 12104 1838  150 
 12105 1588  170 
 12106 1279  151 
 12107 1040  164 
 12108  933  157 
 12109  982  162 
 12110 1128  175 
 12111 1320  178 
 12112 1440  180 
 12113 1532  154 
 12114 1664  182 
 12115 1769  187 
 12116 1769  186 
 12117 1785  161 
 12118 1949  187 
 12119 2072  176 
 12120 2177  163 
 12121 2250  164 
 12122 2301  175 
 12123 2244  162 
 12124 2119  172 
 12125 2016  164 
 12126 1935  182 
 12127 1829  184 
 12128 1773  168 
 12129 1798  190 
 12130 1709  176 
 12131 1638  151 
 12132 1604  163 
 12133 1611  178 
 12134 1550  157 
 12135 1520  164 
 12136 1530  172 
 12137 1521  161 
 12138 1534  170 
 12139 1562  152 
 12140 1629  171 
 12141 1547  161 
 12142 1481  149 
 12143 1436  176 
 12144 1435  174 
 12145 1286  154 
 12146 1118  164 
 12147 1002  171 
 12148  971  174 
 12149 1039  175 
 12150 1158  176 
 12151 1335  171 
 