=~=~=~=~=~=~=~=~=~=~=~= PuTTY log 2024.04.25 11:47:13 =~=~=~=~=~=~=~=~=~=~=~=
 61096 1439   86 
 61097 1419  107 
 61098 1438   96 
 61099 1437   87 
 61100 1419  105 
 61101 1392  111 
 61102 1433  118 
 61103 1435  106 
 61104 1423   93 
 61105 1434   97 
 61106 1444  104 
 61107 1429   88 
 61108 1424   97 
 61109 1407  117 
 61110 1435  111 
 61111 1410   98 
 61112 1423   88 
 61113 1437  105 
 61114 1428   81 
 61115 1440  100 
 61116 1426  102 
 61117 1438  102 
 61118 1401  101 
 61119 1412   95 
 61120 1434  111 
 61121 1409   82 
 61122 1435  112 
 61123 1432  102 
 61124 1406  105 
 61125 1409  114 
 61126 1434   88 
 61127 1449  118 
 61128 1421  110 
 61129 1432  106 
 61130 1436   64 
 61131 1419   99 
 61132 1421  106 
 61133 1437  105 
 61134 1431   96 
 61135 1420  108 
 61136 1413  103 
 61137 1401   99 
 61138 1424  100 
 61139 1412  108 
 61140 1446  108 
 61141 1431  116 
 61142 1438  109 
 61143 1440  108 
 61144 1411  103 
 61145 1415  113 
 61146 1444  107 
 61147 1409  116 
 61148 1438   97 
 61149 1415  101 
 61150 1440   97 
 61151 1418  104 
 61152 1436  121 
 61153 1429  102 
 61154 1432  106 
 61155 1420   99 
 61156 1419   88 
 61157 1430  105 
 61158 1425  113 
 61159 1417  111 
 61160 1450  116 
 61161 1419  109 
 61162 1422   87 
 61163 1430   94 
 61164 1405  116 
 61165 1434   92 
 61166 1420  103 
 61167 1448  116 
 61168 1426  112 
 61169 1416   97 
 61170 1431   91 
 61171 1442   98 
 61172 1438   96 
 61173 1411   97 
 61174 1442  109 
 61175 1443   87 
 61176 1431  116 
 61177 1442  102 
 61178 1429  106 
 61179 1443  105 
 61180 1417   99 
 61181 1434  106 
 61182 1436  116 
 61183 1427  112 
 61184 1421  111 
 61185 1432  113 
 61186 1410  103 
 61187 1384   89 
 61188 1452  110 
 61189 1425  103 
 61190 1425   98 
 61191 1427  117 
 61192 1399  108 
 61193 1404  111 
 61194 1424  100 
 61195 1437   93 
 61196 1442  100 
 61197 1439  108 
 61198 1418   98 
 61199 1431   99 
 61200 1417   96 
 61201 1402  112 
 61202 1415   96 
 61203 1429  108 
 61204 1421  115 
 61205 1420   90 
 61206 1438  100 
 61207 1420   96 
 61208 1416   83 
 61209 1430   91 
 61210 1407  117 
 61211 1431  102 
 61212 1424   93 
 61213 1418   74 
 61214 1427  113 
 61215 1438  114 
 61216 1435  106 
 61217 1431  112 
 61218 1429   97 
 61219 1430  110 
 61220 1426  108 
 61221 1425  121 
 61222 1431  103 
 61223 1437   92 
 61224 1437  117 
 61225 1410  103 
 61226 1442   81 
 61227 1444  115 
 61228 1427  100 
 61229 1417  108 
 61230 1438  105 
 61231 1431  104 
 61232 1425   76 
 61233 1431  110 
 61234 1436  105 
 61235 1417  116 
 61236 1440  105 
 61237 1435  106 
 61238 1419  109 
 61239 1421  106 
 61240 1422  112 
 61241 1407  102 
 61242 1410  113 
 61243 1427  112 
 61244 1423  127 
 61245 1413  109 
 61246 1423  104 
 61247 1429  107 
 61248 1431  106 
 61249 1414  105 
 61250 1459  106 
 61251 1450  112 
 61252 1435  100 
 61253 1359  107 
 61254 1309  109 
 61255 1212  106 
 61256 1156  122 
 61257 1135  111 
 61258 1111  113 
 61259 1137  125 
 61260 1164  118 
 61261 1214  132 
 61262 1276  119 
 61263 1313  117 
 61264 1410  120 
 61265 1512  127 
 61266 1582  121 
 61267 1596  107 
 61268 1649  116 
 61269 1666  125 
 61270 1668  126 
 61271 1663  128 
 61272 1632  113 
 61273 1605  121 
 61274 1568  127 
 61275 1527  125 
 61276 1547  145 
 61277 1506  135 
 61278 1496  139 
 61279 1479  135 
 61280 1469  105 
 61281 1468  139 
 61282 1462  123 
 61283 1430  129 
 61284 1443  141 
 61285 1427  128 
 61286 1451  122 
 61287 1442  134 
 61288 1450  142 
 61289 1488  128 
 61290 1436  149 
 61291 1459  120 
 61292 1440  147 
 61293 1407  133 
 61294 1372  123 
 61295 1384  133 
 61296 1368  137 
 61297 1373  153 
 61298 1370  138 
 61299 1380  140 
 61300 1376  140 
 61301 1376  133 
 61302 1384  153 
 61303 1384  146 
 61304 1408  141 
 61305 1416  135 
 61306 1419  141 
 61307 1421  159 
 61308 1401  150 
 61309 1402  141 
 61310 1412  145 
 61311 1414  154 
 61312 1401  152 
 61313 1410  145 
 61314 1381  158 
 61315 1416  145 
 61316 1411  145 
 61317 1409  156 
 61318 1421  158 
 61319 1424  164 
 61320 1414  169 
 61321 1433  157 
 61322 1442  146 
 61323 1432  170 
 61324 1429  164 
 61325 1416  154 
 61326 1444  169 
 61327 1440  144 
 61328 1429  152 
 61329 1426  152 
 61330 1412  164 
 61331 1448  171 
 61332 1434  169 
 61333 1425  162 
 61334 1403  170 
 61335 1419  164 
 61336 1423  171 
 61337 1433  174 
 61338 1439  162 
 61339 1435  175 
 61340 1427  145 
 61341 1429  172 
 61342 1423  171 
 61343 1419  163 
 61344 1402  173 
 61345 1410  175 
 61346 1390  164 
 61347 1422  175 
 61348 1420  179 
 61349 1425  170 
 61350 1419  160 
 61351 1393  176 
 61352 1421  185 
 61353 1402  167 
 61354 1389  176 
 61355 1403  165 
 61356 1407  176 
 61357 1407  177 
 61358 1438  181 
 61359 1419  179 
 61360 1422  170 
 61361 1433  175 
 61362 1436  202 
 61363 1419  185 
 61364 1414  179 
 61365 1431  188 
 61366 1429  183 
 61367 1433  192 
 61368 1426  181 
 61369 1422  186 
 61370 1441  203 
 61371 1402  198 
 61372 1414  188 
 61373 1421  189 
 61374 1440  184 
 61375 1404  209 
 61376 1410  197 
 61377 1400  196 
 61378 1420  189 
 61379 1436  191 
 61380 1422  211 
 61381 1411  206 
 61382 1416  207 
 61383 1442  195 
 61384 1428  198 
 61385 1419  198 
 61386 1385  209 
 61387 1410  202 
 61388 1426  186 
 61389 1406  180 
 61390 1437  208 
 61391 1418  186 
 61392 1398  203 
 61393 1384  227 
 61394 1381  193 
 61395 1402  220 
 61396 1380  204 
 61397 1401  207 
 61398 1409  222 
 61399 1422  196 
 61400 1396  201 
 61401 1436  202 
 61402 1425  225 
 61403 1423  213 
 61404 1422  207 
 61405 1455  217 
 61406 1417  224 
 61407 1432  222 
 61408 1428  202 
 61409 1416  202 
 61410 1428  233 
 61411 1413  227 
 61412 1400  227 
 61413 1412  219 
 61414 1419  204 
 61415 1417  216 
 61416 1425  222 
 61417 1412  233 
 61418 1419  218 
 61419 1424  226 
 61420 1402  222 
 61421 1426  222 
 61422 1434  221 
 61423 1408  218 
 61424 1410  204 
 61425 1403  209 
 61426 1426  231 
 61427 1443  229 
 61428 1430  242 
 61429 1411  222 
 61430 1371  235 
 61431 1380  224 
 61432 1351  226 
 61433 1337  239 
 61434 1391  249 
 61435 1380  245 
 61436 1395  235 
 61437 1421  239 
 61438 1400  227 
 61439 1426  235 
 61440 1446  240 
 61441 1447  240 
 61442 1426  236 
 61443 1445  254 
 61444 1451  236 
 61445 1429  237 
 61446 1421  232 
 61447 1440  244 
 61448 1428  236 
 61449 1407  245 
 61450 1404  251 
 61451 1430  226 
 61452 1401  240 
 61453 1405  252 
 61454 1423  263 
 61455 1450  266 
 61456 1442  245 
 61457 1462  256 
 61458 1472  238 
 61459 1451  253 
 61460 1449  244 
 61461 1455  238 
 61462 1436  249 
 61463 1438  263 
 61464 1442  253 
 61465 1428  268 
 61466 1420  259 
 61467 1398  272 
 61468 1391  258 
 61469 1376  266 
 61470 1367  264 
 61471 1314  255 
 61472 1312  253 
 61473 1319  261 
 61474 1331  269 
 61475 1360  245 
 61476 1386  265 
 61477 1416  263 
 61478 1425  283 
 61479 1445  261 
 61480 1459  271 
 61481 1458  267 
 61482 1455  272 
 61483 1438  252 
 61484 1447  253 
 61485 1433  256 
 61486 1444  278 
 61487 1423  264 
 61488 1413  275 
 61489 1427  261 
 61490 1419  272 
 61491 1410  286 
 61492 1401  278 
 61493 1407  276 
 61494 1435  268 
 61495 1405  273 
 61496 1399  287 
 61497 1421  273 
 61498 1428  264 
 61499 1424  276 
 61500 1432  280 
 61501 1405  282 
 61502 1429  290 
 61503 1417  262 
 61504 1439  288 
 61505 1417  298 
 61506 1424  284 
 61507 1415  278 
 61508 1412  307 
 61509 1396  295 
 61510 1342  293 
 61511 1352  274 
 61512 1337  281 
 61513 1381  280 
 61514 1376  279 
 61515 1389  289 
 61516 1400  285 
 61517 1449  305 
 61518 1447  293 
 61519 1476  284 
 61520 1450  289 
 61521 1476  299 
 61522 1464  300 
 61523 1434  300 
 61524 1429  289 
 61525 1415  291 
 61526 1426  286 
 61527 1438  297 
 61528 1410  281 
 61529 1414  298 
 61530 1415  315 
 61531 1414  299 
 61532 1427  294 
 61533 1428  301 
 61534 1416  299 
 61535 1428  294 
 61536 1426  319 
 61537 1432  295 
 61538 1422  298 
 61539 1398  294 
 61540 1430  314 
 61541 1416  312 
 61542 1428  317 
 61543 1428  312 
 61544 1419  307 
 61545 1427  308 
 61546 1421  313 
 61547 1418  316 
 61548 1430  314 
 61549 1400  300 
 61550 1409  301 
 61551 1386  309 
 61552 1367  326 
 61553 1349  327 
 61554 1313  332 
 61555 1363  318 
 61556 1317  308 
 61557 1410  306 
 61558 1433  318 
 61559 1444  323 
 61560 1428  313 
 61561 1478  328 
 61562 1483  311 
 61563 1454  333 
 61564 1490  316 
 61565 1472  329 
 61566 1439  333 
 61567 1455  335 
 61568 1454  323 
 61569 1435  315 
 61570 1419  325 
 61571 1443  334 
 61572 1421  333 
 61573 1431  348 
 61574 1425  346 
 61575 1449  345 
 61576 1441  328 
 61577 1433  321 
 61578 1407  322 
 61579 1434  336 
 61580 1405  330 
 61581 1435  350 
 61582 1405  323 
 61583 1437  326 
 61584 1435  349 
 61585 1425  343 
 61586 1412  342 
 61587 1405  357 
 61588 1396  349 
 61589 1348  335 
 61590 1328  362 
 61591 1333  355 
 61592 1330  346 
 61593 1342  358 
 61594 1378  360 
 61595 1403  346 
 61596 1419  343 
 61597 1440  337 
 61598 1455  351 
 61599 1497  357 
 61600 1511  358 
 61601 1491  356 
 61602 1496  367 
 61603 1469  349 
 61604 1462  361 
 61605 1473  336 
 61606 1444  366 
 61607 1445  368 
 61608 1441  347 
 61609 1421  359 
 61610 1449  372 
 61611 1437  372 
 61612 1433  372 
 61613 1420  378 
 61614 1425  362 
 61615 1394  348 
 61616 1421  363 
 61617 1420  377 
 61618 1410  368 
 61619 1433  362 
 61620 1428  372 
 61621 1413  373 
 61622 1426  353 
 61623 1412  388 
 61624 1415  385 
 61625 1413  391 
 61626 1384  380 
 61627 1347  386 
 61628 1296  374 
 61629 1290  372 
 61630 1307  382 
 61631 1328  382 
 61632 1365  382 
 61633 1410  381 
 61634 1417  383 
 61635 1456  369 
 61636 1460  393 
 61637 1507  387 
 61638 1477  389 
 61639 1488  388 
 61640 1469  385 
 61641 1485  392 
 61642 1479  390 
 61643 1436  394 
 61644 1452  401 
 61645 1442  406 
 61646 1436  391 
 61647 1399  395 
 61648 1418  399 
 61649 1425  402 
 61650 1431  383 
 61651 1452  403 
 61652 1458  401 
 61653 1424  402 
 61654 1431  404 
 61655 1448  401 
 61656 1441  389 
 61657 1417  382 
 61658 1441  403 
 61659 1410  409 
 61660 1401  405 
 61661 1402  397 
 61662 1422  423 
 61663 1431  410 
 61664 1395  417 
 61665 1325  420 
 61666 1317  403 
 61667 1305  424 
 61668 1270  418 
 61669 1278  417 
 61670 1290  410 
 61671 1332  413 
 61672 1376  432 
 61673 1411  402 
 61674 1442  416 
 61675 1468  432 
 61676 1475  420 
 61677 1514  408 
 61678 1531  438 
 61679 1495  426 
 61680 1470  438 
 61681 1480  419 
 61682 1488  428 
 61683 1433  428 
 61684 1442  412 
 61685 1442  431 
 61686 1421  434 
 61687 1434  439 
 61688 1436  429 
 61689 1440  424 
 61690 1421  448 
 61691 1420  451 
 61692 1434  439 
 61693 1434  439 
 61694 1446  437 
 61695 1431  426 
 61696 1426  449 
 61697 1418  447 
 61698 1405  446 
 61699 1401  440 
 61700 1421  434 
 61701 1416  445 
 61702 1415  436 
 61703 1429  460 
 61704 1437  454 
 61705 1426  468 
 61706 1333  444 
 61707 1317  452 
 61708 1296  445 
 61709 1266  467 
 61710 1269  447 
 61711 1318  468 
 61712 1346  457 
 61713 1399  467 
 61714 1436  458 
 61715 1514  468 
 61716 1543  474 
 61717 1560  468 
 61718 1541  449 
 61719 1505  471 
 61720 1524  469 
 61721 1501  455 
 61722 1474  475 
 61723 1440  459 
 61724 1424  475 
 61725 1419  472 
 61726 1427  481 
 61727 1419  454 
 61728 1445  479 
 61729 1444  487 
 61730 1433  484 
 61731 1450  480 
 61732 1431  492 
 61733 1437  482 
 61734 1401  479 
 61735 1437  488 
 61736 1421  493 
 61737 1408  490 
 61738 1435  480 
 61739 1409  482 
 61740 1401  495 
 61741 1378  481 
 61742 1401  481 
 61743 1397  503 
 61744 1419  484 
 61745 1361  478 
 61746 1323  499 
 61747 1297  506 
 61748 1238  479 
 61749 1227  489 
 61750 1276  485 
 61751 1302  496 
 61752 1349  498 
 61753 1413  488 
 61754 1448  508 
 61755 1505  516 
 61756 1523  511 
 61757 1538  513 
 61758 1561  509 
 61759 1528  523 
 61760 1508  501 
 61761 1486  478 
 61762 1448  503 
 61763 1449  526 
 61764 1453  508 
 61765 1455  518 
 61766 1428  511 
 61767 1428  501 
 61768 1441  500 
 61769 1443  518 
 61770 1426  508 
 61771 1444  500 
 61772 1450  526 
 61773 1448  506 
 61774 1434  518 
 61775 1424  531 
 61776 1409  506 
 61777 1425  511 
 61778 1441  507 
 61779 1413  499 
 61780 1422  524 
 61781 1393  537 
 61782 1380  523 
 61783 1399  531 
 61784 1406  529 
 61785 1402  525 
 61786 1358  537 
 61787 1309  532 
 61788 1229  545 
 61789 1183  551 
 61790 1185  560 
 61791 1213  544 
 61792 1271  555 
 61793 1320  558 
 61794 1409  543 
 61795 1507  535 
 61796 1564  542 
 61797 1616  542 
 61798 1638  521 
 61799 1644  533 
 61800 1626  553 
 61801 1612  554 
 61802 1540  546 
 61803 1462  558 
 61804 1414  559 
 61805 1420  563 
 61806 1379  563 
 61807 1366  551 
 61808 1368  560 
 61809 1397  551 
 61810 1379  558 
 61811 1407  566 
 61812 1424  578 
 61813 1444  568 
 61814 1452  577 
 61815 1467  563 
 61816 1453  557 
 61817 1485  579 
 61818 1477  578 
 61819 1457  560 
 61820 1452  568 
 61821 1415  552 
 61822 1420  582 
 61823 1414  576 
 61824 1395  571 
 61825 1419  583 
 61826 1382  570 
 61827 1390  568 
 61828 1410  576 
 61829 1391  575 
 61830 1328  584 
 61831 1244  591 
 61832 1123  599 
 61833 1073  573 
 61834 1037  598 
 61835 1052  600 
 61836 1116  599 
 61837 1246  595 
 61838 1333  596 
 61839 1426  608 
 61840 1525  596 
 61841 1613  590 
 61842 1687  609 
 61843 1732  598 
 61844 1769  593 
 61845 1750  606 
 61846 1720  621 
 61847 1685  588 
 61848 1647  622 
 61849 1584  599 
 61850 1505  614 
 61851 1484  601 
 61852 1481  604 
 61853 1472  599 
 61854 1462  600 
 61855 1438  605 
 61856 1429  631 
 61857 1441  607 
 61858 1410  608 
 61859 1435  614 
 61860 1438  616 
 61861 1414  621 
 61862 1423  614 
 61863 1399  606 
 61864 1412  594 
 61865 1408  617 
 61866 1410  618 
 61867 1425  622 
 61868 1372  630 
 61869 1400  628 
 61870 1383  623 
 61871 1376  637 
 61872 1384  627 
 61873 1338  639 
 61874 1266  646 
 61875 1117  647 
 61876 1018  661 
 61877  948  635 
 61878  938  654 
 61879  962  639 
 61880 1054  639 
 61881 1171  639 
 61882 1258  648 
 61883 1414  655 
 61884 1553  638 
 61885 1678  647 
 61886 1782  649 
 61887 1825  651 
 61888 1879  615 
 61889 1840  655 
 61890 1814  667 
 61891 1709  670 
 61892 1640  664 
 61893 1568  659 
 61894 1459  667 
 61895 1437  660 
 61896 1387  667 
 61897 1383  647 
 61898 1393  658 
 61899 1403  670 
 61900 1385  672 
 61901 1417  657 
 61902 1400  648 
 61903 1382  644 
 61904 1401  648 
 61905 1399  678 
 61906 1421  658 
 61907 1413  668 
 61908 1416  647 
 61909 1394  668 
 61910 1395  669 
 61911 1387  671 
 61912 1390  700 
 61913 1349  674 
 61914 1245  686 
 61915 1072  667 
 61916  894  703 
 61917  821  702 
 61918  799  704 
 61919  846  682 
 61920  945  707 
 61921 1097  708 
 61922 1270  696 
 61923 1470  705 
 61924 1654  687 
 61925 1772  709 
 61926 1943  683 
 61927 1987  700 
 61928 2043  698 
 61929 2006  701 
 61930 1972  686 
 61931 1875  699 
 61932 1821  700 
 61933 1704  693 
 61934 1651  698 
 61935 1579  700 
 61936 1515  689 
 61937 1419  690 
 61938 1399  706 
 61939 1353  713 
 61940 1345  719 
 61941 1321  714 
 61942 1342  700 
 61943 1342  728 
 61944 1341  717 
 61945 1303  716 
 61946 1333  736 
 61947 1369  699 
 61948 1358  717 
 61949 1365  715 
 61950 1338  714 
 61951 1335  717 
 61952 1319  700 
 61953 1248  731 
 61954 1147  728 
 61955 1004  742 
 61956  885  713 
 61957  777  757 
 61958  731  738 
 61959  760  751 
 61960  861  758 
 61961 1014  753 
 61962 1189  748 
 61963 1391  764 
 61964 1581  755 
 61965 1752  749 
 61966 1926  747 
 61967 2068  737 
 61968 2094  755 
 61969 2138  740 
 61970 2120  748 
 61971 2056  749 
 61972 1999  759 
 61973 1848  751 
 61974 1726  766 
 61975 1613  760 
 61976 1558  746 
 61977 1480  748 
 61978 1395  761 
 61979 1339  760 
 61980 1315  766 
 61981 1279  764 
 61982 1244  755 
 61983 1286  743 
 61984 1273  760 
 61985 1292  766 
 61986 1276  773 
 61987 1268  779 
 61988 1266  763 
 61989 1274  777 
 61990 1280  777 
 61991 1295  764 
 61992 1269  787 
 61993 1223  787 
 61994 1151  784 
 61995 1010  798 
 61996  891  795 
 61997  807  801 
 61998  779  811 
 61999  786  809 
 62000  894  807 
 62001 1044  800 
 62002 1229  795 
 62003 1435  800 
 62004 1649  813 
 62005 1840  819 
 62006 1972  789 
 62007 2135  811 
 62008 2216  810 
 62009 2210  772 
 62010 2174  789 
 62011 2119  805 
 62012 2037  809 
 62013 1944  802 
 62014 1825  807 
 62015 1682  807 
 62016 1591  788 
 62017 1466  814 
 62018 1348  800 
 62019 1271  801 
 62020 1202  802 
 62021 1160  818 
 62022 1144  810 
 62023 1136  820 
 62024 1139  826 
 62025 1118  819 
 62026 1114  822 
 62027 1155  817 
 62028 1164  807 
 62029 1215  825 
 62030 1241  815 
 62031 1248  832 
 62032 1256  838 
 62033 1221  829 
 62034 1129  827 
 62035 1006  814 
 62036  871  837 
 62037  802  865 
 62038  741  850 
 62039  864  861 
 62040  953  847 
 62041 1133  854 
 62042 1334  847 
 62043 1540  837 
 62044 1767  843 
 62045 1947  869 
 62046 2111  836 
 62047 2180  848 
 62048 2276  836 
 62049 2279  856 
 62050 2212  860 
 62051 2156  860 
 62052 2008  853 
 62053 1862  865 
 62054 1713  860 
 62055 1600  852 
 62056 1485  840 
 62057 1359  854 
 62058 1264  856 
 62059 1241  867 
 62060 1186  873 
 62061 1163  841 
 62062 1139  833 
 62063 1148  874 
 62064 1121  877 
 62065 1137  842 
 62066 1142  870 
 62067 1143  873 
 62068 1200  871 
 62069 1204  875 
 62070 1228  882 
 62071 1229  881 
 62072 1152  898 
 62073 1028  895 
 62074  881  926 
 62075  779  914 
 62076  763  910 
 62077  775  897 
 62078  912  902 
 62079 1081  902 
 62080 1259  911 
 62081 1477  903 
 62082 1738  896 
 62083 1958  908 
 62084 2100  899 
 62085 2254  899 
 62086 2351  892 
 62087 2393  905 
 62088 2349  910 
 62089 2224  903 
 62090 2124  898 
 62091 1994  909 
 62092 1820  925 
 62093 1661  894 
 62094 1515  924 
 62095 1350  915 
 62096 1258  903 
 62097 1159  922 
 62098 1114  926 
 62099 1051  906 
 62100 1033  918 
 62101 1047  925 
 62102 1065  930 
 62103 1113  919 
 62104 1126  918 
 62105 1165  922 
 62106 1174  921 
 62107 1239  926 
 62108 1242  928 
 62109 1274  925 
 62110 1313  923 
 62111 1338  937 
 62112 1369  928 
 62113 1382  943 
 62114 1385  949 
 62115 1327  931 
 62116 1190  947 
 62117 1043  958 
 62118  954  946 
 62119  916  951 
 62120  962  950 
 62121 1074  950 
 62122 1228  969 
 62123 1422  965 
 62124 1585  969 
 62125 1744  964 
 62126 1895  949 
 62127 2048  946 
 62128 2183  939 
 62129 2248  950 
 62130 2280  961 
 62131 2231  970 
 62132 2172  952 
 62133 2027  956 
 62134 1868  958 
 62135 1692  961 
 62136 1539  970 
 62137 1378  977 
 62138 1233  961 
 62139 1118  966 
 62140 1045  978 
 62141  978  948 
 62142  947  962 
 62143  956  983 
 62144  997  969 
 62145 1000  955 
 62146 1036  963 
 62147 1125  974 
 62148 1158  996 
 62149 1231  983 
 62150 1273  995 
 62151 1294  982 
 62152 1322  978 
 62153 1336  985 
 62154 1362  976 
 62155 1357  980 
 62156 1367  995 
 62157 1374  995 
 62158 1335  981 
 62159 1265 1005 
 62160 1133 1010 
 62161 1017 1001 
 62162  965  992 
 62163  993 1021 
 62164 1088  985 
 62165 1241 1022 
 62166 1409 1017 
 62167 1617 1009 
 62168 1785 1018 
 62169 1947 1022 
 62170 2078 1030 
 62171 2130 1010 
 62172 2157  996 
 62173 2104 1013 
 62174 2029 1033 
 62175 1865 1012 
 62176 1735 1025 
 62177 1620 1014 
 62178 1497  996 
 62179 1428 1002 
 62180 1345 1014 
 62181 1293 1018 
 62182 1238 1021 
 62183 1219 1027 
 62184 1212 1006 
 62185 1182 1039 
 62186 1204 1038 
 62187 1250 1046 
 62188 1270 1032 
 62189 1304 1027 
 62190 1290 1030 
 62191 1354 1016 
 62192 1364 1028 
 62193 1380 1022 
 62194 1369 1024 
 62195 1400 1050 
 62196 1363 1044 
 62197 1382 1054 
 62198 1385 1051 
 62199 1400 1050 
 62200 1383 1026 
 62201 1298 1047 
 62202 1188 1060 
 62203 1084 1073 
 62204  979 1070 
 62205  941 1080 
 62206  944 1071 
 62207 1029 1062 
 62208 1158 1063 
 62209 1404 1064 
 62210 1561 1047 
 62211 1794 1058 
 62212 1932 1046 
 62213 2094 1069 
 62214 2130 1035 
 62215 2139 1083 
 62216 2059 1063 
 62217 1902 1057 
 62218 1738 1083 
 62219 1601 1082 
 62220 1426 1078 
 62221 1346 1053 
 62222 1249 1053 
 62223 1227 1067 
 62224 1156 1053 
 62225 1208 1089 
 62226 1187 1093 
 62227 1207 1079 
 62228 1240 1102 
 62229 1227 1092 
 62230 1275 1115 
 62231 1309 1074 
 62232 1328 1102 
 62233 1340 1081 
 62234 1377 1079 
 62235 1407 1093 
 62236 1447 1095 
 62237 1437 1086 
 62238 1496 1103 
 62239 1508 1099 
 62240 1505 1099 
 62241 1569 1100 
 62242 1563 1104 
 62243 1565 1074 
 62244 1512 1101 
 62245 1401 1102 
 62246 1290 1108 
 62247 1169 1115 
 62248 1139 1093 
 62249 1142 1113 
 62250 1201 1115 
 62251 1333 1113 
 62252 1503 1100 
 62253 1713 1110 
 62254 1881 1114 
 62255 1974 1106 
 62256 2067 1095 
 62257 2071 1104 
 62258 1951 1102 
 62259 1814 1129 
 62260 1640 1092 
 62261 1482 1091 
 62262 1290 1121 
 62263 1179 1120 
 62264 1082 1122 
 62265  986 1119 
 62266  951 1127 
 62267  929 1131 
 62268  955 1126 
 62269  971 1135 
 62270 1026 1144 
 62271 1073 1110 
 62272 1109 1117 
 62273 1154 1135 
 62274 1186 1112 
 62275 1247 1139 
 62276 1249 1141 
 62277 1315 1131 
 62278 1337 1132 
 62279 1361 1127 
 62280 1395 1151 
 62281 1412 1130 
 62282 1442 1139 
 62283 1455 1143 
 62284 1499 1154 
 62285 1464 1123 
 62286 1459 1129 
 62287 1408 1139 
 62288 1315 1152 
 62289 1352 1141 
 62290 1371 1127 
 62291 1474 1170 
 62292 1560 1150 
 62293 1648 1168 
 62294 1751 1132 
 62295 1839 1152 
 62296 1876 1148 
 62297 1897 1160 
 62298 1853 1175 
 62299 1786 1178 
 62300 1667 1170 
 62301 1589 1165 
 62302 1480 1164 
 62303 1349 1152 
 62304 1309 1175 
 62305 1270 1160 
 62306 1241 1172 
 62307 1214 1193 
 62308 1231 1179 
 62309 1237 1167 
 62310 1284 1182 
 62311 1309 1177 
 62312 1349 1159 
 62313 1373 1164 
 62314 1394 1181 
 62315 1374 1207 
 62316 1402 1162 
 62317 1388 1203 
 62318 1372 1199 
 62319 1406 1150 
 62320 1421 1167 
 62321 1444 1200 
 62322 1436 1206 
 62323 1428 1185 
 62324 1425 1196 
 62325 1421 1197 
 62326 1380 1197 
 62327 1334 1206 
 62328 1243 1194 
 62329 1125 1196 
 62330 1038 1222 
 62331  996 1226 
 62332 1043 1221 
 62333 1162 1200 
 62334 1357 1217 
 62335 1559 1212 
 62336 1758 1206 
 62337 1874 1214 
 62338 1951 1212 
 62339 2012 1224 
 62340 2036 1218 
 62341 1956 1194 
 62342 1906 1230 
 62343 1801 1242 
 62344 1647 1200 
 62345 1576 1209 
 62346 1474 1217 
 62347 1419 1213 
 62348 1363 1230 
 62349 1405 1227 
 62350 1410 1228 
 62351 1436 1196 
 62352 1498 1190 
 62353 1595 1208 
 62354 1680 1213 
 62355 1775 1180 
 62356 1826 1217 
 62357 1881 1202 
 62358 1884 1194 
 62359 1830 1206 
 62360 1756 1220 
 62361 1602 1199 
 62362 1447 1219 
 62363 1210 1217 
 62364 1040 1212 
 62365  842 1205 
 62366  711 1215 
 62367  579 1198 
 62368  468 1218 
 62369  351 1207 
 62370  256 1233 
 62371  255 1216 
 62372  332 1238 
 62373  482 1222 
 62374  651 1232 
 62375  890 1239 
 62376 1160 1227 
 62377 1466 1230 
 62378 1742 1224 
 62379 1965 1246 
 62380 2102 1236 
 62381 2173 1229 
 62382 2173 1230 
 62383 2129 1246 
 62384 2018 1265 
 62385 1896 1229 
 62386 1787 1250 
 62387 1672 1249 
 62388 1589 1236 
 62389 1486 1238 
 62390 1411 1249 
 62391 1352 1252 
 62392 1325 1253 
 62393 1279 1260 
 62394 1229 1258 
 62395 1248 1241 
 62396 1244 1250 
 62397 1221 1267 
 62398 1240 1268 
 62399 1237 1259 
 62400 1221 1259 
 62401 1244 1267 
 62402 1279 1258 
 62403 1295 1282 
 62404 1348 1268 
 62405 1386 1279 
 62406 1411 1262 
 62407 1438 1278 
 62408 1466 1280 
 62409 1402 1271 
 62410 1323 1282 
 62411 1325 1290 
 62412 1322 1278 
 62413 1359 1294 
 62414 1442 1297 
 62415 1539 1276 
 62416 1648 1302 
 62417 1723 1270 
 62418 1784 1296 
 62419 1782 1288 
 62420 1793 1287 
 62421 1709 1294 
 62422 1674 1315 
 62423 1591 1291 
 62424 1510 1298 
 62425 1432 1311 
 62426 1403 1292 
 62427 1335 1330 
 62428 1329 1318 
 62429 1318 1308 
 62430 1330 1316 
 62431 1345 1293 
 62432 1354 1330 
 62433 1365 1323 
 62434 1369 1328 
 62435 1378 1315 
 62436 1396 1342 
 62437 1370 1321 
 62438 1415 1312 
 62439 1402 1328 
 62440 1419 1314 
 62441 1421 1315 
 62442 1411 1312 
 62443 1403 1321 
 62444 1411 1328 
 62445 1408 1332 
 62446 1406 1345 
 62447 1361 1329 
 62448 1415 1359 
 62449 1407 1347 
 62450 1415 1330 
 62451 1369 1337 
 62452 1303 1351 
 62453 1271 1370 
 62454 1254 1369 
 62455 1275 1360 
 62456 1329 1345 
 62457 1409 1343 
 62458 1475 1352 
 62459 1529 1330 
 62460 1548 1348 
 62461 1605 1362 
 62462 1648 1365 
 62463 1623 1336 
 62464 1599 1354 
 62465 1584 1383 
 62466 1548 1350 
 62467 1508 1353 
 62468 1470 1364 
 62469 1469 1367 
 62470 1507 1370 
 62471 1489 1338 
 62472 1548 1361 
 62473 1559 1365 
 62474 1546 1362 
 62475 1593 1373 
 62476 1549 1361 
 62477 1536 1360 
 62478 1496 1389 
 62479 1407 1364 
 62480 1325 1360 
 62481 1258 1387 
 62482 1160 1363 
 62483 1163 1378 
 62484 1136 1402 
 62485 1119 1385 
 62486 1142 1409 
 62487 1157 1398 
 62488 1178 1374 
 62489 1231 1392 
 62490 1257 1377 
 62491 1231 1395 
 62492 1269 1386 
 62493 1228 1368 
 62494 1222 1402 
 62495 1234 1401 
 62496 1241 1428 
 62497 1304 1412 
 62498 1366 1379 
 62499 1462 1389 
 62500 1533 1421 
 62501 1599 1398 
 62502 1611 1427 
 62503 1706 1395 
 62504 1693 1410 
 62505 1668 1415 
 62506 1640 1412 
 62507 1598 1403 
 62508 1613 1400 
 62509 1568 1397 
 62510 1539 1415 
 62511 1515 1428 
 62512 1491 1441 
 62513 1480 1425 
 62514 1444 1437 
 62515 1416 1435 
 62516 1419 1429 
 62517 1404 1429 
 62518 1417 1430 
 62519 1406 1430 
 62520 1417 1449 
 62521 1385 1446 
 62522 1401 1443 
 62523 1383 1429 
 62524 1355 1455 
 62525 1353 1441 
 62526 1326 1440 
 62527 1305 1451 
 62528 1312 1443 
 62529 1310 1453 
 62530 1281 1451 
 62531 1243 1439 
 62532 1182 1451 
 62533 1217 1454 
 62534 1243 1461 
 62535 1271 1419 
 62536 1355 1444 
 62537 1469 1440 
 62538 1541 1450 
 62539 1613 1448 
 62540 1640 1474 
 62541 1656 1467 
 62542 1620 1458 
 62543 1591 1477 
 62544 1552 1484 
 62545 1486 1471 
 62546 1435 1464 
 62547 1399 1475 
 62548 1361 1465 
 62549 1360 1481 
 62550 1363 1490 
 62551 1357 1483 
 62552 1390 1479 
 62553 1399 1480 
 62554 1385 1479 
 62555 1400 1492 
 62556 1395 1490 
 62557 1388 1506 
 62558 1378 1489 
 62559 1374 1507 
 62560 1416 1470 
 62561 1360 1500 
 62562 1386 1464 
 62563 1413 1498 
 62564 1401 1495 
 62565 1397 1498 
 62566 1446 1497 
 62567 1453 1519 
 62568 1443 1512 
 62569 1407 1501 
 62570 1401 1521 
 62571 1384 1500 
 62572 1348 1485 
 62573 1333 1516 
 62574 1366 1536 
 62575 1423 1532 
 62576 1464 1533 
 62577 1486 1504 
 62578 1563 1512 
 62579 1583 1516 
 62580 1599 1533 
 62581 1609 1534 
 62582 1558 1508 
 62583 1518 1535 
 62584 1498 1524 
 62585 1430 1549 
 62586 1409 1524 
 62587 1366 1547 
 62588 1332 1540 
 62589 1330 1536 
 62590 1360 1553 
 62591 1374 1554 
 62592 1459 1445 
 62593 2257 1376 
 62594 3299 1354 
 62595 3299 1318 
 62596 3299 1248 
 62597 3299 1203 
 62598 3299 1192 
 62599 3299 1143 
 62600 3299 1118 
 62601 3247 1075 
 62602 2275 1051 
 62603 1430 1027 
 62604  758 1004 
 62605  310  984 
 62606   11  938 
 62607    4  916 
 62608    8  897 
 62609   11  892 
 62610    3  842 
 62611    5  858 
 62612   13  831 
 62613   14  812 
 62614   10  787 
 62615   18  766 
 62616    9  743 
 62617    5  731 
 62618    8  713 
 62619   36  686 
 62620  226  684 
 62621  397  662 
 62622  569  666 
 62623  689  645 
 62624  831  627 
 62625  926  611 
 62626 1012  611 
 62627 1104  599 
 62628 1179  583 
 62629 1219  543 
 62630 1286  565 
 62631 1363  517 
 62632 1385  524 
 62633 1388  507 
 62634 1452  515 
 62635 1459  505 
 62636 1464  489 
 62637 1464  480 
 62638 1480  469 
 62639 1505  458 
 62640 1507  445 
 62641 1507  436 
 62642 1505  426 
 62643 1483  419 
 62644 1499  431 
 62645 1479  425 
 62646 1485  403 
 62647 1493  394 
 62648 1460  384 
 62649 1449  391 
 62650 1475  376 
 62651 1447  374 
 62652 1464  370 
 62653 1433  368 
 62654 1421  350 
 62655 1438  352 
 62656 1444  357 
 62657 1442  346 
 62658 1407  325 
 62659 1424  324 
 62660 1425  316 
 62661 1421  296 
 62662 1430  294 
 62663 1410  321 
 62664 1409  304 
 62665 1414  277 
 62666 1421  305 
 62667 1383  290 
 62668 1436  298 
 62669 1428  297 
 62670 1426  282 
 62671 1423  283 
 62672 1428  279 
 62673 1437  279 
 62674 1440  271 
 62675 1424  267 
 62676 1417  261 
 62677 1441  247 
 62678 1406  247 
 62679 1437  259 
 62680 1433  268 
 62681 1413  255 
 62682 1440  260 
 62683 1398  249 
 62684 1405  238 
 62685 1406  256 
 62686 1438  235 
 62687 1441  234 
 62688 1442  233 
 62689 1431  221 
 62690 1423  215 
 62691 1412  208 
 62692 1400  224 
 62693 1439  230 
 62694 1452  224 
 62695 1413  219 
 62696 1439  215 
 62697 1404  226 
 62698 1417  219 
 62699 1442  206 
 62700 1410  209 
 62701 1419  194 
 62702 1433  213 
 62703 1395  217 
 62704 1443  200 
 62705 1433  202 
 62706 1427  198 
 62707 1442  211 
 62708 1440  197 
 62709 1429  183 
 62710 1428  191 
 62711 1429  203 
 62712 1440  177 
 62713 1441  172 
 62714 1430  201 
 62715 1439  181 
 62716 1394  194 
 62717 1427  195 
 62718 1442  168 
 62719 1422  197 
 62720 1431  177 
 62721 1433  187 
 62722 1414  194 
 62723 1431  169 
 62724 1446  178 
 62725 1411  164 
 62726 1438  170 
 62727 1441  174 
 62728 1434  195 
 62729 1421  177 
 62730 1430  168 
 62731 1442  173 
 62732 1441  170 
 62733 1411  181 
 62734 1416  168 
 62735 1413  164 
 62736 1411  184 
 62737 1425  186 
 62738 1428  177 
 62739 1420  161 
 62740 1422  171 
 62741 1442  157 
 62742 1437  165 
 62743 1418  162 
 62744 1406  161 
 62745 1304  159 
 62746 1116  130 
 62747  924  136 
 62748  689  146 
 62749  471  169 
 62750  300  173 
 62751  176  161 
 62752  134  142 
 62753  118  156 
 62754  167  146 
 62755  235  165 
 62756  382  161 
 62757  539  140 
 62758  714  165 
 62759  861  140 
 62760 1040  139 
 62761 1208  144 
 62762 1378  147 
 62763 1523  134 
 62764 1649  164 
 62765 1725  151 
 62766 1827  162 
 62767 1833  147 
 62768 1849  137 
 62769 1894  149 
 62770 1897  138 
 62771 1898  166 
 62772 1918  159 
 62773 1949  159 
 62774 1946  149 
 62775 1946  147 
 62776 1927  137 
 62777 1939  148 
 62778 1916  161 
 62779 1943  140 
 62780 1900  149 
 62781 1924  157 
 62782 1889  138 
 62783 1856  138 
 62784 1835  123 
 62785 1832  137 
 62786 1803  134 
 62787 1786  146 
 62788 1763  144 
 62789 1732  118 
 62790 1713  147 
 62791 1649  122 
 62792 1631  147 
 62793 1565  134 
 62794 1585  138 
 62795 1542  145 
 62796 1457  129 
 62797 1471  149 
 62798 1401  132 
 62799 1385  124 
 62800 1398  134 
 62801 1418  126 
 62802 1410  133 
 62803 1462  122 
 62804 1515  140 
 62805 1535  150 
 62806 1562  131 
 62807 1566  149 
 62808 1571  139 
 62809 1545  133 
 62810 1510  131 
 62811 1478  134 
 62812 1440  148 
 62813 1382  130 
 62814 1327  139 
 62815 1291  141 
 62816 1273  131 
 62817 1261  137 
 62818 1236  136 
 62819 1208  140 
 62820 1207  115 
 62821 1249  141 
 62822 1386  136 
 62823 1518  150 
 62824 1572  134 
 62825 1594  144 
 62826 1593  131 
 62827 1528  146 
 62828 1457  161 
 62829 1350  142 
 62830 1290  149 
 62831 1247  135 
 62832 1276  161 
 62833 1271  143 
 62834 1262  156 
 62835 1338  144 
 62836 1442  161 
 62837 1552  141 
 62838 1615  164 
 62839 1681  124 
 62840 1741  127 
 62841 1788  140 
 62842 1838  130 
 62843 1839  151 
 62844 1758  161 
 62845 1633  154 
 62846 1552  150 
 62847 1518  157 
 62848 1543  150 
 62849 1535  155 
 62850 1505  141 
 62851 1500  138 
 62852 1565  154 
 62853 1524  165 
 62854 1426  129 
 62855 1369  159 
 62856 1351  137 
 62857 1394  157 
 62858 1323  148 
 62859 1229  163 
 62860 1088  146 
 62861 1057  155 
 62862 1125  152 
 62863 1232  127 
 62864 1346  149 
 62865 1483  140 
 62866 1589  147 
 62867 1657  155 
 62868 1665  147 
 62869 1640  140 
 62870 1597  148 
 62871 1617  116 
 62872 1683  137 
 62873 1846  125 
 62874 1932  140 
 62875 1880  131 
 62876 1779  134 
 62877 1518  148 
 62878 1290  141 
 62879 1035  152 
 62880  838  140 
 62881  672  164 
 62882  578  141 
 62883  577  140 
 62884  665  140 
 62885  806  153 
 62886  914  156 
 62887  936  156 
 62888 1091  150 
 62889 1234  100 
 62890 1584  103 
 62891 2099  115 
 62892 2447  143 
 62893 2509  152 
 62894 2364  138 
 62895 2196  129 
 62896 2156  125 
 62897 2161  109 
 62898 2202  122 
 62899 2215  119 
 62900 2139  102 
 62901 2059  118 
 62902 1846  118 
 62903 1649  121 
 62904 1359   98 
 62905 1130  124 
 62906  919   93 
 62907  758  118 
 62908  664   97 
 62909  576  102 
 62910  567  116 
 62911  587  105 
 62912  636  105 
 62913  713  103 
 62914  795   95 
 62915  913  106 
 62916  981  115 
 62917 1112  116 
 62918 1174   99 
 62919 1252  119 
 62920 1332  110 
 62921 1393  109 
 62922 1409  103 
 62923 1430  105 
 62924 1497  118 
 62925 1520   81 
 62926 1556   92 
 62927 1586   92 
 62928 1570   96 
 62929 1588  121 
 62930 1554  111 
 62931 1528  123 
 62932 1527  116 
 62933 1513  124 
 62934 1486   95 
 62935 1520  123 
 62936 1480   96 
 62937 1457  128 
 62938 1401  109 
 62939 1339  111 
 62940 1285  130 
 62941 1322  122 
 62942 1405  110 
 62943 1515  116 
 62944 1627   97 
 62945 1687  109 
 62946 1744  103 
 62947 1739  108 
 62948 1775  109 
 62949 1744  101 
 62950 1765  110 
 62951 1698   88 
 62952 1681  106 
 62953 1626  102 
 62954 1557  103 
 62955 1502  115 
 62956 1472  114 
 62957 1409  127 
 62958 1320  117 
 62959 1277   82 
 62960 1234  117 
 62961 1164  100 
 62962 1205   99 
 62963 1275  104 
 62964 1331   99 
 62965 1393   99 
 62966 1413   84 
 62967 1431  106 
 62968 1463  105 
 62969 1431  119 
 62970 1425  108 
 62971 1406  103 
 62972 1397   91 
 62973 1345   84 
 62974 1359   99 
 62975 1336   85 
 62976 1338  109 
 62977 1355  103 
 62978 1373  114 
 62979 1362   94 
 62980 1408  109 
 62981 1420  110 
 62982 1445  113 
 62983 1488  123 
 62984 1508  106 
 62985 1473   95 
 62986 1434  110 
 62987 1426  117 
 62988 1399  121 
 62989 1402  113 
 62990 1433  102 
 62991 1437  120 
 62992 1469   99 
 62993 1467   98 
 62994 1488   96 
 62995 1527  102 
 62996 1514  107 
 62997 1533   99 
 62998 1474   79 
 62999 1432   92 
 63000 1397  101 
 63001 1356  106 
 63002 1337  118 
 63003 1335  103 
 63004 1322  112 
 63005 1319  109 
 63006 1332  113 
 63007 1330  115 
 63008 1377   95 
 63009 1376  101 
 63010 1426   91 
 63011 1444  101 
 63012 1488  111 
 63013 1494  113 
 63014 1486   93 
 63015 1490  105 
 63016 1482   88 
 63017 1465  103 
 63018 1458   95 
 63019 1462  113 
 63020 1438  119 
 63021 1414  121 
 63022 1411  112 
 63023 1413  103 
 63024 1400  110 
 63025 1389  111 
 63026 1434  112 
 63027 1429  102 
 63028 1470  109 
 63029 1456  100 
 63030 1491   95 
 63031 1523   84 
 63032 1500  104 
 63033 1486  110 
 63034 1493   97 
 63035 1499   99 
 63036 1494  104 
 63037 1494  100 
 63038 1496   86 
 63039 1494  105 
 63040 1444  112 
 63041 1447  109 
 63042 1410  107 
 63043 1403  117 
 63044 1379  104 
 63045 1334   85 
 63046 1340  117 
 63047 1358  114 
 63048 1349  111 
 63049 1381  107 
 63050 1385  112 
 63051 1375  119 
 63052 1397  107 
 63053 1415  114 
 63054 1419  115 
 63055 1400  119 
 63056 1422   89 
 63057 1409  113 
 63058 1408   92 
 63059 1443   93 
 63060 1431  102 
 63061 1439  100 
 63062 1411   98 
 63063 1414   81 
 63064 1418  103 
 63065 1430  103 
 63066 1433  104 
 63067 1432  113 
 63068 1441  104 
 63069 1410  108 
 63070 1432   98 
 63071 1429   97 
 63072 1436   96 
 63073 1451  106 
 63074 1446   91 
 63075 1405  106 
 63076 1437   90 
 63077 1443  118 
 63078 1433   92 
 63079 1419  107 
 63080 1434  107 
 63081 1442  103 
 63082 1421  101 
 63083 1425  113 
 63084 1432  112 
 63085 1434  102 
 63086 1440  101 
 63087 1412   92 
 63088 1394  119 
 63089 1435  106 
 63090 1432  103 
 63091 1429  100 
 63092 1436  102 
 63093 1434   85 
 63094 1436  100 
 63095 1415  108 
 63096 1442  100 
 63097 1434  106 
 63098 1439  103 
 63099 1432  108 
 63100 1404  111 
 63101 1444  104 
 63102 1426  115 
 63103 1438  101 
 63104 1422  120 
 63105 1434  105 
 63106 1422  116 
 63107 1438  113 
 63108 1436   99 
 63109 1412  120 
 63110 1437  107 
 63111 1425  106 
 63112 1443   88 
 63113 1430   89 
 63114 1442  116 
 63115 1421  126 
 63116 1425   87 
 63117 1429   99 
 63118 1420  105 
 63119 1437  110 
 63120 1393  112 
 63121 1438  104 
 63122 1415   95 
 63123 1396  105 
 63124 1414   90 
 63125 1430  100 
 63126 1413   88 
 63127 1413   98 
 63128 1440  118 
 63129 1419   97 
 63130 1429   78 
 63131 1441   97 
 63132 1423   89 
 63133 1421   85 
 63134 1431  115 
 63135 1438   87 
 63136 1439   80 
 63137 1416  103 
 63138 1423  105 
 63139 1444  119 
 63140 1428  107 
 63141 1446  113 
 63142 1441  112 
 63143 1410   82 
 63144 1442  116 
 63145 1423   94 
 63146 1444   95 
 63147 1419   90 
 63148 1420  101 
 63149 1419  119 
 63150 1416  110 
 63151 1425  119 
 63152 1428   99 
 63153 1421   88 
 63154 1413   86 
 63155 1409   96 
 63156 1437  115 
 63157 1390  103 
 63158 1436  116 
 63159 1400   94 
 63160 1408   94 
 63161 1408  108 
 63162 1425  101 
 63163 1432  105 
 63164 1418   94 
 63165 1442   95 
 63166 1413   85 
 63167 1398  100 
 63168 1426   87 
 63169 1388   95 
 63170 1442  113 
 63171 1434   88 
 63172 1439  111 
 63173 1442  119 
 63174 1409  115 
 63175 1427  114 
 63176 1443   85 
 63177 1433   93 
 63178 1418   93 
 63179 1454   98 
 63180 1431   95 
 63181 1431   87 
 63182 1427   99 
 63183 1425   89 
 63184 1430  107 
 63185 1429  102 
 63186 1423  102 
 63187 1393  104 
 63188 1440  115 
 63189 1408  106 
 63190 1430  112 
 63191 1429  101 
 63192 1433  111 
 63193 1427  113 
 63194 1411  104 
 63195 1404  118 
 63196 1429  120 
 63197 1431   89 
 63198 1428  108 
 63199 1432  102 
 63200 1428   95 
 63201 1426  118 
 63202 1444  102 
 63203 1419  113 
 63204 1441  108 
 63205 1429  120 
 63206 1427  115 
 63207 1426  100 
 63208 1428   83 
 63209 1430   90 
 63210 1427   93 
 63211 1431  106 
 63212 1419  102 
 63213 1440  111 
 63214 1421   92 
 63215 1442  108 
 63216 1429  108 
 63217 1442   94 
 63218 1423   99 
 63219 1429   92 
 63220 1413  110 
 63221 1423  122 
 63222 1405  112 
 63223 1396  111 
 63224 1430  113 
 63225 1424   96 
 63226 1435  109 
 63227 1430  103 
 63228 1431  119 
 63229 1417  113 
 63230 1417   88 
 63231 1438  117 
 63232 1413   96 
 63233 1435  114 
 63234 1415  105 
 63235 1410   99 
 63236 1437  112 
 63237 1421   98 
 63238 1431   87 
 63239 1441  115 
 63240 1438   97 
 63241 1404  101 
 63242 1419  114 
 63243 1437  100 
 63244 1439  110 
 63245 1414  104 
 63246 1413  113 
 63247 1433   91 
 63248 1443   88 
 63249 1409   90 
 63250 1423   95 
 63251 1418   96 
 63252 1429   87 
 63253 1424  102 
 63254 1445  109 
 63255 1427  113 
 63256 1421   97 
 63257 1420   93 
 63258 1439  106 
 63259 1406   90 
 63260 1432   88 
 63261 1425  105 
 63262 1433  106 
 63263 1406   98 
 63264 1429  112 
 63265 1442  109 
 63266 1421   82 
 63267 1429  105 
 63268 1410  111 
 63269 1415  106 
 63270 1447  103 
 63271 1438  116 
 63272 1425   89 
 63273 1415  110 
 63274 1428  122 
 63275 1434  122 
 63276 1420  112 
 63277 1435  112 
 63278 1425   93 
 63279 1428  101 
 63280 1427   91 
 63281 1424   85 
 63282 1422  118 
 63283 1399  104 
 63284 1414  108 
 63285 1442  110 
 63286 1425  108 
 63287 1437   92 
 63288 1442  116 
 63289 1421  105 
 63290 1438  102 
 63291 1402   98 
 63292 1422  101 
 63293 1419  108 
 63294 1441  101 
 63295 1445  102 
 63296 1409  111 
 63297 1440  112 
 63298 1439   87 
 63299 1431  104 
 63300 1422   98 
 63301 1438  109 
 63302 1433  102 
 63303 1396   91 
 63304 1423   97 
 63305 1425  102 
 63306 1442   89 
 63307 1428   76 
 63308 1425  112 
 63309 1403  121 
 63310 1423  116 
 63311 1422   92 
 63312 1423  114 
 63313 1432  101 
 63314 1433   93 
 63315 1421   92 
 63316 1420  100 
 63317 1434   93 
 63318 1416  100 
 63319 1403   84 
 63320 1436   95 
 63321 1427   85 
 63322 1428  117 
 63323 1442   93 
 63324 1443   95 
 63325 1439  109 
 63326 1426   88 
 63327 1427  115 
 63328 1424  103 
 63329 1436  109 
 63330 1443   99 
 63331 1418  104 
 63332 1435   92 
 63333 1434   99 
 63334 1427  102 
 63335 1410  109 
 63336 1427  102 
 63337 1438   95 
 63338 1429  114 
 63339 1402  109 
 63340 1418  109 
 63341 1421  101 
 63342 1432  102 
 63343 1404  100 
 63344 1417   91 
 63345 1423   94 
 63346 1438   94 
 63347 1435  100 
 63348 1424  106 
 63349 1438   92 
 63350 1441  105 
 63351 1432  113 
 63352 1393  118 
 63353 1418  104 
 63354 1440  103 
 63355 1425  102 
 63356 1417  104 
 63357 1424   82 
 63358 1418   94 
 63359 1424  109 
 63360 1429  103 
 63361 1436  117 
 63362 1432  108 
 63363 1442   82 
 63364 1427  109 
 63365 1428  107 
 63366 1437  110 
 63367 1420  122 
 63368 1414  111 
 63369 1427  101 
 63370 1438  115 
 63371 1427   97 
 63372 1421   98 
 63373 1427  104 
 63374 1440   82 
 63375 1428  106 
 63376 1423   99 
 63377 1419   96 
 63378 1424  109 
 63379 1426  119 
 63380 1431  108 
 63381 1431  101 
 63382 1433  105 
 63383 1404   96 
 63384 1446  112 
 63385 1405  110 
 63386 1428  106 
 63387 1430  117 
 63388 1422  100 
 63389 1422   88 
 63390 1436  118 
 63391 1434  108 
 63392 1419  102 
 63393 1422  115 
 63394 1418  109 
 63395 1427  105 
 63396 1439  101 
 63397 1421   87 
 63398 1435  106 
 63399 1406  103 
 63400 1400   86 
 63401 1444  101 
 63402 1420  106 
 63403 1403  113 
 63404 1436  106 
 63405 1405  111 
 63406 1437  112 
 63407 1439  109 
 63408 1444   86 
 63409 1423   88 
 63410 1437   89 
 63411 1420   85 
 63412 1437  114 
 63413 1435  102 
 63414 1438   78 
 63415 1430  116 
 63416 1411  106 
 63417 1421  110 
 63418 1421  114 
 63419 1431   99 
 63420 1422  113 
 63421 1441   96 
 63422 1430   90 
 63423 1429  125 
 63424 1428  108 
 63425 1429  103 
 63426 1432  113 
 63427 1421   98 
 63428 1421  109 
 63429 1421  107 
 63430 1432   91 
 63431 1404  103 
 63432 1421  119 
 63433 1423  122 
 63434 1446  101 
 63435 1445   85 
 63436 1428  101 
 63437 1436  100 
 63438 1428  110 
 63439 1434  124 
 63440 1409   85 
 63441 1421  103 
 63442 1442  102 
 63443 1437  107 
 63444 1428   91 
 63445 1426   99 
 63446 1432   77 
 63447 1439  108 
 63448 1424  103 
 63449 1437  102 
 63450 1431  116 
 63451 1418  102 
 63452 1430  104 
 63453 1431   90 
 63454 1414  112 
 63455 1424  106 
 63456 1439   79 
 63457 1399  117 
 63458 1424  112 
 63459 1424  110 
 63460 1435  119 
 63461 1450   93 
 63462 1427   89 
 63463 1428  130 
 63464 1438  109 
 63465 1421  114 
 63466 1443  120 
 63467 1423   92 
 63468 1413   97 
 63469 1439  111 
 63470 1444  103 
 63471 1439  107 
 63472 1414  102 
 63473 1443  109 
 63474 1403  118 
 63475 1425   96 
 63476 1434   99 
 63477 1451  116 
 63478 1432   88 
 63479 1416  116 
 63480 1429   92 
 63481 1421  114 
 63482 1420  103 
 63483 1415  104 
 63484 1412  100 
 63485 1438  102 
 63486 1418   90 
 63487 1436  117 
 63488 1436  110 
 63489 1451  100 
 63490 1447  116 
 63491 1403  109 
 63492 1416  110 
 63493 1434  112 
 63494 1440   87 
 63495 1442  103 
 63496 1419  109 
 63497 1438   96 
 63498 1418  114 
 63499 1427  125 
 63500 1432  102 
 63501 1424  122 
 63502 1428  103 
 63503 1420  106 
 63504 1423  102 
 63505 1426  109 
 63506 1408   98 
 63507 1423  102 
 63508 1442  103 
 63509 1422  111 
 63510 1427  113 
 63511 1410   95 
 63512 1435  116 
 63513 1442   92 
 63514 1433  104 
 63515 1426  107 
 63516 1403  104 
 63517 1438  104 
 63518 1400  110 
 63519 1444   99 
 63520 1413   98 
 63521 1443  110 
 63522 1413  111 
 63523 1438   89 
 63524 1425  115 
 63525 1425   99 
 63526 1416   76 
 63527 1434   85 
 63528 1443   82 
 63529 1399   99 
 63530 1440  117 
 63531 1419  111 
 63532 1438  105 
 63533 1403  108 
 63534 1442  113 
 63535 1404  100 
 63536 1425  122 
 63537 1421  101 
 63538 1439   98 
 63539 1415   97 
 63540 1427   96 
 63541 1424   91 
 63542 1415   94 
 63543 1389   86 
 63544 1423   97 
 63545 1436  100 
 63546 1430  113 
 63547 1426   95 
 63548 1421  100 
 63549 1418  105 
 63550 1426  111 
 63551 1432  114 
 63552 1441  107 
 63553 1432  101 
 63554 1450  116 
 63555 1426  102 
 63556 1439  124 
 63557 1442  115 
 63558 1440  116 
 63559 1421  107 
 63560 1408  102 
 63561 1430   97 
 63562 1407  115 
 63563 1429  115 
 63564 1424  108 
 63565 1431  122 
 63566 1420   94 
 63567 1413  102 
 63568 1416   94 
 63569 1424   96 
 63570 1431  106 
 63571 1445  102 
 63572 1415   95 
 63573 1431  104 
 63574 1423  114 
 63575 1450  113 
 63576 1440  102 
 63577 1440  108 
 63578 1395   74 
 63579 1433  115 
 63580 1433  110 
 63581 1439   96 
 63582 1425  104 
 63583 1412   97 
 63584 1407   89 
 63585 1396  103 
 63586 1425   78 
 63587 1425   98 
 63588 1442   79 
 63589 1424  102 
 63590 1429   98 
 63591 1419  120 
 63592 1396  109 
 63593 1404   95 
 63594 1422  100 
 63595 1413  118 
 63596 1422  109 
 63597 1422  111 
 63598 1436  123 
 63599 1425  110 
 63600 1424  116 
 63601 1420   85 
 63602 1422  114 
 63603 1397  114 
 63604 1421  117 
 63605 1407  111 
 63606 1415   95 
 63607 1417  106 
 63608 1425   99 
 63609 1408  103 
 63610 1422  105 
 63611 1421   86 
 63612 1434  113 
 63613 1399  122 
 63614 1418   95 
 63615 1407   96 
 63616 1426  107 
 63617 1416  102 
 63618 1442   95 
 63619 1429  111 
 63620 1433  115 
 63621 1439  102 
 63622 1442   94 
 63623 1400   89 
 63624 1429  104 
 63625 1417  103 
 63626 1419  100 
 63627 1440  110 
 63628 1425   89 
 63629 1415  103 
 63630 1431   95 
 63631 1438  118 
 63632 1441   93 
 63633 1439   94 
 63634 1444  111 
 63635 1425   88 
 63636 1416   88 
 63637 1440   87 
 63638 1427  100 
 63639 1430  112 
 63640 1407  109 
 63641 1441  103 
 63642 1431  116 
 63643 1444   91 
 63644 1424   98 
 63645 1440   89 
 63646 1430  101 
 63647 1412  100 
 63648 1427  101 
 63649 1427  100 
 63650 1383   99 
 63651 1405   97 
 63652 1438  106 
 63653 1434  113 
 63654 1416  113 
 63655 1422  110 
 63656 1417  110 
 63657 1421  109 
 63658 1440   87 
 63659 1434  106 
 63660 1441  118 
 63661 1435   99 
 63662 1416  118 
 63663 1429  108 
 63664 1435  110 
 63665 1436   95 
 63666 1444  113 
 63667 1422  112 
 63668 1425  106 
 63669 1450  100 
 63670 1417  108 
 63671 1430   95 
 63672 1439   99 
 63673 1405  107 
 63674 1414  112 
 63675 1426  122 
 63676 1432   98 
 63677 1423   82 
 63678 1399  104 
 63679 1434   97 
 63680 1421  110 
 63681 1415  100 
 63682 1431  100 
 63683 1432  106 
 63684 1445   87 
 63685 1430  115 
 63686 1433  106 
 63687 1424   83 
 63688 1445   95 
 63689 1440  104 
 63690 1438   93 
 63691 1406   83 
 63692 1408  109 
 63693 1413   98 
 63694 1428  113 
 63695 1422   96 
 63696 1423  115 
 63697 1386  103 
 63698 1437  112 
 63699 1418   88 
 63700 1433   87 
 63701 1426   75 
 63702 1436   97 
 63703 1436  117 
 63704 1437  110 
 63705 1427  106 
 63706 1440   88 
 63707 1427   98 
 63708 1429   97 
 63709 1409  105 
 63710 1441  116 
 63711 1423  111 
 63712 1437  112 
 63713 1420  114 
 63714 1434  105 
 63715 1403   91 
 63716 1437  105 
 63717 1440  101 
 63718 1425  117 
 63719 1441  102 
 63720 1413  115 
 63721 1414  103 
 63722 1435  107 
 63723 1438  105 
 63724 1422   96 
 63725 1443  102 
 63726 1442  102 
 63727 1431  115 
 63728 1424  121 
 63729 1420  116 
 63730 1416  115 
 63731 1433   95 
 63732 1437  103 
 63733 1433  103 
 63734 1443  103 
 63735 1440   95 
 63736 1440  101 
 63737 1431  107 
 63738 1425  121 
 63739 1429  101 
 63740 1436  125 
 63741 1426   94 
 63742 1432   94 
 63743 1425  107 
 63744 1416  106 
 63745 1412  110 
 63746 1444  106 
 63747 1435   98 
 63748 1443  108 
 63749 1442  109 
 63750 1426  107 
 63751 1407  113 
 63752 1425   96 
 63753 1402   87 
 63754 1444  109 
 63755 1421   90 
 63756 1442   84 
 63757 1416  114 
 63758 1429  101 
 63759 1434  101 
 63760 1442  101 
 63761 1432  103 
 63762 1422   98 
 63763 1410  112 
 63764 1440  112 
 63765 1411  114 
 63766 1429  102 
 63767 1422  106 
 63768 1443  103 
 63769 1433  112 
 63770 1441   92 
 63771 1415   97 
 63772 1436  109 
 63773 1424   99 
 63774 1430  108 
 63775 1441  100 
 63776 1441   88 
 