=~=~=~=~=~=~=~=~=~=~=~= PuTTY log 2024.04.25 11:54:19 =~=~=~=~=~=~=~=~=~=~=~=
 15872 1434   92 
 15873 1441   95 
 15874 1442  104 
 15875 1409  112 
 15876 1415  103 
 15877 1441  117 
 15878 1420  114 
 15879 1433  116 
 15880 1425   96 
 15881 1427  109 
 15882 1427   95 
 15883 1403  113 
 15884 1424  117 
 15885 1430  102 
 15886 1440  105 
 15887 1445   99 
 15888 1441  117 
 15889 1433  100 
 15890 1416  111 
 15891 1444   85 
 15892 1441  106 
 15893 1426  115 
 15894 1418  106 
 15895 1419  105 
 15896 1434   97 
 15897 1425   99 
 15898 1394  113 
 15899 1438  105 
 15900 1431  110 
 15901 1418  104 
 15902 1437  117 
 15903 1426   93 
 15904 1441   98 
 15905 1440  122 
 15906 1433   86 
 15907 1415  120 
 15908 1428   98 
 15909 1421   85 
 15910 1440  115 
 15911 1409  106 
 15912 1443   91 
 15913 1427  120 
 15914 1422  107 
 15915 1398  104 
 15916 1435   82 
 15917 1430  104 
 15918 1429   94 
 15919 1418  111 
 15920 1438   94 
 15921 1422  107 
 15922 1407   99 
 15923 1412  105 
 15924 1429  106 
 15925 1431   98 
 15926 1422  110 
 15927 1423   95 
 15928 1418   80 
 15929 1427   82 
 15930 1442   92 
 15931 1423   91 
 15932 1429  102 
 15933 1439  105 
 15934 1430   92 
 15935 1425  110 
 15936 1441  104 
 15937 1432   87 
 15938 1421  111 
 15939 1431  113 
 15940 1404  103 
 15941 1430   82 
 15942 1414   88 
 15943 1416  100 
 15944 1436   98 
 15945 1427   93 
 15946 1440  101 
 15947 1426  101 
 15948 1415   98 
 15949 1432  104 
 15950 1434  102 
 15951 1410   97 
 15952 1419  120 
 15953 1429  116 
 15954 1440  102 
 15955 1396   85 
 15956 1412  100 
 15957 1426   96 
 15958 1401  101 
 15959 1406   99 
 15960 1397  103 
 15961 1424  103 
 15962 1408   80 
 15963 1434   86 
 15964 1424  109 
 15965 1434   92 
 15966 1442   95 
 15967 1441  109 
 15968 1430  122 
 15969 1428  114 
 15970 1413   85 
 15971 1429  113 
 15972 1435  101 
 15973 1427  105 
 15974 1438   93 
 15975 1438  105 
 15976 1408   97 
 15977 1420  101 
 15978 1442  106 
 15979 1413   93 
 15980 1436  103 
 15981 1440   91 
 15982 1440  118 
 15983 1419  105 
 15984 1427  114 
 15985 1405  102 
 15986 1437   89 
 15987 1414  116 
 15988 1452   97 
 15989 1448  108 
 15990 1439  112 
 15991 1420   99 
 15992 1440   99 
 15993 1418  107 
 15994 1441  107 
 15995 1427  102 
 15996 1406   87 
 15997 1423   90 
 15998 1424  102 
 15999 1435  115 
 16000 1423  107 
 16001 1430  108 
 16002 1399  109 
 16003 1420  105 
 16004 1438  102 
 16005 1402   96 
 16006 1422  122 
 16007 1441  118 
 16008 1425  112 
 16009 1429   96 
 16010 1407  106 
 16011 1437   93 
 16012 1437   95 
 16013 1444  118 
 16014 1432  116 
 16015 1418   91 
 16016 1426  116 
 16017 1429   99 
 16018 1431  107 
 16019 1432   99 
 16020 1429   98 
 16021 1419   98 
 16022 1430   98 
 16023 1443  103 
 16024 1419   97 
 16025 1423   93 
 16026 1413  114 
 16027 1418  119 
 16028 1405  101 
 16029 1423   92 
 16030 1438   99 
 16031 1412  110 
 16032 1443  105 
 16033 1436  103 
 16034 1427  101 
 16035 1411   92 
 16036 1418   97 
 16037 1444   93 
 16038 1432   93 
 16039 1394  121 
 16040 1419   95 
 16041 1425  112 
 16042 1427  101 
 16043 1448  100 
 16044 1419   87 
 16045 1440   97 
 16046 1430  104 
 16047 1402   92 
 16048 1427  113 
 16049 1435  104 
 16050 1432   97 
 16051 1418  109 
 16052 1435   84 
 16053 1440  103 
 16054 1393  106 
 16055 1415  110 
 16056 1425  118 
 16057 1433   99 
 16058 1408  108 
 16059 1424   83 
 16060 1433  119 
 16061 1419  109 
 16062 1424  104 
 16063 1418   74 
 16064 1431   81 
 16065 1422  104 
 16066 1429   85 
 16067 1438   94 
 16068 1426  105 
 16069 1417  103 
 16070 1436  114 
 16071 1418   91 
 16072 1435  100 
 16073 1431  102 
 16074 1423   95 
 16075 1435  117 
 16076 1425  108 
 16077 1436   93 
 16078 1409  118 
 16079 1402  111 
 16080 1387  104 
 16081 1414  103 
 16082 1413   96 
 16083 1426   91 
 16084 1441   99 
 16085 1417  111 
 16086 1444   81 
 16087 1430   86 
 16088 1408   89 
 16089 1420  109 
 16090 1421  116 
 16091 1432  115 
 16092 1438  106 
 16093 1429   92 
 16094 1429  101 
 16095 1436   96 
 16096 1435   88 
 16097 1438   98 
 16098 1437  117 
 16099 1421   99 
 16100 1441  112 
 16101 1425  111 
 16102 1425  113 
 16103 1431   96 
 16104 1427  123 
 16105 1411  103 
 16106 1431  103 
 16107 1433  110 
 16108 1423   95 
 16109 1431  106 
 16110 1433  121 
 16111 1442  107 
 16112 1425  111 
 16113 1426  103 
 16114 1440   98 
 16115 1444   98 
 16116 1423  102 
 16117 1426   86 
 16118 1430  104 
 16119 1432   88 
 16120 1409  107 
 16121 1436  113 
 16122 1429   87 
 16123 1443  100 
 16124 1405  118 
 16125 1441   97 
 16126 1435   99 
 16127 1421  108 
 16128 1427   97 
 16129 1442  110 
 16130 1434  102 
 16131 1426  114 
 16132 1429   94 
 16133 1434   99 
 16134 1419  118 
 16135 1435   96 
 16136 1425  106 
 16137 1431   97 
 16138 1417  115 
 16139 1429  103 
 16140 1439   92 
 16141 1442  117 
 16142 1409   85 
 16143 1415   95 
 16144 1438   87 
 16145 1432   99 
 16146 1434   76 
 16147 1433  107 
 16148 1438  113 
 16149 1416  106 
 16150 1414   87 
 16151 1439  122 
 16152 1420  108 
 16153 1425   92 
 16154 1402   93 
 16155 1420  105 
 16156 1412   97 
 16157 1390  106 
 16158 1442  102 
 16159 1423  104 
 16160 1436   98 
 16161 1437  101 
 16162 1427  109 
 16163 1425   83 
 16164 1412  103 
 16165 1436  109 
 16166 1434  111 
 16167 1436  104 
 16168 1434   86 
 16169 1434  119 
 16170 1431  117 
 16171 1429  104 
 16172 1405   97 
 16173 1442  112 
 16174 1438   98 
 16175 1419  111 
 16176 1446  106 
 16177 1435  109 
 16178 1434   88 
 16179 1430  101 
 16180 1427  116 
 16181 1413  100 
 16182 1390   88 
 16183 1430  111 
 16184 1437  100 
 16185 1419   93 
 16186 1431  115 
 16187 1435  105 
 16188 1408   82 
 16189 1425  116 
 16190 1437   82 
 16191 1409  107 
 16192 1425  100 
 16193 1428   98 
 16194 1425  110 
 16195 1415  111 
 16196 1473  112 
 16197 1469  110 
 16198 1424  100 
 16199 1383  121 
 16200 1316  100 
 16201 1284   93 
 16202 1225  104 
 16203 1187  123 
 16204 1226  104 
 16205 1236  116 
 16206 1244  114 
 16207 1316  111 
 16208 1359  115 
 16209 1434   97 
 16210 1466  120 
 16211 1502  120 
 16212 1535  120 
 16213 1522  110 
 16214 1534  110 
 16215 1515  101 
 16216 1522  119 
 16217 1526  121 
 16218 1524  128 
 16219 1470  137 
 16220 1494  109 
 16221 1495  120 
 16222 1494  123 
 16223 1469  133 
 16224 1464   98 
 16225 1472  115 
 16226 1457  128 
 16227 1460  131 
 16228 1451  110 
 16229 1445  135 
 16230 1449  118 
 16231 1440  128 
 16232 1432  124 
 16233 1442  129 
 16234 1438  125 
 16235 1435  125 
 16236 1442  124 
 16237 1428  129 
 16238 1434  126 
 16239 1416  129 
 16240 1417  132 
 16241 1414  130 
 16242 1406  124 
 16243 1414  128 
 16244 1416  139 
 16245 1414  138 
 16246 1433  142 
 16247 1417  119 
 16248 1441  144 
 16249 1400  128 
 16250 1421  134 
 16251 1422  131 
 16252 1434  145 
 16253 1428  135 
 16254 1409  123 
 16255 1423  122 
 16256 1411  134 
 16257 1434  122 
 16258 1429  131 
 16259 1393  139 
 16260 1408  136 
 16261 1442  145 
 16262 1409  133 
 16263 1423  136 
 16264 1414  143 
 16265 1415  139 
 16266 1423  135 
 16267 1413  151 
 16268 1425  139 
 16269 1423  132 
 16270 1416  135 
 16271 1417  144 
 16272 1431  138 
 16273 1407  152 
 16274 1421  133 
 16275 1424  135 
 16276 1408  126 
 16277 1401  134 
 16278 1413  133 
 16279 1413  144 
 16280 1420  146 
 16281 1425  137 
 16282 1414  128 
 16283 1414  124 
 16284 1413  148 
 16285 1404  152 
 16286 1414  149 
 16287 1410  127 
 16288 1407  143 
 16289 1405  143 
 16290 1418  141 
 16291 1418  144 
 16292 1407  143 
 16293 1411  150 
 16294 1404  144 
 16295 1408  152 
 16296 1393  141 
 16297 1411  142 
 16298 1420  129 
 16299 1395  140 
 16300 1434  137 
 16301 1394  156 
 16302 1434  148 
 16303 1417  160 
 16304 1438  134 
 16305 1419  139 
 16306 1417  158 
 16307 1412  153 
 16308 1429  151 
 16309 1404  150 
 16310 1417  134 
 16311 1393  148 
 16312 1422  159 
 16313 1393  158 
 16314 1410  166 
 16315 1422  153 
 16316 1435  161 
 16317 1433  155 
 16318 1401  157 
 16319 1391  156 
 16320 1425  154 
 16321 1429  161 
 16322 1434  144 
 16323 1390  150 
 16324 1444  167 
 16325 1418  154 
 16326 1421  182 
 16327 1424  147 
 16328 1414  161 
 16329 1421  180 
 16330 1432  143 
 16331 1411  151 
 16332 1424  157 
 16333 1418  155 
 16334 1416  159 
 16335 1411  165 
 16336 1384  161 
 16337 1406  160 
 16338 1424  144 
 16339 1410  166 
 16340 1420  139 
 16341 1403  174 
 16342 1401  161 
 16343 1409  176 
 16344 1417  170 
 16345 1404  166 
 16346 1414  157 
 16347 1409  162 
 16348 1409  166 
 16349 1436  179 
 16350 1430  168 
 16351 1421  180 
 16352 1440  176 
 16353 1441  154 
 16354 1404  171 
 16355 1419  169 
 16356 1424  172 
 16357 1427  190 
 16358 1400  180 
 16359 1432  153 
 16360 1435  175 
 16361 1428  170 
 16362 1425  181 
 16363 1419  169 
 16364 1422  167 
 16365 1426  181 
 16366 1414  185 
 16367 1427  168 
 16368 1413  181 
 16369 1434  178 
 16370 1368  184 
 16371 1391  181 
 16372 1402  172 
 16373 1388  185 
 16374 1414  195 
 16375 1421  194 
 16376 1412  178 
 16377 1436  168 
 16378 1426  199 
 16379 1415  183 
 16380 1410  168 
 16381 1396  184 
 16382 1395  195 
 16383 1400  185 
 16384 1406  195 
 16385 1399  201 
 16386 1427  182 
 16387 1394  182 
 16388 1411  177 
 16389 1411  177 
 16390 1387  191 
 16391 1390  185 
 16392 1430  178 
 16393 1420  178 
 16394 1438  170 
 16395 1408  189 
 16396 1394  200 
 16397 1437  208 
 16398 1406  182 
 16399 1413  191 
 16400 1417  202 
 16401 1407  190 
 16402 1394  193 
 16403 1393  190 
 16404 1431  216 
 16405 1446  206 
 16406 1443  197 
 16407 1472  210 
 16408 1460  197 
 16409 1449  178 
 16410 1446  191 
 16411 1446  197 
 16412 1430  204 
 16413 1436  207 
 16414 1438  203 
 16415 1419  197 
 16416 1417  183 
 16417 1438  200 
 16418 1416  205 
 16419 1422  204 
 16420 1413  194 
 16421 1393  208 
 16422 1386  208 
 16423 1396  208 
 16424 1395  200 
 16425 1366  213 
 16426 1351  209 
 16427 1355  205 
 16428 1401  204 
 16429 1413  209 
 16430 1405  213 
 16431 1427  205 
 16432 1433  224 
 16433 1422  214 
 16434 1427  230 
 16435 1416  222 
 16436 1418  216 
 16437 1413  212 
 16438 1403  223 
 16439 1406  208 
 16440 1407  205 
 16441 1418  232 
 16442 1438  215 
 16443 1417  223 
 16444 1422  218 
 16445 1422  226 
 16446 1400  234 
 16447 1380  240 
 16448 1416  237 
 16449 1374  225 
 16450 1380  230 
 16451 1376  228 
 16452 1382  238 
 16453 1371  230 
 16454 1387  223 
 16455 1401  236 
 16456 1408  240 
 16457 1390  242 
 16458 1430  232 
 16459 1438  209 
 16460 1394  235 
 16461 1442  239 
 16462 1449  234 
 16463 1425  230 
 16464 1427  239 
 16465 1461  237 
 16466 1439  243 
 16467 1408  247 
 16468 1438  254 
 16469 1443  236 
 16470 1420  223 
 16471 1402  229 
 16472 1397  249 
 16473 1415  248 
 16474 1421  258 
 16475 1441  251 
 16476 1448  257 
 16477 1442  258 
 16478 1448  253 
 16479 1438  268 
 16480 1436  271 
 16481 1408  230 
 16482 1420  251 
 16483 1418  259 
 16484 1426  257 
 16485 1426  254 
 16486 1430  264 
 16487 1432  254 
 16488 1423  240 
 16489 1403  262 
 16490 1433  257 
 16491 1433  263 
 16492 1425  258 
 16493 1405  238 
 16494 1413  250 
 16495 1422  274 
 16496 1436  261 
 16497 1424  258 
 16498 1396  265 
 16499 1431  265 
 16500 1421  269 
 16501 1413  265 
 16502 1427  275 
 16503 1442  276 
 16504 1432  280 
 16505 1427  272 
 16506 1426  280 
 16507 1396  259 
 16508 1432  274 
 16509 1426  282 
 16510 1433  274 
 16511 1436  266 
 16512 1441  285 
 16513 1442  272 
 16514 1409  267 
 16515 1423  286 
 16516 1420  284 
 16517 1375  268 
 16518 1398  278 
 16519 1370  284 
 16520 1382  289 
 16521 1354  266 
 16522 1365  285 
 16523 1340  283 
 16524 1358  273 
 16525 1354  272 
 16526 1359  291 
 16527 1365  284 
 16528 1364  282 
 16529 1378  291 
 16530 1416  289 
 16531 1397  297 
 16532 1401  274 
 16533 1417  293 
 16534 1417  293 
 16535 1421  287 
 16536 1450  309 
 16537 1419  300 
 16538 1453  277 
 16539 1464  286 
 16540 1454  309 
 16541 1452  317 
 16542 1442  300 
 16543 1451  304 
 16544 1438  304 
 16545 1442  301 
 16546 1449  296 
 16547 1438  311 
 16548 1431  296 
 16549 1440  301 
 16550 1437  303 
 16551 1433  328 
 16552 1451  305 
 16553 1448  307 
 16554 1463  324 
 16555 1440  323 
 16556 1424  311 
 16557 1421  308 
 16558 1404  305 
 16559 1395  332 
 16560 1391  316 
 16561 1404  326 
 16562 1355  322 
 16563 1394  332 
 16564 1385  323 
 16565 1398  332 
 16566 1365  319 
 16567 1402  322 
 16568 1361  316 
 16569 1376  329 
 16570 1357  308 
 16571 1350  314 
 16572 1359  341 
 16573 1396  329 
 16574 1388  319 
 16575 1413  335 
 16576 1416  341 
 16577 1434  333 
 16578 1441  331 
 16579 1412  338 
 16580 1451  338 
 16581 1432  332 
 16582 1441  355 
 16583 1442  342 
 16584 1448  328 
 16585 1453  330 
 16586 1453  340 
 16587 1453  322 
 16588 1452  358 
 16589 1453  329 
 16590 1455  336 
 16591 1460  344 
 16592 1450  338 
 16593 1456  325 
 16594 1417  355 
 16595 1422  363 
 16596 1419  335 
 16597 1430  349 
 16598 1423  350 
 16599 1417  338 
 16600 1401  340 
 16601 1416  346 
 16602 1421  345 
 16603 1428  357 
 16604 1418  353 
 16605 1418  343 
 16606 1401  364 
 16607 1391  375 
 16608 1414  363 
 16609 1396  367 
 16610 1418  365 
 16611 1415  360 
 16612 1381  376 
 16613 1353  361 
 16614 1391  370 
 16615 1359  375 
 16616 1354  366 
 16617 1410  360 
 16618 1403  381 
 16619 1388  375 
 16620 1393  387 
 16621 1413  356 
 16622 1401  381 
 16623 1416  398 
 16624 1435  387 
 16625 1429  382 
 16626 1438  381 
 16627 1435  395 
 16628 1440  389 
 16629 1427  397 
 16630 1417  393 
 16631 1424  390 
 16632 1424  389 
 16633 1457  398 
 16634 1480  402 
 16635 1462  401 
 16636 1472  410 
 16637 1449  388 
 16638 1469  399 
 16639 1468  399 
 16640 1441  407 
 16641 1420  391 
 16642 1441  414 
 16643 1434  416 
 16644 1429  399 
 16645 1427  405 
 16646 1429  404 
 16647 1419  417 
 16648 1408  413 
 16649 1398  393 
 16650 1419  401 
 16651 1385  423 
 16652 1417  391 
 16653 1400  394 
 16654 1423  425 
 16655 1419  411 
 16656 1401  417 
 16657 1392  412 
 16658 1362  410 
 16659 1356  412 
 16660 1361  431 
 16661 1353  408 
 16662 1389  408 
 16663 1396  421 
 16664 1395  441 
 16665 1399  433 
 16666 1435  443 
 16667 1421  440 
 16668 1415  439 
 16669 1428  437 
 16670 1384  440 
 16671 1422  448 
 16672 1422  431 
 16673 1448  438 
 16674 1462  433 
 16675 1466  438 
 16676 1421  441 
 16677 1448  444 
 16678 1417  438 
 16679 1420  445 
 16680 1390  450 
 16681 1398  445 
 16682 1392  455 
 16683 1386  448 
 16684 1397  451 
 16685 1407  447 
 16686 1399  464 
 16687 1419  460 
 16688 1436  457 
 16689 1460  458 
 16690 1488  454 
 16691 1498  464 
 16692 1481  467 
 16693 1445  474 
 16694 1427  477 
 16695 1466  481 
 16696 1434  483 
 16697 1459  471 
 16698 1442  463 
 16699 1438  486 
 16700 1421  479 
 16701 1412  472 
 16702 1396  475 
 16703 1381  482 
 16704 1412  490 
 16705 1389  495 
 16706 1336  488 
 16707 1376  495 
 16708 1340  487 
 16709 1333  498 
 16710 1330  500 
 16711 1374  479 
 16712 1387  509 
 16713 1405  493 
 16714 1378  500 
 16715 1389  503 
 16716 1360  495 
 16717 1347  497 
 16718 1336  502 
 16719 1367  503 
 16720 1366  499 
 16721 1416  501 
 16722 1436  523 
 16723 1434  510 
 16724 1444  497 
 16725 1432  504 
 16726 1456  500 
 16727 1457  505 
 16728 1443  533 
 16729 1437  483 
 16730 1442  514 
 16731 1424  533 
 16732 1444  529 
 16733 1416  537 
 16734 1446  527 
 16735 1468  532 
 16736 1492  538 
 16737 1474  525 
 16738 1468  541 
 16739 1461  512 
 16740 1470  500 
 16741 1445  538 
 16742 1454  533 
 16743 1455  535 
 16744 1494  535 
 16745 1503  537 
 16746 1504  542 
 16747 1489  534 
 16748 1464  531 
 16749 1463  543 
 16750 1459  542 
 16751 1428  524 
 16752 1376  550 
 16753 1346  553 
 16754 1281  557 
 16755 1286  551 
 16756 1294  551 
 16757 1310  573 
 16758 1319  572 
 16759 1371  536 
 16760 1381  556 
 16761 1407  572 
 16762 1402  569 
 16763 1406  573 
 16764 1393  571 
 16765 1380  574 
 16766 1398  567 
 16767 1418  575 
 16768 1434  561 
 16769 1452  583 
 16770 1446  571 
 16771 1476  579 
 16772 1456  571 
 16773 1439  583 
 16774 1441  563 
 16775 1451  575 
 16776 1442  591 
 16777 1437  599 
 16778 1436  576 
 16779 1412  569 
 16780 1422  601 
 16781 1406  607 
 16782 1402  599 
 16783 1420  597 
 16784 1415  593 
 16785 1434  605 
 16786 1415  600 
 16787 1375  619 
 16788 1325  584 
 16789 1311  594 
 16790 1298  607 
 16791 1340  605 
 16792 1390  588 
 16793 1445  610 
 16794 1516  613 
 16795 1539  603 
 16796 1532  610 
 16797 1524  634 
 16798 1505  626 
 16799 1496  618 
 16800 1443  629 
 16801 1459  615 
 16802 1440  589 
 16803 1443  625 
 16804 1457  646 
 16805 1449  632 
 16806 1423  631 
 16807 1415  625 
 16808 1340  638 
 16809 1398  645 
 16810 1385  636 
 16811 1383  636 
 16812 1411  640 
 16813 1398  639 
 16814 1403  665 
 16815 1390  641 
 16816 1386  646 
 16817 1363  661 
 16818 1354  649 
 16819 1367  650 
 16820 1375  665 
 16821 1375  637 
 16822 1300  667 
 16823 1264  669 
 16824 1262  666 
 16825 1253  678 
 16826 1283  677 
 16827 1317  676 
 16828 1359  640 
 16829 1397  676 
 16830 1421  689 
 16831 1482  674 
 16832 1483  684 
 16833 1495  681 
 16834 1539  687 
 16835 1550  685 
 16836 1509  685 
 16837 1524  686 
 16838 1473  693 
 16839 1526  677 
 16840 1501  694 
 16841 1529  705 
 16842 1521  699 
 16843 1548  676 
 16844 1543  695 
 16845 1559  711 
 16846 1565  702 
 16847 1499  684 
 16848 1512  694 
 16849 1453  708 
 16850 1420  711 
 16851 1418  715 
 16852 1399  672 
 16853 1416  698 
 16854 1392  699 
 16855 1421  708 
 16856 1416  728 
 16857 1395  728 
 16858 1286  724 
 16859 1234  717 
 16860 1159  731 
 16861 1114  740 
 16862 1153  742 
 16863 1178  734 
 16864 1219  748 
 16865 1301  730 
 16866 1345  727 
 16867 1422  751 
 16868 1425  720 
 16869 1492  738 
 16870 1485  749 
 16871 1496  733 
 16872 1520  748 
 16873 1505  740 
 16874 1468  751 
 16875 1504  768 
 16876 1498  755 
 16877 1494  757 
 16878 1507  748 
 16879 1524  762 
 16880 1528  756 
 16881 1543  752 
 16882 1519  755 
 16883 1515  744 
 16884 1514  772 
 16885 1503  770 
 16886 1487  764 
 16887 1437  740 
 16888 1414  746 
 16889 1365  767 
 16890 1412  768 
 16891 1406  758 
 16892 1427  775 
 16893 1435  758 
 16894 1434  775 
 16895 1398  775 
 16896 1295  769 
 16897 1135  798 
 16898 1038  771 
 16899 1041  810 
 16900 1032  795 
 16901 1065  794 
 16902 1130  811 
 16903 1233  795 
 16904 1352  779 
 16905 1448  797 
 16906 1567  813 
 16907 1685  797 
 16908 1728  801 
 16909 1754  797 
 16910 1690  811 
 16911 1692  812 
 16912 1647  802 
 16913 1617  806 
 16914 1554  820 
 16915 1558  833 
 16916 1545  820 
 16917 1502  812 
 16918 1517  810 
 16919 1478  810 
 16920 1473  794 
 16921 1468  823 
 16922 1469  820 
 16923 1486  825 
 16924 1449  803 
 16925 1422  838 
 16926 1402  823 
 16927 1382  826 
 16928 1399  806 
 16929 1413  823 
 16930 1414  839 
 16931 1351  846 
 16932 1282  819 
 16933 1152  855 
 16934 1016  842 
 16935  911  842 
 16936  857  833 
 16937  840  864 
 16938  890  859 
 16939  988  855 
 16940 1093  857 
 16941 1254  851 
 16942 1407  825 
 16943 1565  854 
 16944 1697  857 
 16945 1752  875 
 16946 1854  873 
 16947 1885  866 
 16948 1887  890 
 16949 1834  872 
 16950 1816  881 
 16951 1753  866 
 16952 1701  869 
 16953 1613  886 
 16954 1586  859 
 16955 1521  868 
 16956 1485  884 
 16957 1443  856 
 16958 1395  897 
 16959 1373  865 
 16960 1316  890 
 16961 1279  899 
 16962 1295  872 
 16963 1293  907 
 16964 1281  890 
 16965 1314  903 
 16966 1326  914 
 16967 1358  909 
 16968 1353  918 
 16969 1342  900 
 16970 1272  919 
 16971 1203  914 
 16972 1097  929 
 16973 1052  936 
 16974 1047  925 
 16975 1056  926 
 16976 1124  940 
 16977 1193  941 
 16978 1286  914 
 16979 1413  946 
 16980 1549  927 
 16981 1687  923 
 16982 1810  920 
 16983 1909  943 
 16984 1974  938 
 16985 1981  943 
 16986 1992  936 
 16987 1958  946 
 16988 1893  951 
 16989 1853  935 
 16990 1755  929 
 16991 1670  943 
 16992 1552  970 
 16993 1457  945 
 16994 1375  964 
 16995 1275  943 
 16996 1235  952 
 16997 1207  959 
 16998 1164  965 
 16999 1179  925 
 17000 1187  962 
 17001 1196  957 
 17002 1232  931 
 17003 1246  969 
 17004 1312  955 
 17005 1354  969 
 17006 1337  983 
 17007 1380  979 
 17008 1353  974 
 17009 1272  961 
 17010 1187  994 
 17011 1118  988 
 17012 1100  957 
 17013 1153  965 
 17014 1239  978 
 17015 1342  980 
 17016 1429  988 
 17017 1530  978 
 17018 1593  974 
 17019 1641 1004 
 17020 1698  996 
 17021 1708 1003 
 17022 1665  966 
 17023 1587  995 
 17024 1517 1004 
 17025 1488  988 
 17026 1428  991 
 17027 1378 1008 
 17028 1352 1005 
 17029 1337 1027 
 17030 1346 1010 
 17031 1356 1015 
 17032 1393 1005 
 17033 1404 1004 
 17034 1429  999 
 17035 1399 1021 
 17036 1399 1016 
 17037 1373 1014 
 17038 1380 1042 
 17039 1376 1032 
 17040 1380 1030 
 17041 1368 1036 
 17042 1395 1010 
 17043 1384 1023 
 17044 1402 1013 
 17045 1364 1024 
 17046 1311 1062 
 17047 1260 1058 
 17048 1219 1029 
 17049 1216 1024 
 17050 1288 1061 
 17051 1391 1031 
 17052 1490 1058 
 17053 1564 1059 
 17054 1592 1061 
 17055 1632 1036 
 17056 1618 1041 
 17057 1568 1061 
 17058 1561 1051 
 17059 1481 1075 
 17060 1473 1058 
 17061 1432 1053 
 17062 1399 1069 
 17063 1363 1077 
 17064 1399 1066 
 17065 1414 1090 
 17066 1392 1060 
 17067 1469 1088 
 17068 1507 1084 
 17069 1533 1071 
 17070 1534 1082 
 17071 1532 1078 
 17072 1547 1096 
 17073 1520 1051 
 17074 1490 1093 
 17075 1466 1110 
 17076 1404 1072 
 17077 1395 1096 
 17078 1376 1098 
 17079 1384 1085 
 17080 1378 1088 
 17081 1374 1103 
 17082 1337 1111 
 17083 1313 1103 
 17084 1270 1091 
 17085 1241 1116 
 17086 1234 1102 
 17087 1294 1123 
 17088 1376 1124 
 17089 1394 1128 
 17090 1433 1097 
 17091 1494 1088 
 17092 1469 1119 
 17093 1444 1093 
 17094 1455 1111 
 17095 1402 1125 
 17096 1409 1108 
 17097 1396 1133 
 17098 1381 1140 
 17099 1397 1137 
 17100 1439 1128 
 17101 1447 1136 
 17102 1522 1135 
 17103 1528 1150 
 17104 1572 1137 
 17105 1543 1133 
 17106 1547 1137 
 17107 1479 1147 
 17108 1461 1154 
 17109 1440 1164 
 17110 1386 1130 
 17111 1367 1148 
 17112 1385 1134 
 17113 1381 1125 
 17114 1394 1158 
 17115 1424 1143 
 17116 1425 1151 
 17117 1398 1154 
 17118 1420 1171 
 17119 1421 1170 
 17120 1374 1162 
 17121 1330 1176 
 17122 1268 1158 
 17123 1258 1152 
 17124 1233 1155 
 17125 1252 1185 
 17126 1294 1175 
 17127 1291 1172 
 17128 1334 1181 
 17129 1342 1184 
 17130 1420 1182 
 17131 1414 1189 
 17132 1440 1201 
 17133 1397 1194 
 17134 1412 1195 
 17135 1432 1196 
 17136 1402 1193 
 17137 1432 1191 
 17138 1427 1196 
 17139 1455 1194 
 17140 1463 1206 
 17141 1507 1214 
 17142 1536 1223 
 17143 1536 1215 
 17144 1525 1217 
 17145 1533 1219 
 17146 1525 1219 
 17147 1567 1207 
 17148 1541 1206 
 17149 1529 1228 
 17150 1511 1221 
 17151 1493 1242 
 17152 1461 1228 
 17153 1434 1204 
 17154 1417 1240 
 17155 1387 1231 
 17156 1325 1227 
 17157 1318 1243 
 17158 1239 1247 
 17159 1236 1231 
 17160 1217 1254 
 17161 1236 1259 
 17162 1279 1271 
 17163 1329 1260 
 17164 1387 1258 
 17165 1421 1269 
 17166 1476 1271 
 17167 1508 1261 
 17168 1510 1248 
 17169 1500 1261 
 17170 1487 1264 
 17171 1512 1260 
 17172 1523 1266 
 17173 1524 1249 
 17174 1549 1274 
 17175 1545 1272 
 17176 1570 1286 
 17177 1577 1246 
 17178 1556 1278 
 17179 1489 1284 
 17180 1456 1293 
 17181 1413 1291 
 17182 1371 1254 
 17183 1337 1208 
 17184 1728 1200 
 17185 2920 1114 
 17186 3299 1051 
 17187 3299 1014 
 17188 3299  975 
 17189 3299  946 
 17190 3299  929 
 17191 3299  887 
 17192 3299  834 
 17193 2905  825 
 17194 1948  802 
 17195 1121  763 
 17196  503  747 
 17197   97  726 
 17198    9  695 
 17199   11  679 
 17200   12  666 
 17201   13  632 
 17202    4  614 
 17203   11  564 
 17204   15  592 
 17205   14  570 
 17206   15  576 
 17207    8  535 
 17208    9  488 
 17209    9  497 
 17210    5  506 
 17211   26  472 
 17212  189  471 
 17213  372  457 
 17214  571  441 
 17215  695  416 
 17216  842  421 
 17217  938  406 
 17218 1031  402 
 17219 1124  373 
 17220 1185  386 
 17221 1258  350 
 17222 1309  341 
 17223 1355  346 
 17224 1402  327 
 17225 1428  340 
 17226 1453  318 
 17227 1466  306 
 17228 1479  310 
 17229 1511  306 
 17230 1513  305 
 17231 1503  303 
 17232 1466  293 
 17233 1522  277 
 17234 1505  275 
 17235 1502  282 
 17236 1478  278 
 17237 1483  280 
 17238 1490  267 
 17239 1490  270 
 17240 1461  253 
 17241 1462  233 
 17242 1464  244 
 17243 1445  256 
 17244 1422  247 
 17245 1448  238 
 17246 1424  221 
 17247 1436  222 
 17248 1442  246 
 17249 1428  232 
 17250 1431  220 
 17251 1441  228 
 17252 1438  222 
 17253 1429  219 
 17254 1431  199 
 17255 1403  218 
 17256 1420  204 
 17257 1413  223 
 17258 1391  198 
 17259 1428  206 
 17260 1433  203 
 17261 1418  188 
 17262 1418  179 
 17263 1428  206 
 17264 1421  180 
 17265 1432  197 
 17266 1396  209 
 17267 1422  191 
 17268 1441  183 
 17269 1441  200 
 17270 1436  182 
 17271 1417  186 
 17272 1418  177 
 17273 1416  185 
 17274 1441  195 
 17275 1426  176 
 17276 1424  164 
 17277 1425  186 
 17278 1438  192 
 17279 1427  188 
 17280 1437  173 
 17281 1428  178 
 17282 1404  169 
 17283 1431  184 
 17284 1406  168 
 17285 1430  144 
 17286 1419  180 
 17287 1445  160 
 17288 1440  147 
 17289 1429  157 
 17290 1426  159 
 17291 1430  168 
 17292 1418  180 
 17293 1404  158 
 17294 1437  129 
 17295 1428  160 
 17296 1418  171 
 17297 1405  163 
 17298 1429  152 
 17299 1427  137 
 17300 1443  150 
 17301 1418  157 
 17302 1432  154 
 17303 1410  169 
 17304 1435  125 
 17305 1438  150 
 17306 1399  161 
 17307 1313  149 
 17308 1109  131 
 17309  898  149 
 17310  663  139 
 17311  448  170 
 17312  262  146 
 17313  136  141 
 17314   40  150 
 17315   58  160 
 17316  102  150 
 17317  184  146 
 17318  336  143 
 17319  491  155 
 17320  663  134 
 17321  836  140 
 17322  998  149 
 17323 1179  150 
 17324 1376  139 
 17325 1503  135 
 17326 1651  134 
 17327 1734  150 
 17328 1853  119 
 17329 1910  123 
 17330 1956  133 
 17331 2024  129 
 17332 2030  139 
 17333 2057  125 
 17334 2061  165 
 17335 2020  140 
 17336 1998  138 
 17337 2020  132 
 17338 1994  128 
 17339 1966  133 
 17340 1939  127 
 17341 1919  127 
 17342 1870  135 
 17343 1837  115 
 17344 1803  132 
 17345 1778  132 
 17346 1754  115 
 17347 1749  133 
 17348 1748  141 
 17349 1700  123 
 17350 1688  141 
 17351 1631  130 
 17352 1658  123 
 17353 1628  139 
 17354 1622  134 
 17355 1600  122 
 17356 1579  144 
 17357 1588  134 
 17358 1546  111 
 17359 1542  120 
 17360 1509  112 
 17361 1490  127 
 17362 1532  135 
 17363 1475  125 
 17364 1497  133 
 17365 1479  128 
 17366 1485  141 
 17367 1466  127 
 17368 1481  133 
 17369 1468  137 
 17370 1482  120 
 17371 1483  121 
 17372 1455  129 
 17373 1434  117 
 17374 1432  126 
 17375 1396  129 
 17376 1345  129 
 17377 1318  105 
 17378 1302  146 
 17379 1266  130 
 17380 1282  130 
 17381 1290  125 
 17382 1285  135 
 17383 1313  145 
 17384 1368  136 
 17385 1399  123 
 17386 1450  140 
 17387 1